{"/www/BUTTERNUT/butternut/bin/runButternut.js":{"path":"/www/BUTTERNUT/butternut/bin/runButternut.js","statementMap":{"0":{"start":{"line":1,"column":9},"end":{"line":1,"column":24}},"1":{"start":{"line":2,"column":11},"end":{"line":2,"column":28}},"2":{"start":{"line":3,"column":16},"end":{"line":3,"column":32}},"3":{"start":{"line":4,"column":18},"end":{"line":4,"column":47}},"4":{"start":{"line":5,"column":10},"end":{"line":5,"column":27}},"5":{"start":{"line":8,"column":16},"end":{"line":8,"column":35}},"6":{"start":{"line":9,"column":1},"end":{"line":9,"column":30}},"7":{"start":{"line":9,"column":23},"end":{"line":9,"column":30}},"8":{"start":{"line":11,"column":1},"end":{"line":11,"column":18}},"9":{"start":{"line":13,"column":1},"end":{"line":17,"column":2}},"10":{"start":{"line":14,"column":2},"end":{"line":14,"column":22}},"11":{"start":{"line":16,"column":2},"end":{"line":16,"column":41}},"12":{"start":{"line":16,"column":31},"end":{"line":16,"column":41}},"13":{"start":{"line":21,"column":1},"end":{"line":30,"column":2}},"14":{"start":{"line":22,"column":14},"end":{"line":22,"column":33}},"15":{"start":{"line":23,"column":2},"end":{"line":27,"column":3}},"16":{"start":{"line":24,"column":3},"end":{"line":24,"column":35}},"17":{"start":{"line":26,"column":3},"end":{"line":26,"column":36}},"18":{"start":{"line":29,"column":2},"end":{"line":29,"column":21}},"19":{"start":{"line":34,"column":1},"end":{"line":34,"column":68}},"20":{"start":{"line":34,"column":24},"end":{"line":34,"column":68}},"21":{"start":{"line":36,"column":1},"end":{"line":36,"column":14}},"22":{"start":{"line":38,"column":1},"end":{"line":40,"column":4}},"23":{"start":{"line":39,"column":2},"end":{"line":39,"column":75}},"24":{"start":{"line":44,"column":11},"end":{"line":44,"column":31}},"25":{"start":{"line":46,"column":1},"end":{"line":46,"column":65}},"26":{"start":{"line":46,"column":58},"end":{"line":46,"column":65}},"27":{"start":{"line":48,"column":1},"end":{"line":48,"column":51}},"28":{"start":{"line":48,"column":11},"end":{"line":48,"column":51}},"29":{"start":{"line":50,"column":14},"end":{"line":50,"column":46}},"30":{"start":{"line":51,"column":14},"end":{"line":55,"column":3}},"31":{"start":{"line":57,"column":1},"end":{"line":57,"column":30}},"32":{"start":{"line":61,"column":1},"end":{"line":70,"column":2}},"33":{"start":{"line":62,"column":2},"end":{"line":62,"column":68}},"34":{"start":{"line":63,"column":8},"end":{"line":70,"column":2}},"35":{"start":{"line":64,"column":2},"end":{"line":66,"column":3}},"36":{"start":{"line":65,"column":3},"end":{"line":65,"column":48}},"37":{"start":{"line":68,"column":2},"end":{"line":68,"column":78}},"38":{"start":{"line":69,"column":2},"end":{"line":69,"column":57}},"39":{"start":{"line":72,"column":1},"end":{"line":76,"column":2}},"40":{"start":{"line":73,"column":2},"end":{"line":73,"column":38}},"41":{"start":{"line":75,"column":2},"end":{"line":75,"column":29}},"42":{"start":{"line":79,"column":0},"end":{"line":112,"column":2}},"43":{"start":{"line":80,"column":1},"end":{"line":82,"column":2}},"44":{"start":{"line":81,"column":2},"end":{"line":81,"column":41}},"45":{"start":{"line":84,"column":1},"end":{"line":90,"column":2}},"46":{"start":{"line":85,"column":2},"end":{"line":87,"column":3}},"47":{"start":{"line":86,"column":3},"end":{"line":86,"column":53}},"48":{"start":{"line":89,"column":2},"end":{"line":89,"column":31}},"49":{"start":{"line":92,"column":1},"end":{"line":111,"column":2}},"50":{"start":{"line":93,"column":2},"end":{"line":93,"column":65}},"51":{"start":{"line":93,"column":24},"end":{"line":93,"column":65}},"52":{"start":{"line":94,"column":2},"end":{"line":94,"column":52}},"53":{"start":{"line":98,"column":2},"end":{"line":98,"column":25}},"54":{"start":{"line":99,"column":2},"end":{"line":99,"column":38}},"55":{"start":{"line":101,"column":15},"end":{"line":101,"column":17}},"56":{"start":{"line":103,"column":2},"end":{"line":105,"column":5}},"57":{"start":{"line":104,"column":3},"end":{"line":104,"column":19}},"58":{"start":{"line":107,"column":2},"end":{"line":110,"column":5}},"59":{"start":{"line":108,"column":16},"end":{"line":108,"column":42}},"60":{"start":{"line":109,"column":3},"end":{"line":109,"column":34}}},"fnMap":{"0":{"name":"mkdirp","decl":{"start":{"line":7,"column":9},"end":{"line":7,"column":15}},"loc":{"start":{"line":7,"column":24},"end":{"line":18,"column":1}},"line":7},"1":{"name":"compile","decl":{"start":{"line":20,"column":9},"end":{"line":20,"column":16}},"loc":{"start":{"line":20,"column":39},"end":{"line":31,"column":1}},"line":20},"2":{"name":"compileDir","decl":{"start":{"line":33,"column":9},"end":{"line":33,"column":19}},"loc":{"start":{"line":33,"column":42},"end":{"line":41,"column":1}},"line":33},"3":{"name":"(anonymous_3)","decl":{"start":{"line":38,"column":33},"end":{"line":38,"column":34}},"loc":{"start":{"line":38,"column":51},"end":{"line":40,"column":2}},"line":38},"4":{"name":"compileFile","decl":{"start":{"line":43,"column":9},"end":{"line":43,"column":20}},"loc":{"start":{"line":43,"column":43},"end":{"line":58,"column":1}},"line":43},"5":{"name":"write","decl":{"start":{"line":60,"column":9},"end":{"line":60,"column":14}},"loc":{"start":{"line":60,"column":39},"end":{"line":77,"column":1}},"line":60},"6":{"name":"(anonymous_6)","decl":{"start":{"line":79,"column":17},"end":{"line":79,"column":18}},"loc":{"start":{"line":79,"column":38},"end":{"line":112,"column":1}},"line":79},"7":{"name":"(anonymous_7)","decl":{"start":{"line":103,"column":28},"end":{"line":103,"column":29}},"loc":{"start":{"line":103,"column":47},"end":{"line":105,"column":3}},"line":103},"8":{"name":"(anonymous_8)","decl":{"start":{"line":107,"column":27},"end":{"line":107,"column":28}},"loc":{"start":{"line":107,"column":39},"end":{"line":110,"column":3}},"line":107}},"branchMap":{"0":{"loc":{"start":{"line":9,"column":1},"end":{"line":9,"column":30}},"type":"if","locations":[{"start":{"line":9,"column":1},"end":{"line":9,"column":30}},{"start":{"line":9,"column":1},"end":{"line":9,"column":30}}],"line":9},"1":{"loc":{"start":{"line":16,"column":2},"end":{"line":16,"column":41}},"type":"if","locations":[{"start":{"line":16,"column":2},"end":{"line":16,"column":41}},{"start":{"line":16,"column":2},"end":{"line":16,"column":41}}],"line":16},"2":{"loc":{"start":{"line":23,"column":2},"end":{"line":27,"column":3}},"type":"if","locations":[{"start":{"line":23,"column":2},"end":{"line":27,"column":3}},{"start":{"line":23,"column":2},"end":{"line":27,"column":3}}],"line":23},"3":{"loc":{"start":{"line":34,"column":1},"end":{"line":34,"column":68}},"type":"if","locations":[{"start":{"line":34,"column":1},"end":{"line":34,"column":68}},{"start":{"line":34,"column":1},"end":{"line":34,"column":68}}],"line":34},"4":{"loc":{"start":{"line":46,"column":1},"end":{"line":46,"column":65}},"type":"if","locations":[{"start":{"line":46,"column":1},"end":{"line":46,"column":65}},{"start":{"line":46,"column":1},"end":{"line":46,"column":65}}],"line":46},"5":{"loc":{"start":{"line":46,"column":6},"end":{"line":46,"column":55}},"type":"binary-expr","locations":[{"start":{"line":46,"column":6},"end":{"line":46,"column":19}},{"start":{"line":46,"column":23},"end":{"line":46,"column":37}},{"start":{"line":46,"column":41},"end":{"line":46,"column":55}}],"line":46},"6":{"loc":{"start":{"line":48,"column":1},"end":{"line":48,"column":51}},"type":"if","locations":[{"start":{"line":48,"column":1},"end":{"line":48,"column":51}},{"start":{"line":48,"column":1},"end":{"line":48,"column":51}}],"line":48},"7":{"loc":{"start":{"line":61,"column":1},"end":{"line":70,"column":2}},"type":"if","locations":[{"start":{"line":61,"column":1},"end":{"line":70,"column":2}},{"start":{"line":61,"column":1},"end":{"line":70,"column":2}}],"line":61},"8":{"loc":{"start":{"line":63,"column":8},"end":{"line":70,"column":2}},"type":"if","locations":[{"start":{"line":63,"column":8},"end":{"line":70,"column":2}},{"start":{"line":63,"column":8},"end":{"line":70,"column":2}}],"line":63},"9":{"loc":{"start":{"line":64,"column":2},"end":{"line":66,"column":3}},"type":"if","locations":[{"start":{"line":64,"column":2},"end":{"line":66,"column":3}},{"start":{"line":64,"column":2},"end":{"line":66,"column":3}}],"line":64},"10":{"loc":{"start":{"line":72,"column":1},"end":{"line":76,"column":2}},"type":"if","locations":[{"start":{"line":72,"column":1},"end":{"line":76,"column":2}},{"start":{"line":72,"column":1},"end":{"line":76,"column":2}}],"line":72},"11":{"loc":{"start":{"line":80,"column":1},"end":{"line":82,"column":2}},"type":"if","locations":[{"start":{"line":80,"column":1},"end":{"line":82,"column":2}},{"start":{"line":80,"column":1},"end":{"line":82,"column":2}}],"line":80},"12":{"loc":{"start":{"line":84,"column":1},"end":{"line":90,"column":2}},"type":"if","locations":[{"start":{"line":84,"column":1},"end":{"line":90,"column":2}},{"start":{"line":84,"column":1},"end":{"line":90,"column":2}}],"line":84},"13":{"loc":{"start":{"line":85,"column":2},"end":{"line":87,"column":3}},"type":"if","locations":[{"start":{"line":85,"column":2},"end":{"line":87,"column":3}},{"start":{"line":85,"column":2},"end":{"line":87,"column":3}}],"line":85},"14":{"loc":{"start":{"line":92,"column":1},"end":{"line":111,"column":2}},"type":"if","locations":[{"start":{"line":92,"column":1},"end":{"line":111,"column":2}},{"start":{"line":92,"column":1},"end":{"line":111,"column":2}}],"line":92},"15":{"loc":{"start":{"line":93,"column":2},"end":{"line":93,"column":65}},"type":"if","locations":[{"start":{"line":93,"column":2},"end":{"line":93,"column":65}},{"start":{"line":93,"column":2},"end":{"line":93,"column":65}}],"line":93}},"s":{"0":1,"1":1,"2":1,"3":1,"4":1,"5":2,"6":2,"7":1,"8":1,"9":1,"10":1,"11":1,"12":0,"13":1,"14":1,"15":1,"16":0,"17":1,"18":0,"19":0,"20":0,"21":0,"22":0,"23":0,"24":1,"25":1,"26":0,"27":1,"28":1,"29":1,"30":1,"31":1,"32":1,"33":0,"34":1,"35":0,"36":0,"37":0,"38":0,"39":1,"40":1,"41":0,"42":1,"43":1,"44":0,"45":1,"46":1,"47":0,"48":1,"49":1,"50":1,"51":1,"52":1,"53":0,"54":0,"55":0,"56":0,"57":0,"58":0,"59":0,"60":0},"f":{"0":2,"1":1,"2":0,"3":0,"4":1,"5":1,"6":1,"7":0,"8":0},"b":{"0":[1,1],"1":[0,1],"2":[0,1],"3":[0,0],"4":[0,1],"5":[1,0,0],"6":[1,0],"7":[0,1],"8":[0,1],"9":[0,0],"10":[1,0],"11":[0,1],"12":[1,0],"13":[0,1],"14":[1,0],"15":[1,0]},"_coverageSchema":"332fd63041d2c1bcb487cc26dd0d5f7d97098a6c","hash":"1379f8a88133e4ae0c6a8389bda0b1548a025e56","contentHash":"c5bcfcf2a80bbc61a64c03aef4a58092_10.3.2"},"/www/BUTTERNUT/butternut/dist/butternut.cjs.js":{"path":"/www/BUTTERNUT/butternut/dist/butternut.cjs.js","statementMap":{"0":{"start":{"line":3,"column":0},"end":{"line":3,"column":62}},"1":{"start":{"line":5,"column":32},"end":{"line":5,"column":112}},"2":{"start":{"line":7,"column":12},"end":{"line":7,"column":28}},"3":{"start":{"line":8,"column":18},"end":{"line":8,"column":58}},"4":{"start":{"line":9,"column":21},"end":{"line":9,"column":47}},"5":{"start":{"line":11,"column":11},"end":{"line":14,"column":1}},"6":{"start":{"line":16,"column":14},"end":{"line":16,"column":16}},"7":{"start":{"line":17,"column":13},"end":{"line":17,"column":15}},"8":{"start":{"line":18,"column":12},"end":{"line":18,"column":14}},"9":{"start":{"line":20,"column":11},"end":{"line":35,"column":1}},"10":{"start":{"line":21,"column":1},"end":{"line":21,"column":21}},"11":{"start":{"line":22,"column":1},"end":{"line":22,"column":40}},"12":{"start":{"line":23,"column":1},"end":{"line":23,"column":30}},"13":{"start":{"line":24,"column":1},"end":{"line":24,"column":29}},"14":{"start":{"line":25,"column":1},"end":{"line":25,"column":29}},"15":{"start":{"line":27,"column":1},"end":{"line":31,"column":2}},"16":{"start":{"line":28,"column":12},"end":{"line":28,"column":19}},"17":{"start":{"line":30,"column":2},"end":{"line":30,"column":26}},"18":{"start":{"line":33,"column":1},"end":{"line":33,"column":59}},"19":{"start":{"line":34,"column":1},"end":{"line":34,"column":57}},"20":{"start":{"line":37,"column":0},"end":{"line":45,"column":2}},"21":{"start":{"line":38,"column":12},"end":{"line":38,"column":16}},"22":{"start":{"line":39,"column":1},"end":{"line":42,"column":2}},"23":{"start":{"line":40,"column":2},"end":{"line":40,"column":21}},"24":{"start":{"line":41,"column":2},"end":{"line":41,"column":31}},"25":{"start":{"line":41,"column":17},"end":{"line":41,"column":29}},"26":{"start":{"line":44,"column":1},"end":{"line":44,"column":13}},"27":{"start":{"line":47,"column":0},"end":{"line":66,"column":2}},"28":{"start":{"line":48,"column":15},"end":{"line":48,"column":19}},"29":{"start":{"line":50,"column":1},"end":{"line":65,"column":2}},"30":{"start":{"line":51,"column":12},"end":{"line":51,"column":21}},"31":{"start":{"line":53,"column":15},"end":{"line":53,"column":28}},"32":{"start":{"line":55,"column":2},"end":{"line":64,"column":3}},"33":{"start":{"line":56,"column":3},"end":{"line":63,"column":4}},"34":{"start":{"line":57,"column":12},"end":{"line":57,"column":24}},"35":{"start":{"line":58,"column":4},"end":{"line":60,"column":5}},"36":{"start":{"line":59,"column":5},"end":{"line":59,"column":55}},"37":{"start":{"line":59,"column":23},"end":{"line":59,"column":53}},"38":{"start":{"line":62,"column":4},"end":{"line":62,"column":31}},"39":{"start":{"line":68,"column":0},"end":{"line":77,"column":2}},"40":{"start":{"line":69,"column":15},"end":{"line":69,"column":19}},"41":{"start":{"line":71,"column":1},"end":{"line":74,"column":2}},"42":{"start":{"line":72,"column":2},"end":{"line":72,"column":41}},"43":{"start":{"line":72,"column":27},"end":{"line":72,"column":39}},"44":{"start":{"line":73,"column":2},"end":{"line":73,"column":21}},"45":{"start":{"line":76,"column":1},"end":{"line":76,"column":14}},"46":{"start":{"line":79,"column":0},"end":{"line":81,"column":2}},"47":{"start":{"line":80,"column":1},"end":{"line":80,"column":13}},"48":{"start":{"line":83,"column":0},"end":{"line":85,"column":2}},"49":{"start":{"line":84,"column":1},"end":{"line":84,"column":10}},"50":{"start":{"line":87,"column":0},"end":{"line":89,"column":2}},"51":{"start":{"line":88,"column":1},"end":{"line":88,"column":13}},"52":{"start":{"line":91,"column":0},"end":{"line":93,"column":2}},"53":{"start":{"line":92,"column":1},"end":{"line":92,"column":16}},"54":{"start":{"line":95,"column":0},"end":{"line":114,"column":2}},"55":{"start":{"line":96,"column":15},"end":{"line":96,"column":19}},"56":{"start":{"line":98,"column":1},"end":{"line":113,"column":2}},"57":{"start":{"line":99,"column":12},"end":{"line":99,"column":21}},"58":{"start":{"line":101,"column":15},"end":{"line":101,"column":28}},"59":{"start":{"line":103,"column":2},"end":{"line":112,"column":3}},"60":{"start":{"line":104,"column":3},"end":{"line":111,"column":4}},"61":{"start":{"line":105,"column":12},"end":{"line":105,"column":24}},"62":{"start":{"line":106,"column":4},"end":{"line":108,"column":5}},"63":{"start":{"line":107,"column":5},"end":{"line":107,"column":54}},"64":{"start":{"line":107,"column":23},"end":{"line":107,"column":52}},"65":{"start":{"line":110,"column":4},"end":{"line":110,"column":30}},"66":{"start":{"line":116,"column":0},"end":{"line":135,"column":2}},"67":{"start":{"line":117,"column":15},"end":{"line":117,"column":19}},"68":{"start":{"line":119,"column":1},"end":{"line":134,"column":2}},"69":{"start":{"line":120,"column":12},"end":{"line":120,"column":21}},"70":{"start":{"line":122,"column":15},"end":{"line":122,"column":28}},"71":{"start":{"line":124,"column":2},"end":{"line":133,"column":3}},"72":{"start":{"line":125,"column":3},"end":{"line":132,"column":4}},"73":{"start":{"line":126,"column":12},"end":{"line":126,"column":24}},"74":{"start":{"line":127,"column":4},"end":{"line":129,"column":5}},"75":{"start":{"line":128,"column":5},"end":{"line":128,"column":69}},"76":{"start":{"line":128,"column":23},"end":{"line":128,"column":67}},"77":{"start":{"line":131,"column":4},"end":{"line":131,"column":45}},"78":{"start":{"line":137,"column":0},"end":{"line":156,"column":2}},"79":{"start":{"line":138,"column":15},"end":{"line":138,"column":19}},"80":{"start":{"line":140,"column":1},"end":{"line":155,"column":2}},"81":{"start":{"line":141,"column":12},"end":{"line":141,"column":21}},"82":{"start":{"line":143,"column":15},"end":{"line":143,"column":28}},"83":{"start":{"line":145,"column":2},"end":{"line":154,"column":3}},"84":{"start":{"line":146,"column":3},"end":{"line":153,"column":4}},"85":{"start":{"line":147,"column":12},"end":{"line":147,"column":24}},"86":{"start":{"line":148,"column":4},"end":{"line":150,"column":5}},"87":{"start":{"line":149,"column":5},"end":{"line":149,"column":49}},"88":{"start":{"line":149,"column":23},"end":{"line":149,"column":47}},"89":{"start":{"line":152,"column":4},"end":{"line":152,"column":25}},"90":{"start":{"line":158,"column":0},"end":{"line":163,"column":2}},"91":{"start":{"line":159,"column":1},"end":{"line":159,"column":61}},"92":{"start":{"line":159,"column":46},"end":{"line":159,"column":59}},"93":{"start":{"line":160,"column":1},"end":{"line":160,"column":88}},"94":{"start":{"line":160,"column":42},"end":{"line":160,"column":86}},"95":{"start":{"line":161,"column":1},"end":{"line":161,"column":98}},"96":{"start":{"line":161,"column":38},"end":{"line":161,"column":96}},"97":{"start":{"line":162,"column":1},"end":{"line":162,"column":13}},"98":{"start":{"line":165,"column":0},"end":{"line":167,"column":2}},"99":{"start":{"line":166,"column":1},"end":{"line":166,"column":72}},"100":{"start":{"line":169,"column":0},"end":{"line":171,"column":2}},"101":{"start":{"line":170,"column":1},"end":{"line":170,"column":63}},"102":{"start":{"line":173,"column":23},"end":{"line":231,"column":7}},"103":{"start":{"line":175,"column":2},"end":{"line":175,"column":33}},"104":{"start":{"line":178,"column":1},"end":{"line":178,"column":52}},"105":{"start":{"line":178,"column":16},"end":{"line":178,"column":52}},"106":{"start":{"line":179,"column":1},"end":{"line":179,"column":75}},"107":{"start":{"line":180,"column":1},"end":{"line":180,"column":57}},"108":{"start":{"line":182,"column":1},"end":{"line":199,"column":3}},"109":{"start":{"line":183,"column":15},"end":{"line":183,"column":19}},"110":{"start":{"line":185,"column":15},"end":{"line":185,"column":48}},"111":{"start":{"line":187,"column":2},"end":{"line":196,"column":3}},"112":{"start":{"line":188,"column":17},"end":{"line":188,"column":35}},"113":{"start":{"line":190,"column":3},"end":{"line":195,"column":4}},"114":{"start":{"line":191,"column":16},"end":{"line":191,"column":34}},"115":{"start":{"line":192,"column":4},"end":{"line":192,"column":86}},"116":{"start":{"line":192,"column":70},"end":{"line":192,"column":84}},"117":{"start":{"line":194,"column":4},"end":{"line":194,"column":22}},"118":{"start":{"line":198,"column":2},"end":{"line":198,"column":16}},"119":{"start":{"line":201,"column":1},"end":{"line":228,"column":3}},"120":{"start":{"line":202,"column":15},"end":{"line":202,"column":19}},"121":{"start":{"line":204,"column":10},"end":{"line":204,"column":20}},"122":{"start":{"line":206,"column":2},"end":{"line":225,"column":3}},"123":{"start":{"line":207,"column":16},"end":{"line":207,"column":19}},"124":{"start":{"line":208,"column":3},"end":{"line":218,"column":6}},"125":{"start":{"line":209,"column":4},"end":{"line":212,"column":5}},"126":{"start":{"line":210,"column":5},"end":{"line":210,"column":61}},"127":{"start":{"line":211,"column":5},"end":{"line":211,"column":12}},"128":{"start":{"line":214,"column":4},"end":{"line":214,"column":80}},"129":{"start":{"line":214,"column":35},"end":{"line":214,"column":78}},"130":{"start":{"line":215,"column":4},"end":{"line":215,"column":20}},"131":{"start":{"line":217,"column":4},"end":{"line":217,"column":58}},"132":{"start":{"line":220,"column":3},"end":{"line":220,"column":77}},"133":{"start":{"line":220,"column":37},"end":{"line":220,"column":75}},"134":{"start":{"line":224,"column":3},"end":{"line":224,"column":67}},"135":{"start":{"line":224,"column":29},"end":{"line":224,"column":65}},"136":{"start":{"line":227,"column":2},"end":{"line":227,"column":46}},"137":{"start":{"line":230,"column":1},"end":{"line":230,"column":24}},"138":{"start":{"line":233,"column":15},"end":{"line":233,"column":36}},"139":{"start":{"line":234,"column":0},"end":{"line":235,"column":65}},"140":{"start":{"line":235,"column":29},"end":{"line":235,"column":60}},"141":{"start":{"line":238,"column":13},"end":{"line":238,"column":33}},"142":{"start":{"line":239,"column":11},"end":{"line":239,"column":23}},"143":{"start":{"line":241,"column":17},"end":{"line":241,"column":18}},"144":{"start":{"line":244,"column":1},"end":{"line":253,"column":2}},"145":{"start":{"line":245,"column":13},"end":{"line":245,"column":21}},"146":{"start":{"line":246,"column":17},"end":{"line":246,"column":44}},"147":{"start":{"line":248,"column":2},"end":{"line":250,"column":3}},"148":{"start":{"line":249,"column":3},"end":{"line":249,"column":62}},"149":{"start":{"line":252,"column":2},"end":{"line":252,"column":22}},"150":{"start":{"line":255,"column":1},"end":{"line":255,"column":64}},"151":{"start":{"line":259,"column":14},"end":{"line":259,"column":27}},"152":{"start":{"line":260,"column":1},"end":{"line":260,"column":52}},"153":{"start":{"line":264,"column":14},"end":{"line":264,"column":16}},"154":{"start":{"line":265,"column":1},"end":{"line":265,"column":37}},"155":{"start":{"line":265,"column":21},"end":{"line":265,"column":35}},"156":{"start":{"line":266,"column":1},"end":{"line":266,"column":15}},"157":{"start":{"line":270,"column":1},"end":{"line":270,"column":37}},"158":{"start":{"line":270,"column":26},"end":{"line":270,"column":37}},"159":{"start":{"line":272,"column":13},"end":{"line":272,"column":40}},"160":{"start":{"line":273,"column":12},"end":{"line":273,"column":20}},"161":{"start":{"line":275,"column":17},"end":{"line":275,"column":38}},"162":{"start":{"line":277,"column":13},"end":{"line":277,"column":54}},"163":{"start":{"line":279,"column":16},"end":{"line":279,"column":41}},"164":{"start":{"line":280,"column":14},"end":{"line":280,"column":75}},"165":{"start":{"line":282,"column":15},"end":{"line":284,"column":15}},"166":{"start":{"line":283,"column":31},"end":{"line":283,"column":113}},"167":{"start":{"line":286,"column":1},"end":{"line":286,"column":81}},"168":{"start":{"line":288,"column":1},"end":{"line":288,"column":16}},"169":{"start":{"line":291,"column":20},"end":{"line":312,"column":8}},"170":{"start":{"line":293,"column":2},"end":{"line":293,"column":19}},"171":{"start":{"line":295,"column":15},"end":{"line":295,"column":48}},"172":{"start":{"line":296,"column":12},"end":{"line":296,"column":40}},"173":{"start":{"line":298,"column":2},"end":{"line":298,"column":29}},"174":{"start":{"line":299,"column":2},"end":{"line":299,"column":72}},"175":{"start":{"line":301,"column":2},"end":{"line":301,"column":102}},"176":{"start":{"line":303,"column":2},"end":{"line":303,"column":17}},"177":{"start":{"line":304,"column":2},"end":{"line":304,"column":66}},"178":{"start":{"line":307,"column":1},"end":{"line":307,"column":45}},"179":{"start":{"line":307,"column":14},"end":{"line":307,"column":45}},"180":{"start":{"line":308,"column":1},"end":{"line":308,"column":68}},"181":{"start":{"line":309,"column":1},"end":{"line":309,"column":51}},"182":{"start":{"line":311,"column":1},"end":{"line":311,"column":21}},"183":{"start":{"line":314,"column":15},"end":{"line":314,"column":32}},"184":{"start":{"line":316,"column":17},"end":{"line":316,"column":73}},"185":{"start":{"line":319,"column":1},"end":{"line":319,"column":25}},"186":{"start":{"line":321,"column":1},"end":{"line":321,"column":26}},"187":{"start":{"line":323,"column":1},"end":{"line":323,"column":30}},"188":{"start":{"line":324,"column":1},"end":{"line":324,"column":37}},"189":{"start":{"line":326,"column":13},"end":{"line":326,"column":17}},"190":{"start":{"line":327,"column":1},"end":{"line":327,"column":55}},"191":{"start":{"line":327,"column":32},"end":{"line":327,"column":53}},"192":{"start":{"line":328,"column":1},"end":{"line":328,"column":28}},"193":{"start":{"line":330,"column":1},"end":{"line":330,"column":23}},"194":{"start":{"line":331,"column":1},"end":{"line":331,"column":43}},"195":{"start":{"line":332,"column":1},"end":{"line":332,"column":41}},"196":{"start":{"line":333,"column":1},"end":{"line":333,"column":81}},"197":{"start":{"line":334,"column":1},"end":{"line":334,"column":38}},"198":{"start":{"line":336,"column":1},"end":{"line":336,"column":24}},"199":{"start":{"line":339,"column":0},"end":{"line":496,"column":2}},"200":{"start":{"line":341,"column":2},"end":{"line":341,"column":31}},"201":{"start":{"line":342,"column":2},"end":{"line":342,"column":55}},"202":{"start":{"line":342,"column":23},"end":{"line":342,"column":53}},"203":{"start":{"line":346,"column":2},"end":{"line":349,"column":3}},"204":{"start":{"line":347,"column":3},"end":{"line":347,"column":50}},"205":{"start":{"line":348,"column":3},"end":{"line":348,"column":10}},"206":{"start":{"line":351,"column":13},"end":{"line":351,"column":28}},"207":{"start":{"line":353,"column":28},"end":{"line":353,"column":53}},"208":{"start":{"line":354,"column":2},"end":{"line":378,"column":3}},"209":{"start":{"line":355,"column":3},"end":{"line":358,"column":4}},"210":{"start":{"line":357,"column":4},"end":{"line":357,"column":74}},"211":{"start":{"line":363,"column":3},"end":{"line":377,"column":4}},"212":{"start":{"line":364,"column":4},"end":{"line":364,"column":52}},"213":{"start":{"line":368,"column":4},"end":{"line":368,"column":34}},"214":{"start":{"line":370,"column":4},"end":{"line":374,"column":5}},"215":{"start":{"line":371,"column":5},"end":{"line":371,"column":27}},"216":{"start":{"line":373,"column":5},"end":{"line":373,"column":55}},"217":{"start":{"line":376,"column":4},"end":{"line":376,"column":11}},"218":{"start":{"line":380,"column":20},"end":{"line":387,"column":3}},"219":{"start":{"line":389,"column":2},"end":{"line":389,"column":42}},"220":{"start":{"line":391,"column":2},"end":{"line":394,"column":3}},"221":{"start":{"line":392,"column":3},"end":{"line":392,"column":122}},"222":{"start":{"line":392,"column":64},"end":{"line":392,"column":120}},"223":{"start":{"line":393,"column":3},"end":{"line":393,"column":74}},"224":{"start":{"line":396,"column":2},"end":{"line":398,"column":3}},"225":{"start":{"line":397,"column":3},"end":{"line":397,"column":44}},"226":{"start":{"line":400,"column":2},"end":{"line":402,"column":3}},"227":{"start":{"line":401,"column":3},"end":{"line":401,"column":25}},"228":{"start":{"line":406,"column":20},"end":{"line":406,"column":56}},"229":{"start":{"line":407,"column":2},"end":{"line":427,"column":3}},"230":{"start":{"line":408,"column":3},"end":{"line":408,"column":44}},"231":{"start":{"line":410,"column":3},"end":{"line":423,"column":4}},"232":{"start":{"line":411,"column":4},"end":{"line":411,"column":33}},"233":{"start":{"line":414,"column":4},"end":{"line":414,"column":32}},"234":{"start":{"line":415,"column":4},"end":{"line":417,"column":7}},"235":{"start":{"line":416,"column":5},"end":{"line":416,"column":21}},"236":{"start":{"line":425,"column":3},"end":{"line":425,"column":45}},"237":{"start":{"line":426,"column":3},"end":{"line":426,"column":65}},"238":{"start":{"line":426,"column":24},"end":{"line":426,"column":63}},"239":{"start":{"line":431,"column":2},"end":{"line":432,"column":64}},"240":{"start":{"line":436,"column":2},"end":{"line":436,"column":88}},"241":{"start":{"line":440,"column":15},"end":{"line":440,"column":19}},"242":{"start":{"line":444,"column":2},"end":{"line":458,"column":49}},"243":{"start":{"line":445,"column":3},"end":{"line":445,"column":85}},"244":{"start":{"line":445,"column":48},"end":{"line":445,"column":69}},"245":{"start":{"line":447,"column":11},"end":{"line":447,"column":34}},"246":{"start":{"line":448,"column":3},"end":{"line":457,"column":4}},"247":{"start":{"line":449,"column":4},"end":{"line":449,"column":29}},"248":{"start":{"line":450,"column":4},"end":{"line":456,"column":5}},"249":{"start":{"line":451,"column":5},"end":{"line":451,"column":29}},"250":{"start":{"line":453,"column":5},"end":{"line":453,"column":51}},"251":{"start":{"line":453,"column":22},"end":{"line":453,"column":49}},"252":{"start":{"line":455,"column":5},"end":{"line":455,"column":11}},"253":{"start":{"line":460,"column":2},"end":{"line":460,"column":15}},"254":{"start":{"line":464,"column":2},"end":{"line":465,"column":64}},"255":{"start":{"line":469,"column":15},"end":{"line":469,"column":19}},"256":{"start":{"line":471,"column":2},"end":{"line":471,"column":33}},"257":{"start":{"line":471,"column":24},"end":{"line":471,"column":31}},"258":{"start":{"line":473,"column":13},"end":{"line":473,"column":34}},"259":{"start":{"line":475,"column":2},"end":{"line":478,"column":5}},"260":{"start":{"line":476,"column":21},"end":{"line":476,"column":80}},"261":{"start":{"line":477,"column":3},"end":{"line":477,"column":62}},"262":{"start":{"line":480,"column":2},"end":{"line":494,"column":5}},"263":{"start":{"line":481,"column":21},"end":{"line":481,"column":48}},"264":{"start":{"line":482,"column":3},"end":{"line":482,"column":55}},"265":{"start":{"line":484,"column":3},"end":{"line":493,"column":6}},"266":{"start":{"line":486,"column":4},"end":{"line":486,"column":131}},"267":{"start":{"line":486,"column":122},"end":{"line":486,"column":129}},"268":{"start":{"line":488,"column":22},"end":{"line":490,"column":22}},"269":{"start":{"line":492,"column":4},"end":{"line":492,"column":70}},"270":{"start":{"line":499,"column":13},"end":{"line":499,"column":15}},"271":{"start":{"line":500,"column":1},"end":{"line":500,"column":40}},"272":{"start":{"line":501,"column":1},"end":{"line":501,"column":14}},"273":{"start":{"line":504,"column":17},"end":{"line":532,"column":1}},"274":{"start":{"line":506,"column":2},"end":{"line":506,"column":21}},"275":{"start":{"line":510,"column":2},"end":{"line":514,"column":3}},"276":{"start":{"line":511,"column":14},"end":{"line":511,"column":21}},"277":{"start":{"line":513,"column":3},"end":{"line":513,"column":54}},"278":{"start":{"line":518,"column":2},"end":{"line":522,"column":3}},"279":{"start":{"line":519,"column":17},"end":{"line":519,"column":24}},"280":{"start":{"line":521,"column":3},"end":{"line":521,"column":67}},"281":{"start":{"line":521,"column":20},"end":{"line":521,"column":65}},"282":{"start":{"line":526,"column":2},"end":{"line":526,"column":59}},"283":{"start":{"line":530,"column":2},"end":{"line":530,"column":51}},"284":{"start":{"line":534,"column":20},"end":{"line":630,"column":7}},"285":{"start":{"line":536,"column":2},"end":{"line":536,"column":33}},"286":{"start":{"line":539,"column":1},"end":{"line":539,"column":49}},"287":{"start":{"line":539,"column":16},"end":{"line":539,"column":49}},"288":{"start":{"line":540,"column":1},"end":{"line":540,"column":72}},"289":{"start":{"line":541,"column":1},"end":{"line":541,"column":51}},"290":{"start":{"line":543,"column":1},"end":{"line":573,"column":3}},"291":{"start":{"line":544,"column":15},"end":{"line":544,"column":19}},"292":{"start":{"line":546,"column":2},"end":{"line":549,"column":5}},"293":{"start":{"line":551,"column":2},"end":{"line":561,"column":3}},"294":{"start":{"line":552,"column":3},"end":{"line":552,"column":30}},"295":{"start":{"line":555,"column":3},"end":{"line":560,"column":4}},"296":{"start":{"line":556,"column":4},"end":{"line":556,"column":53}},"297":{"start":{"line":557,"column":4},"end":{"line":557,"column":39}},"298":{"start":{"line":559,"column":4},"end":{"line":559,"column":49}},"299":{"start":{"line":563,"column":2},"end":{"line":568,"column":5}},"300":{"start":{"line":564,"column":3},"end":{"line":567,"column":6}},"301":{"start":{"line":565,"column":4},"end":{"line":565,"column":30}},"302":{"start":{"line":566,"column":4},"end":{"line":566,"column":49}},"303":{"start":{"line":570,"column":2},"end":{"line":572,"column":5}},"304":{"start":{"line":571,"column":3},"end":{"line":571,"column":36}},"305":{"start":{"line":575,"column":1},"end":{"line":577,"column":3}},"306":{"start":{"line":579,"column":1},"end":{"line":627,"column":3}},"307":{"start":{"line":580,"column":15},"end":{"line":580,"column":19}},"308":{"start":{"line":582,"column":2},"end":{"line":582,"column":28}},"309":{"start":{"line":584,"column":10},"end":{"line":584,"column":20}},"310":{"start":{"line":587,"column":2},"end":{"line":609,"column":3}},"311":{"start":{"line":589,"column":3},"end":{"line":589,"column":20}},"312":{"start":{"line":593,"column":3},"end":{"line":593,"column":44}},"313":{"start":{"line":595,"column":3},"end":{"line":599,"column":4}},"314":{"start":{"line":596,"column":4},"end":{"line":596,"column":11}},"315":{"start":{"line":597,"column":4},"end":{"line":597,"column":50}},"316":{"start":{"line":597,"column":41},"end":{"line":597,"column":48}},"317":{"start":{"line":598,"column":4},"end":{"line":598,"column":67}},"318":{"start":{"line":598,"column":32},"end":{"line":598,"column":65}},"319":{"start":{"line":601,"column":3},"end":{"line":601,"column":10}},"320":{"start":{"line":603,"column":3},"end":{"line":608,"column":4}},"321":{"start":{"line":604,"column":4},"end":{"line":604,"column":11}},"322":{"start":{"line":606,"column":4},"end":{"line":606,"column":65}},"323":{"start":{"line":606,"column":31},"end":{"line":606,"column":63}},"324":{"start":{"line":607,"column":4},"end":{"line":607,"column":20}},"325":{"start":{"line":611,"column":2},"end":{"line":624,"column":3}},"326":{"start":{"line":612,"column":3},"end":{"line":617,"column":4}},"327":{"start":{"line":613,"column":16},"end":{"line":613,"column":32}},"328":{"start":{"line":615,"column":4},"end":{"line":615,"column":90}},"329":{"start":{"line":615,"column":33},"end":{"line":615,"column":88}},"330":{"start":{"line":616,"column":4},"end":{"line":616,"column":18}},"331":{"start":{"line":619,"column":3},"end":{"line":619,"column":73}},"332":{"start":{"line":619,"column":29},"end":{"line":619,"column":71}},"333":{"start":{"line":622,"column":7},"end":{"line":624,"column":3}},"334":{"start":{"line":623,"column":3},"end":{"line":623,"column":60}},"335":{"start":{"line":626,"column":2},"end":{"line":626,"column":46}},"336":{"start":{"line":629,"column":1},"end":{"line":629,"column":21}},"337":{"start":{"line":632,"column":31},"end":{"line":702,"column":15}},"338":{"start":{"line":634,"column":2},"end":{"line":634,"column":41}},"339":{"start":{"line":637,"column":1},"end":{"line":637,"column":76}},"340":{"start":{"line":637,"column":24},"end":{"line":637,"column":76}},"341":{"start":{"line":638,"column":1},"end":{"line":638,"column":99}},"342":{"start":{"line":639,"column":1},"end":{"line":639,"column":73}},"343":{"start":{"line":641,"column":1},"end":{"line":643,"column":3}},"344":{"start":{"line":642,"column":2},"end":{"line":642,"column":64}},"345":{"start":{"line":645,"column":1},"end":{"line":647,"column":3}},"346":{"start":{"line":649,"column":1},"end":{"line":699,"column":3}},"347":{"start":{"line":650,"column":2},"end":{"line":650,"column":28}},"348":{"start":{"line":652,"column":10},"end":{"line":652,"column":20}},"349":{"start":{"line":653,"column":2},"end":{"line":653,"column":31}},"350":{"start":{"line":653,"column":22},"end":{"line":653,"column":29}},"351":{"start":{"line":655,"column":2},"end":{"line":696,"column":3}},"352":{"start":{"line":656,"column":3},"end":{"line":658,"column":4}},"353":{"start":{"line":657,"column":4},"end":{"line":657,"column":49}},"354":{"start":{"line":661,"column":7},"end":{"line":696,"column":3}},"355":{"start":{"line":662,"column":3},"end":{"line":662,"column":33}},"356":{"start":{"line":664,"column":3},"end":{"line":683,"column":4}},"357":{"start":{"line":666,"column":4},"end":{"line":670,"column":5}},"358":{"start":{"line":667,"column":5},"end":{"line":667,"column":52}},"359":{"start":{"line":669,"column":5},"end":{"line":669,"column":44}},"360":{"start":{"line":672,"column":4},"end":{"line":674,"column":5}},"361":{"start":{"line":673,"column":5},"end":{"line":673,"column":65}},"362":{"start":{"line":676,"column":4},"end":{"line":678,"column":5}},"363":{"start":{"line":677,"column":5},"end":{"line":677,"column":48}},"364":{"start":{"line":680,"column":4},"end":{"line":682,"column":5}},"365":{"start":{"line":681,"column":5},"end":{"line":681,"column":66}},"366":{"start":{"line":687,"column":3},"end":{"line":691,"column":6}},"367":{"start":{"line":688,"column":4},"end":{"line":688,"column":25}},"368":{"start":{"line":689,"column":4},"end":{"line":689,"column":83}},"369":{"start":{"line":689,"column":33},"end":{"line":689,"column":81}},"370":{"start":{"line":690,"column":4},"end":{"line":690,"column":18}},"371":{"start":{"line":693,"column":3},"end":{"line":695,"column":4}},"372":{"start":{"line":694,"column":4},"end":{"line":694,"column":48}},"373":{"start":{"line":698,"column":2},"end":{"line":698,"column":27}},"374":{"start":{"line":701,"column":1},"end":{"line":701,"column":32}},"375":{"start":{"line":704,"column":18},"end":{"line":704,"column":20}},"376":{"start":{"line":707,"column":0},"end":{"line":711,"column":1}},"377":{"start":{"line":708,"column":16},"end":{"line":708,"column":23}},"378":{"start":{"line":710,"column":1},"end":{"line":710,"column":32}},"379":{"start":{"line":713,"column":28},"end":{"line":770,"column":7}},"380":{"start":{"line":715,"column":2},"end":{"line":715,"column":33}},"381":{"start":{"line":718,"column":1},"end":{"line":718,"column":57}},"382":{"start":{"line":718,"column":16},"end":{"line":718,"column":57}},"383":{"start":{"line":719,"column":1},"end":{"line":719,"column":80}},"384":{"start":{"line":720,"column":1},"end":{"line":720,"column":67}},"385":{"start":{"line":722,"column":1},"end":{"line":724,"column":3}},"386":{"start":{"line":723,"column":2},"end":{"line":723,"column":37}},"387":{"start":{"line":726,"column":1},"end":{"line":728,"column":3}},"388":{"start":{"line":727,"column":2},"end":{"line":727,"column":11}},"389":{"start":{"line":730,"column":1},"end":{"line":739,"column":3}},"390":{"start":{"line":731,"column":2},"end":{"line":736,"column":3}},"391":{"start":{"line":732,"column":21},"end":{"line":732,"column":60}},"392":{"start":{"line":733,"column":3},"end":{"line":735,"column":4}},"393":{"start":{"line":734,"column":4},"end":{"line":734,"column":78}},"394":{"start":{"line":738,"column":2},"end":{"line":738,"column":51}},"395":{"start":{"line":741,"column":1},"end":{"line":767,"column":3}},"396":{"start":{"line":742,"column":2},"end":{"line":744,"column":3}},"397":{"start":{"line":743,"column":3},"end":{"line":743,"column":68}},"398":{"start":{"line":747,"column":2},"end":{"line":764,"column":3}},"399":{"start":{"line":748,"column":3},"end":{"line":754,"column":4}},"400":{"start":{"line":749,"column":4},"end":{"line":749,"column":58}},"401":{"start":{"line":750,"column":4},"end":{"line":750,"column":60}},"402":{"start":{"line":752,"column":4},"end":{"line":752,"column":36}},"403":{"start":{"line":753,"column":4},"end":{"line":753,"column":11}},"404":{"start":{"line":757,"column":3},"end":{"line":763,"column":4}},"405":{"start":{"line":758,"column":4},"end":{"line":758,"column":58}},"406":{"start":{"line":759,"column":4},"end":{"line":759,"column":55}},"407":{"start":{"line":761,"column":4},"end":{"line":761,"column":35}},"408":{"start":{"line":762,"column":4},"end":{"line":762,"column":11}},"409":{"start":{"line":766,"column":2},"end":{"line":766,"column":46}},"410":{"start":{"line":769,"column":1},"end":{"line":769,"column":29}},"411":{"start":{"line":773,"column":1},"end":{"line":773,"column":52}},"412":{"start":{"line":773,"column":38},"end":{"line":773,"column":50}},"413":{"start":{"line":774,"column":1},"end":{"line":774,"column":50}},"414":{"start":{"line":774,"column":36},"end":{"line":774,"column":48}},"415":{"start":{"line":776,"column":1},"end":{"line":776,"column":41}},"416":{"start":{"line":776,"column":26},"end":{"line":776,"column":39}},"417":{"start":{"line":777,"column":1},"end":{"line":777,"column":39}},"418":{"start":{"line":777,"column":25},"end":{"line":777,"column":37}},"419":{"start":{"line":778,"column":1},"end":{"line":778,"column":40}},"420":{"start":{"line":778,"column":26},"end":{"line":778,"column":38}},"421":{"start":{"line":779,"column":1},"end":{"line":779,"column":48}},"422":{"start":{"line":779,"column":30},"end":{"line":779,"column":46}},"423":{"start":{"line":784,"column":1},"end":{"line":784,"column":48}},"424":{"start":{"line":784,"column":34},"end":{"line":784,"column":46}},"425":{"start":{"line":785,"column":1},"end":{"line":787,"column":35}},"426":{"start":{"line":791,"column":1},"end":{"line":791,"column":37}},"427":{"start":{"line":794,"column":18},"end":{"line":817,"column":1}},"428":{"start":{"line":795,"column":28},"end":{"line":795,"column":52}},"429":{"start":{"line":796,"column":28},"end":{"line":796,"column":41}},"430":{"start":{"line":797,"column":28},"end":{"line":797,"column":41}},"431":{"start":{"line":798,"column":28},"end":{"line":798,"column":41}},"432":{"start":{"line":799,"column":28},"end":{"line":799,"column":41}},"433":{"start":{"line":800,"column":28},"end":{"line":800,"column":41}},"434":{"start":{"line":801,"column":28},"end":{"line":801,"column":42}},"435":{"start":{"line":802,"column":28},"end":{"line":802,"column":42}},"436":{"start":{"line":803,"column":28},"end":{"line":803,"column":43}},"437":{"start":{"line":804,"column":28},"end":{"line":804,"column":41}},"438":{"start":{"line":805,"column":28},"end":{"line":805,"column":42}},"439":{"start":{"line":806,"column":28},"end":{"line":806,"column":41}},"440":{"start":{"line":807,"column":28},"end":{"line":807,"column":42}},"441":{"start":{"line":808,"column":28},"end":{"line":808,"column":42}},"442":{"start":{"line":809,"column":28},"end":{"line":809,"column":42}},"443":{"start":{"line":810,"column":28},"end":{"line":810,"column":43}},"444":{"start":{"line":811,"column":28},"end":{"line":811,"column":43}},"445":{"start":{"line":812,"column":28},"end":{"line":812,"column":41}},"446":{"start":{"line":813,"column":28},"end":{"line":813,"column":41}},"447":{"start":{"line":814,"column":28},"end":{"line":814,"column":41}},"448":{"start":{"line":815,"column":28},"end":{"line":815,"column":42}},"449":{"start":{"line":816,"column":33},"end":{"line":816,"column":55}},"450":{"start":{"line":819,"column":33},"end":{"line":819,"column":35}},"451":{"start":{"line":820,"column":0},"end":{"line":834,"column":3}},"452":{"start":{"line":830,"column":18},"end":{"line":830,"column":24}},"453":{"start":{"line":831,"column":17},"end":{"line":831,"column":23}},"454":{"start":{"line":833,"column":1},"end":{"line":833,"column":119}},"455":{"start":{"line":833,"column":55},"end":{"line":833,"column":114}},"456":{"start":{"line":836,"column":24},"end":{"line":894,"column":7}},"457":{"start":{"line":838,"column":2},"end":{"line":838,"column":33}},"458":{"start":{"line":841,"column":1},"end":{"line":841,"column":53}},"459":{"start":{"line":841,"column":16},"end":{"line":841,"column":53}},"460":{"start":{"line":842,"column":1},"end":{"line":842,"column":76}},"461":{"start":{"line":843,"column":1},"end":{"line":843,"column":59}},"462":{"start":{"line":845,"column":1},"end":{"line":847,"column":3}},"463":{"start":{"line":846,"column":2},"end":{"line":846,"column":37}},"464":{"start":{"line":849,"column":1},"end":{"line":856,"column":3}},"465":{"start":{"line":850,"column":13},"end":{"line":850,"column":33}},"466":{"start":{"line":851,"column":14},"end":{"line":851,"column":35}},"467":{"start":{"line":853,"column":2},"end":{"line":853,"column":102}},"468":{"start":{"line":853,"column":49},"end":{"line":853,"column":100}},"469":{"start":{"line":855,"column":2},"end":{"line":855,"column":12}},"470":{"start":{"line":858,"column":1},"end":{"line":865,"column":3}},"471":{"start":{"line":859,"column":13},"end":{"line":859,"column":33}},"472":{"start":{"line":860,"column":14},"end":{"line":860,"column":35}},"473":{"start":{"line":862,"column":2},"end":{"line":862,"column":66}},"474":{"start":{"line":862,"column":49},"end":{"line":862,"column":64}},"475":{"start":{"line":864,"column":2},"end":{"line":864,"column":53}},"476":{"start":{"line":867,"column":1},"end":{"line":891,"column":3}},"477":{"start":{"line":868,"column":14},"end":{"line":868,"column":29}},"478":{"start":{"line":870,"column":2},"end":{"line":890,"column":3}},"479":{"start":{"line":871,"column":3},"end":{"line":871,"column":62}},"480":{"start":{"line":875,"column":18},"end":{"line":875,"column":31}},"481":{"start":{"line":877,"column":3},"end":{"line":883,"column":4}},"482":{"start":{"line":879,"column":4},"end":{"line":879,"column":30}},"483":{"start":{"line":880,"column":10},"end":{"line":883,"column":4}},"484":{"start":{"line":882,"column":4},"end":{"line":882,"column":36}},"485":{"start":{"line":885,"column":3},"end":{"line":887,"column":4}},"486":{"start":{"line":886,"column":4},"end":{"line":886,"column":64}},"487":{"start":{"line":889,"column":3},"end":{"line":889,"column":47}},"488":{"start":{"line":893,"column":1},"end":{"line":893,"column":25}},"489":{"start":{"line":896,"column":20},"end":{"line":923,"column":1}},"490":{"start":{"line":925,"column":22},"end":{"line":1004,"column":7}},"491":{"start":{"line":927,"column":2},"end":{"line":927,"column":33}},"492":{"start":{"line":930,"column":1},"end":{"line":930,"column":51}},"493":{"start":{"line":930,"column":16},"end":{"line":930,"column":51}},"494":{"start":{"line":931,"column":1},"end":{"line":931,"column":74}},"495":{"start":{"line":932,"column":1},"end":{"line":932,"column":55}},"496":{"start":{"line":934,"column":1},"end":{"line":936,"column":3}},"497":{"start":{"line":935,"column":2},"end":{"line":935,"column":12}},"498":{"start":{"line":938,"column":1},"end":{"line":963,"column":3}},"499":{"start":{"line":939,"column":15},"end":{"line":939,"column":19}},"500":{"start":{"line":941,"column":20},"end":{"line":941,"column":42}},"501":{"start":{"line":943,"column":2},"end":{"line":943,"column":62}},"502":{"start":{"line":943,"column":45},"end":{"line":943,"column":60}},"503":{"start":{"line":944,"column":2},"end":{"line":944,"column":67}},"504":{"start":{"line":944,"column":50},"end":{"line":944,"column":65}},"505":{"start":{"line":946,"column":21},"end":{"line":948,"column":7}},"506":{"start":{"line":950,"column":23},"end":{"line":950,"column":57}},"507":{"start":{"line":951,"column":2},"end":{"line":960,"column":3}},"508":{"start":{"line":952,"column":18},"end":{"line":952,"column":37}},"509":{"start":{"line":954,"column":3},"end":{"line":959,"column":4}},"510":{"start":{"line":955,"column":16},"end":{"line":955,"column":35}},"511":{"start":{"line":956,"column":4},"end":{"line":956,"column":87}},"512":{"start":{"line":956,"column":70},"end":{"line":956,"column":85}},"513":{"start":{"line":958,"column":4},"end":{"line":958,"column":30}},"514":{"start":{"line":962,"column":2},"end":{"line":962,"column":59}},"515":{"start":{"line":965,"column":1},"end":{"line":967,"column":3}},"516":{"start":{"line":966,"column":2},"end":{"line":966,"column":51}},"517":{"start":{"line":969,"column":1},"end":{"line":1001,"column":3}},"518":{"start":{"line":970,"column":15},"end":{"line":970,"column":19}},"519":{"start":{"line":972,"column":14},"end":{"line":972,"column":29}},"520":{"start":{"line":974,"column":2},"end":{"line":981,"column":3}},"521":{"start":{"line":975,"column":13},"end":{"line":975,"column":31}},"522":{"start":{"line":977,"column":3},"end":{"line":980,"column":4}},"523":{"start":{"line":978,"column":4},"end":{"line":978,"column":48}},"524":{"start":{"line":979,"column":4},"end":{"line":979,"column":11}},"525":{"start":{"line":983,"column":2},"end":{"line":998,"column":3}},"526":{"start":{"line":984,"column":18},"end":{"line":984,"column":29}},"527":{"start":{"line":986,"column":3},"end":{"line":991,"column":4}},"528":{"start":{"line":987,"column":19},"end":{"line":987,"column":38}},"529":{"start":{"line":989,"column":4},"end":{"line":989,"column":111}},"530":{"start":{"line":989,"column":47},"end":{"line":989,"column":109}},"531":{"start":{"line":990,"column":4},"end":{"line":990,"column":24}},"532":{"start":{"line":993,"column":3},"end":{"line":993,"column":88}},"533":{"start":{"line":993,"column":40},"end":{"line":993,"column":86}},"534":{"start":{"line":996,"column":7},"end":{"line":998,"column":3}},"535":{"start":{"line":997,"column":3},"end":{"line":997,"column":53}},"536":{"start":{"line":1000,"column":2},"end":{"line":1000,"column":46}},"537":{"start":{"line":1003,"column":1},"end":{"line":1003,"column":23}},"538":{"start":{"line":1006,"column":19},"end":{"line":1055,"column":7}},"539":{"start":{"line":1008,"column":2},"end":{"line":1008,"column":33}},"540":{"start":{"line":1011,"column":1},"end":{"line":1011,"column":48}},"541":{"start":{"line":1011,"column":16},"end":{"line":1011,"column":48}},"542":{"start":{"line":1012,"column":1},"end":{"line":1012,"column":71}},"543":{"start":{"line":1013,"column":1},"end":{"line":1013,"column":49}},"544":{"start":{"line":1015,"column":1},"end":{"line":1034,"column":3}},"545":{"start":{"line":1016,"column":15},"end":{"line":1016,"column":19}},"546":{"start":{"line":1018,"column":2},"end":{"line":1021,"column":5}},"547":{"start":{"line":1023,"column":2},"end":{"line":1025,"column":5}},"548":{"start":{"line":1024,"column":3},"end":{"line":1024,"column":48}},"549":{"start":{"line":1027,"column":2},"end":{"line":1029,"column":3}},"550":{"start":{"line":1028,"column":3},"end":{"line":1028,"column":51}},"551":{"start":{"line":1031,"column":2},"end":{"line":1033,"column":3}},"552":{"start":{"line":1032,"column":3},"end":{"line":1032,"column":44}},"553":{"start":{"line":1036,"column":1},"end":{"line":1038,"column":3}},"554":{"start":{"line":1037,"column":2},"end":{"line":1037,"column":56}},"555":{"start":{"line":1040,"column":1},"end":{"line":1052,"column":3}},"556":{"start":{"line":1041,"column":2},"end":{"line":1041,"column":28}},"557":{"start":{"line":1043,"column":2},"end":{"line":1045,"column":3}},"558":{"start":{"line":1044,"column":3},"end":{"line":1044,"column":59}},"559":{"start":{"line":1047,"column":2},"end":{"line":1049,"column":3}},"560":{"start":{"line":1048,"column":3},"end":{"line":1048,"column":58}},"561":{"start":{"line":1051,"column":2},"end":{"line":1051,"column":46}},"562":{"start":{"line":1054,"column":1},"end":{"line":1054,"column":20}},"563":{"start":{"line":1058,"column":1},"end":{"line":1058,"column":38}},"564":{"start":{"line":1058,"column":29},"end":{"line":1058,"column":36}},"565":{"start":{"line":1060,"column":17},"end":{"line":1060,"column":60}},"566":{"start":{"line":1062,"column":1},"end":{"line":1076,"column":2}},"567":{"start":{"line":1063,"column":15},"end":{"line":1063,"column":157}},"568":{"start":{"line":1064,"column":2},"end":{"line":1064,"column":126}},"569":{"start":{"line":1064,"column":63},"end":{"line":1064,"column":124}},"570":{"start":{"line":1066,"column":15},"end":{"line":1066,"column":59}},"571":{"start":{"line":1067,"column":2},"end":{"line":1067,"column":134}},"572":{"start":{"line":1067,"column":67},"end":{"line":1067,"column":132}},"573":{"start":{"line":1070,"column":6},"end":{"line":1076,"column":2}},"574":{"start":{"line":1071,"column":2},"end":{"line":1071,"column":125}},"575":{"start":{"line":1071,"column":55},"end":{"line":1071,"column":123}},"576":{"start":{"line":1075,"column":2},"end":{"line":1075,"column":56}},"577":{"start":{"line":1079,"column":17},"end":{"line":1116,"column":7}},"578":{"start":{"line":1081,"column":2},"end":{"line":1081,"column":33}},"579":{"start":{"line":1084,"column":1},"end":{"line":1084,"column":46}},"580":{"start":{"line":1084,"column":16},"end":{"line":1084,"column":46}},"581":{"start":{"line":1085,"column":1},"end":{"line":1085,"column":69}},"582":{"start":{"line":1086,"column":1},"end":{"line":1086,"column":45}},"583":{"start":{"line":1088,"column":1},"end":{"line":1094,"column":3}},"584":{"start":{"line":1089,"column":15},"end":{"line":1089,"column":19}},"585":{"start":{"line":1091,"column":2},"end":{"line":1093,"column":3}},"586":{"start":{"line":1092,"column":3},"end":{"line":1092,"column":46}},"587":{"start":{"line":1096,"column":1},"end":{"line":1113,"column":3}},"588":{"start":{"line":1097,"column":15},"end":{"line":1097,"column":19}},"589":{"start":{"line":1099,"column":10},"end":{"line":1099,"column":24}},"590":{"start":{"line":1101,"column":2},"end":{"line":1108,"column":3}},"591":{"start":{"line":1102,"column":16},"end":{"line":1102,"column":30}},"592":{"start":{"line":1103,"column":3},"end":{"line":1103,"column":62}},"593":{"start":{"line":1103,"column":29},"end":{"line":1103,"column":60}},"594":{"start":{"line":1105,"column":3},"end":{"line":1105,"column":44}},"595":{"start":{"line":1107,"column":3},"end":{"line":1107,"column":18}},"596":{"start":{"line":1110,"column":2},"end":{"line":1110,"column":61}},"597":{"start":{"line":1110,"column":28},"end":{"line":1110,"column":59}},"598":{"start":{"line":1112,"column":2},"end":{"line":1112,"column":46}},"599":{"start":{"line":1115,"column":1},"end":{"line":1115,"column":18}},"600":{"start":{"line":1118,"column":13},"end":{"line":1152,"column":7}},"601":{"start":{"line":1120,"column":2},"end":{"line":1120,"column":33}},"602":{"start":{"line":1123,"column":1},"end":{"line":1123,"column":42}},"603":{"start":{"line":1123,"column":16},"end":{"line":1123,"column":42}},"604":{"start":{"line":1124,"column":1},"end":{"line":1124,"column":65}},"605":{"start":{"line":1125,"column":1},"end":{"line":1125,"column":37}},"606":{"start":{"line":1127,"column":1},"end":{"line":1149,"column":3}},"607":{"start":{"line":1128,"column":10},"end":{"line":1128,"column":88}},"608":{"start":{"line":1130,"column":2},"end":{"line":1144,"column":3}},"609":{"start":{"line":1131,"column":3},"end":{"line":1133,"column":4}},"610":{"start":{"line":1132,"column":4},"end":{"line":1132,"column":49}},"611":{"start":{"line":1135,"column":3},"end":{"line":1139,"column":4}},"612":{"start":{"line":1136,"column":4},"end":{"line":1138,"column":5}},"613":{"start":{"line":1137,"column":5},"end":{"line":1137,"column":71}},"614":{"start":{"line":1140,"column":9},"end":{"line":1144,"column":3}},"615":{"start":{"line":1141,"column":3},"end":{"line":1143,"column":4}},"616":{"start":{"line":1142,"column":4},"end":{"line":1142,"column":72}},"617":{"start":{"line":1146,"column":2},"end":{"line":1146,"column":67}},"618":{"start":{"line":1146,"column":31},"end":{"line":1146,"column":65}},"619":{"start":{"line":1148,"column":2},"end":{"line":1148,"column":46}},"620":{"start":{"line":1151,"column":1},"end":{"line":1151,"column":14}},"621":{"start":{"line":1154,"column":24},"end":{"line":1202,"column":8}},"622":{"start":{"line":1156,"column":2},"end":{"line":1156,"column":34}},"623":{"start":{"line":1159,"column":1},"end":{"line":1159,"column":55}},"624":{"start":{"line":1159,"column":17},"end":{"line":1159,"column":55}},"625":{"start":{"line":1160,"column":1},"end":{"line":1160,"column":78}},"626":{"start":{"line":1161,"column":1},"end":{"line":1161,"column":59}},"627":{"start":{"line":1163,"column":1},"end":{"line":1177,"column":3}},"628":{"start":{"line":1164,"column":2},"end":{"line":1170,"column":3}},"629":{"start":{"line":1168,"column":3},"end":{"line":1168,"column":30}},"630":{"start":{"line":1169,"column":3},"end":{"line":1169,"column":10}},"631":{"start":{"line":1172,"column":2},"end":{"line":1172,"column":35}},"632":{"start":{"line":1172,"column":26},"end":{"line":1172,"column":33}},"633":{"start":{"line":1173,"column":2},"end":{"line":1173,"column":24}},"634":{"start":{"line":1175,"column":2},"end":{"line":1175,"column":20}},"635":{"start":{"line":1176,"column":2},"end":{"line":1176,"column":57}},"636":{"start":{"line":1179,"column":1},"end":{"line":1188,"column":3}},"637":{"start":{"line":1180,"column":2},"end":{"line":1180,"column":21}},"638":{"start":{"line":1182,"column":2},"end":{"line":1182,"column":29}},"639":{"start":{"line":1184,"column":2},"end":{"line":1184,"column":27}},"640":{"start":{"line":1185,"column":2},"end":{"line":1185,"column":43}},"641":{"start":{"line":1187,"column":2},"end":{"line":1187,"column":33}},"642":{"start":{"line":1190,"column":1},"end":{"line":1199,"column":3}},"643":{"start":{"line":1191,"column":2},"end":{"line":1191,"column":21}},"644":{"start":{"line":1194,"column":2},"end":{"line":1198,"column":3}},"645":{"start":{"line":1195,"column":3},"end":{"line":1195,"column":19}},"646":{"start":{"line":1197,"column":3},"end":{"line":1197,"column":30}},"647":{"start":{"line":1201,"column":1},"end":{"line":1201,"column":25}},"648":{"start":{"line":1204,"column":23},"end":{"line":1240,"column":8}},"649":{"start":{"line":1206,"column":2},"end":{"line":1206,"column":34}},"650":{"start":{"line":1209,"column":1},"end":{"line":1209,"column":54}},"651":{"start":{"line":1209,"column":17},"end":{"line":1209,"column":54}},"652":{"start":{"line":1210,"column":1},"end":{"line":1210,"column":77}},"653":{"start":{"line":1211,"column":1},"end":{"line":1211,"column":57}},"654":{"start":{"line":1213,"column":1},"end":{"line":1220,"column":3}},"655":{"start":{"line":1214,"column":2},"end":{"line":1217,"column":5}},"656":{"start":{"line":1219,"column":2},"end":{"line":1219,"column":38}},"657":{"start":{"line":1222,"column":1},"end":{"line":1232,"column":3}},"658":{"start":{"line":1223,"column":2},"end":{"line":1229,"column":3}},"659":{"start":{"line":1224,"column":3},"end":{"line":1224,"column":30}},"660":{"start":{"line":1227,"column":3},"end":{"line":1227,"column":49}},"661":{"start":{"line":1228,"column":3},"end":{"line":1228,"column":38}},"662":{"start":{"line":1231,"column":2},"end":{"line":1231,"column":52}},"663":{"start":{"line":1234,"column":1},"end":{"line":1237,"column":3}},"664":{"start":{"line":1235,"column":2},"end":{"line":1235,"column":28}},"665":{"start":{"line":1236,"column":2},"end":{"line":1236,"column":47}},"666":{"start":{"line":1239,"column":1},"end":{"line":1239,"column":24}},"667":{"start":{"line":1242,"column":29},"end":{"line":1323,"column":7}},"668":{"start":{"line":1244,"column":2},"end":{"line":1244,"column":33}},"669":{"start":{"line":1247,"column":1},"end":{"line":1247,"column":58}},"670":{"start":{"line":1247,"column":16},"end":{"line":1247,"column":58}},"671":{"start":{"line":1248,"column":1},"end":{"line":1248,"column":81}},"672":{"start":{"line":1249,"column":1},"end":{"line":1249,"column":69}},"673":{"start":{"line":1251,"column":1},"end":{"line":1256,"column":3}},"674":{"start":{"line":1252,"column":18},"end":{"line":1252,"column":38}},"675":{"start":{"line":1253,"column":13},"end":{"line":1253,"column":120}},"676":{"start":{"line":1255,"column":2},"end":{"line":1255,"column":32}},"677":{"start":{"line":1258,"column":1},"end":{"line":1261,"column":3}},"678":{"start":{"line":1259,"column":18},"end":{"line":1259,"column":38}},"679":{"start":{"line":1260,"column":2},"end":{"line":1260,"column":125}},"680":{"start":{"line":1263,"column":1},"end":{"line":1268,"column":3}},"681":{"start":{"line":1264,"column":18},"end":{"line":1264,"column":38}},"682":{"start":{"line":1265,"column":13},"end":{"line":1265,"column":125}},"683":{"start":{"line":1267,"column":2},"end":{"line":1267,"column":33}},"684":{"start":{"line":1270,"column":1},"end":{"line":1278,"column":3}},"685":{"start":{"line":1271,"column":18},"end":{"line":1271,"column":38}},"686":{"start":{"line":1272,"column":24},"end":{"line":1272,"column":50}},"687":{"start":{"line":1273,"column":23},"end":{"line":1273,"column":48}},"688":{"start":{"line":1275,"column":2},"end":{"line":1275,"column":111}},"689":{"start":{"line":1275,"column":94},"end":{"line":1275,"column":109}},"690":{"start":{"line":1277,"column":2},"end":{"line":1277,"column":81}},"691":{"start":{"line":1280,"column":1},"end":{"line":1290,"column":3}},"692":{"start":{"line":1281,"column":18},"end":{"line":1281,"column":38}},"693":{"start":{"line":1283,"column":2},"end":{"line":1289,"column":3}},"694":{"start":{"line":1284,"column":3},"end":{"line":1284,"column":52}},"695":{"start":{"line":1285,"column":9},"end":{"line":1289,"column":3}},"696":{"start":{"line":1286,"column":3},"end":{"line":1286,"column":39}},"697":{"start":{"line":1288,"column":3},"end":{"line":1288,"column":38}},"698":{"start":{"line":1292,"column":1},"end":{"line":1320,"column":3}},"699":{"start":{"line":1293,"column":18},"end":{"line":1293,"column":38}},"700":{"start":{"line":1297,"column":2},"end":{"line":1319,"column":3}},"701":{"start":{"line":1299,"column":3},"end":{"line":1301,"column":4}},"702":{"start":{"line":1300,"column":4},"end":{"line":1300,"column":64}},"703":{"start":{"line":1303,"column":3},"end":{"line":1305,"column":4}},"704":{"start":{"line":1304,"column":4},"end":{"line":1304,"column":69}},"705":{"start":{"line":1307,"column":3},"end":{"line":1307,"column":47}},"706":{"start":{"line":1308,"column":9},"end":{"line":1319,"column":3}},"707":{"start":{"line":1310,"column":3},"end":{"line":1310,"column":52}},"708":{"start":{"line":1311,"column":3},"end":{"line":1311,"column":48}},"709":{"start":{"line":1313,"column":3},"end":{"line":1313,"column":34}},"710":{"start":{"line":1316,"column":3},"end":{"line":1316,"column":51}},"711":{"start":{"line":1318,"column":3},"end":{"line":1318,"column":33}},"712":{"start":{"line":1322,"column":1},"end":{"line":1322,"column":30}},"713":{"start":{"line":1325,"column":24},"end":{"line":1363,"column":7}},"714":{"start":{"line":1327,"column":2},"end":{"line":1327,"column":33}},"715":{"start":{"line":1330,"column":1},"end":{"line":1330,"column":53}},"716":{"start":{"line":1330,"column":16},"end":{"line":1330,"column":53}},"717":{"start":{"line":1331,"column":1},"end":{"line":1331,"column":76}},"718":{"start":{"line":1332,"column":1},"end":{"line":1332,"column":59}},"719":{"start":{"line":1334,"column":1},"end":{"line":1360,"column":3}},"720":{"start":{"line":1336,"column":2},"end":{"line":1351,"column":3}},"721":{"start":{"line":1337,"column":3},"end":{"line":1337,"column":64}},"722":{"start":{"line":1341,"column":3},"end":{"line":1350,"column":4}},"723":{"start":{"line":1342,"column":4},"end":{"line":1342,"column":67}},"724":{"start":{"line":1344,"column":12},"end":{"line":1344,"column":59}},"725":{"start":{"line":1345,"column":4},"end":{"line":1345,"column":56}},"726":{"start":{"line":1345,"column":47},"end":{"line":1345,"column":54}},"727":{"start":{"line":1346,"column":4},"end":{"line":1346,"column":52}},"728":{"start":{"line":1348,"column":4},"end":{"line":1348,"column":51}},"729":{"start":{"line":1349,"column":4},"end":{"line":1349,"column":63}},"730":{"start":{"line":1353,"column":2},"end":{"line":1357,"column":3}},"731":{"start":{"line":1354,"column":13},"end":{"line":1354,"column":21}},"732":{"start":{"line":1355,"column":3},"end":{"line":1355,"column":59}},"733":{"start":{"line":1355,"column":48},"end":{"line":1355,"column":57}},"734":{"start":{"line":1356,"column":3},"end":{"line":1356,"column":45}},"735":{"start":{"line":1359,"column":2},"end":{"line":1359,"column":46}},"736":{"start":{"line":1362,"column":1},"end":{"line":1362,"column":25}},"737":{"start":{"line":1365,"column":27},"end":{"line":1379,"column":7}},"738":{"start":{"line":1367,"column":2},"end":{"line":1367,"column":33}},"739":{"start":{"line":1370,"column":1},"end":{"line":1370,"column":56}},"740":{"start":{"line":1370,"column":16},"end":{"line":1370,"column":56}},"741":{"start":{"line":1371,"column":1},"end":{"line":1371,"column":79}},"742":{"start":{"line":1372,"column":1},"end":{"line":1372,"column":65}},"743":{"start":{"line":1374,"column":1},"end":{"line":1376,"column":3}},"744":{"start":{"line":1375,"column":2},"end":{"line":1375,"column":41}},"745":{"start":{"line":1378,"column":1},"end":{"line":1378,"column":28}},"746":{"start":{"line":1381,"column":21},"end":{"line":1420,"column":7}},"747":{"start":{"line":1383,"column":2},"end":{"line":1383,"column":33}},"748":{"start":{"line":1386,"column":1},"end":{"line":1386,"column":50}},"749":{"start":{"line":1386,"column":16},"end":{"line":1386,"column":50}},"750":{"start":{"line":1387,"column":1},"end":{"line":1387,"column":73}},"751":{"start":{"line":1388,"column":1},"end":{"line":1388,"column":53}},"752":{"start":{"line":1390,"column":1},"end":{"line":1401,"column":3}},"753":{"start":{"line":1391,"column":2},"end":{"line":1400,"column":3}},"754":{"start":{"line":1392,"column":3},"end":{"line":1395,"column":6}},"755":{"start":{"line":1397,"column":3},"end":{"line":1397,"column":58}},"756":{"start":{"line":1399,"column":3},"end":{"line":1399,"column":54}},"757":{"start":{"line":1403,"column":1},"end":{"line":1405,"column":3}},"758":{"start":{"line":1404,"column":2},"end":{"line":1404,"column":65}},"759":{"start":{"line":1407,"column":1},"end":{"line":1417,"column":3}},"760":{"start":{"line":1408,"column":2},"end":{"line":1408,"column":50}},"761":{"start":{"line":1408,"column":22},"end":{"line":1408,"column":48}},"762":{"start":{"line":1411,"column":2},"end":{"line":1414,"column":3}},"763":{"start":{"line":1412,"column":3},"end":{"line":1412,"column":43}},"764":{"start":{"line":1413,"column":3},"end":{"line":1413,"column":49}},"765":{"start":{"line":1416,"column":2},"end":{"line":1416,"column":46}},"766":{"start":{"line":1419,"column":1},"end":{"line":1419,"column":22}},"767":{"start":{"line":1422,"column":20},"end":{"line":1465,"column":16}},"768":{"start":{"line":1424,"column":2},"end":{"line":1424,"column":42}},"769":{"start":{"line":1427,"column":1},"end":{"line":1427,"column":67}},"770":{"start":{"line":1427,"column":25},"end":{"line":1427,"column":67}},"771":{"start":{"line":1428,"column":1},"end":{"line":1428,"column":90}},"772":{"start":{"line":1429,"column":1},"end":{"line":1429,"column":51}},"773":{"start":{"line":1431,"column":1},"end":{"line":1433,"column":3}},"774":{"start":{"line":1432,"column":2},"end":{"line":1432,"column":38}},"775":{"start":{"line":1435,"column":1},"end":{"line":1437,"column":3}},"776":{"start":{"line":1436,"column":2},"end":{"line":1436,"column":63}},"777":{"start":{"line":1439,"column":1},"end":{"line":1462,"column":3}},"778":{"start":{"line":1440,"column":10},"end":{"line":1440,"column":24}},"779":{"start":{"line":1442,"column":20},"end":{"line":1442,"column":23}},"780":{"start":{"line":1444,"column":2},"end":{"line":1455,"column":5}},"781":{"start":{"line":1445,"column":3},"end":{"line":1452,"column":4}},"782":{"start":{"line":1446,"column":4},"end":{"line":1448,"column":5}},"783":{"start":{"line":1447,"column":5},"end":{"line":1447,"column":55}},"784":{"start":{"line":1450,"column":4},"end":{"line":1450,"column":22}},"785":{"start":{"line":1451,"column":4},"end":{"line":1451,"column":21}},"786":{"start":{"line":1454,"column":3},"end":{"line":1454,"column":38}},"787":{"start":{"line":1457,"column":2},"end":{"line":1459,"column":3}},"788":{"start":{"line":1458,"column":3},"end":{"line":1458,"column":53}},"789":{"start":{"line":1461,"column":2},"end":{"line":1461,"column":67}},"790":{"start":{"line":1464,"column":1},"end":{"line":1464,"column":21}},"791":{"start":{"line":1467,"column":24},"end":{"line":1501,"column":16}},"792":{"start":{"line":1469,"column":2},"end":{"line":1469,"column":42}},"793":{"start":{"line":1472,"column":1},"end":{"line":1472,"column":71}},"794":{"start":{"line":1472,"column":25},"end":{"line":1472,"column":71}},"795":{"start":{"line":1473,"column":1},"end":{"line":1473,"column":94}},"796":{"start":{"line":1474,"column":1},"end":{"line":1474,"column":59}},"797":{"start":{"line":1476,"column":1},"end":{"line":1478,"column":3}},"798":{"start":{"line":1477,"column":2},"end":{"line":1477,"column":38}},"799":{"start":{"line":1480,"column":1},"end":{"line":1482,"column":3}},"800":{"start":{"line":1481,"column":2},"end":{"line":1481,"column":50}},"801":{"start":{"line":1484,"column":1},"end":{"line":1498,"column":3}},"802":{"start":{"line":1485,"column":2},"end":{"line":1487,"column":3}},"803":{"start":{"line":1486,"column":3},"end":{"line":1486,"column":58}},"804":{"start":{"line":1489,"column":2},"end":{"line":1491,"column":3}},"805":{"start":{"line":1490,"column":3},"end":{"line":1490,"column":61}},"806":{"start":{"line":1493,"column":2},"end":{"line":1495,"column":3}},"807":{"start":{"line":1494,"column":3},"end":{"line":1494,"column":58}},"808":{"start":{"line":1497,"column":2},"end":{"line":1497,"column":67}},"809":{"start":{"line":1500,"column":1},"end":{"line":1500,"column":25}},"810":{"start":{"line":1503,"column":27},"end":{"line":1550,"column":15}},"811":{"start":{"line":1505,"column":2},"end":{"line":1505,"column":41}},"812":{"start":{"line":1508,"column":1},"end":{"line":1508,"column":72}},"813":{"start":{"line":1508,"column":24},"end":{"line":1508,"column":72}},"814":{"start":{"line":1509,"column":1},"end":{"line":1509,"column":95}},"815":{"start":{"line":1510,"column":1},"end":{"line":1510,"column":65}},"816":{"start":{"line":1512,"column":1},"end":{"line":1533,"column":3}},"817":{"start":{"line":1513,"column":15},"end":{"line":1513,"column":19}},"818":{"start":{"line":1515,"column":2},"end":{"line":1521,"column":3}},"819":{"start":{"line":1519,"column":3},"end":{"line":1519,"column":30}},"820":{"start":{"line":1520,"column":3},"end":{"line":1520,"column":10}},"821":{"start":{"line":1523,"column":2},"end":{"line":1523,"column":35}},"822":{"start":{"line":1523,"column":26},"end":{"line":1523,"column":33}},"823":{"start":{"line":1524,"column":2},"end":{"line":1524,"column":24}},"824":{"start":{"line":1526,"column":2},"end":{"line":1526,"column":20}},"825":{"start":{"line":1528,"column":2},"end":{"line":1528,"column":42}},"826":{"start":{"line":1529,"column":2},"end":{"line":1531,"column":5}},"827":{"start":{"line":1530,"column":3},"end":{"line":1530,"column":36}},"828":{"start":{"line":1532,"column":2},"end":{"line":1532,"column":37}},"829":{"start":{"line":1535,"column":1},"end":{"line":1538,"column":3}},"830":{"start":{"line":1536,"column":2},"end":{"line":1536,"column":29}},"831":{"start":{"line":1537,"column":2},"end":{"line":1537,"column":60}},"832":{"start":{"line":1540,"column":1},"end":{"line":1547,"column":3}},"833":{"start":{"line":1541,"column":2},"end":{"line":1541,"column":21}},"834":{"start":{"line":1544,"column":2},"end":{"line":1546,"column":3}},"835":{"start":{"line":1545,"column":3},"end":{"line":1545,"column":19}},"836":{"start":{"line":1549,"column":1},"end":{"line":1549,"column":28}},"837":{"start":{"line":1552,"column":26},"end":{"line":1570,"column":15}},"838":{"start":{"line":1554,"column":2},"end":{"line":1554,"column":41}},"839":{"start":{"line":1557,"column":1},"end":{"line":1557,"column":71}},"840":{"start":{"line":1557,"column":24},"end":{"line":1557,"column":71}},"841":{"start":{"line":1558,"column":1},"end":{"line":1558,"column":94}},"842":{"start":{"line":1559,"column":1},"end":{"line":1559,"column":63}},"843":{"start":{"line":1561,"column":1},"end":{"line":1563,"column":3}},"844":{"start":{"line":1562,"column":2},"end":{"line":1562,"column":12}},"845":{"start":{"line":1565,"column":1},"end":{"line":1567,"column":3}},"846":{"start":{"line":1566,"column":2},"end":{"line":1566,"column":64}},"847":{"start":{"line":1569,"column":1},"end":{"line":1569,"column":27}},"848":{"start":{"line":1573,"column":1},"end":{"line":1575,"column":2}},"849":{"start":{"line":1574,"column":2},"end":{"line":1574,"column":60}},"850":{"start":{"line":1577,"column":1},"end":{"line":1601,"column":2}},"851":{"start":{"line":1581,"column":2},"end":{"line":1581,"column":33}},"852":{"start":{"line":1581,"column":19},"end":{"line":1581,"column":31}},"853":{"start":{"line":1587,"column":2},"end":{"line":1589,"column":3}},"854":{"start":{"line":1588,"column":3},"end":{"line":1588,"column":52}},"855":{"start":{"line":1592,"column":2},"end":{"line":1592,"column":88}},"856":{"start":{"line":1592,"column":38},"end":{"line":1592,"column":86}},"857":{"start":{"line":1595,"column":2},"end":{"line":1595,"column":61}},"858":{"start":{"line":1595,"column":46},"end":{"line":1595,"column":59}},"859":{"start":{"line":1598,"column":2},"end":{"line":1598,"column":85}},"860":{"start":{"line":1598,"column":70},"end":{"line":1598,"column":83}},"861":{"start":{"line":1600,"column":2},"end":{"line":1600,"column":14}},"862":{"start":{"line":1604,"column":18},"end":{"line":1649,"column":7}},"863":{"start":{"line":1606,"column":2},"end":{"line":1606,"column":33}},"864":{"start":{"line":1609,"column":1},"end":{"line":1609,"column":47}},"865":{"start":{"line":1609,"column":16},"end":{"line":1609,"column":47}},"866":{"start":{"line":1610,"column":1},"end":{"line":1610,"column":70}},"867":{"start":{"line":1611,"column":1},"end":{"line":1611,"column":47}},"868":{"start":{"line":1613,"column":1},"end":{"line":1620,"column":3}},"869":{"start":{"line":1614,"column":2},"end":{"line":1616,"column":3}},"870":{"start":{"line":1615,"column":3},"end":{"line":1615,"column":31}},"871":{"start":{"line":1622,"column":1},"end":{"line":1624,"column":3}},"872":{"start":{"line":1623,"column":2},"end":{"line":1623,"column":12}},"873":{"start":{"line":1626,"column":1},"end":{"line":1635,"column":3}},"874":{"start":{"line":1628,"column":2},"end":{"line":1630,"column":3}},"875":{"start":{"line":1629,"column":3},"end":{"line":1629,"column":10}},"876":{"start":{"line":1632,"column":2},"end":{"line":1634,"column":3}},"877":{"start":{"line":1633,"column":3},"end":{"line":1633,"column":30}},"878":{"start":{"line":1637,"column":1},"end":{"line":1646,"column":3}},"879":{"start":{"line":1648,"column":1},"end":{"line":1648,"column":19}},"880":{"start":{"line":1651,"column":19},"end":{"line":1651,"column":35}},"881":{"start":{"line":1654,"column":9},"end":{"line":1654,"column":20}},"882":{"start":{"line":1655,"column":1},"end":{"line":1661,"column":2}},"883":{"start":{"line":1656,"column":14},"end":{"line":1656,"column":21}},"884":{"start":{"line":1657,"column":2},"end":{"line":1660,"column":3}},"885":{"start":{"line":1658,"column":3},"end":{"line":1658,"column":56}},"886":{"start":{"line":1658,"column":41},"end":{"line":1658,"column":54}},"887":{"start":{"line":1659,"column":3},"end":{"line":1659,"column":69}},"888":{"start":{"line":1659,"column":54},"end":{"line":1659,"column":67}},"889":{"start":{"line":1663,"column":1},"end":{"line":1663,"column":13}},"890":{"start":{"line":1667,"column":1},"end":{"line":1667,"column":76}},"891":{"start":{"line":1667,"column":61},"end":{"line":1667,"column":74}},"892":{"start":{"line":1669,"column":1},"end":{"line":1680,"column":2}},"893":{"start":{"line":1670,"column":2},"end":{"line":1672,"column":3}},"894":{"start":{"line":1671,"column":3},"end":{"line":1671,"column":60}},"895":{"start":{"line":1674,"column":2},"end":{"line":1677,"column":3}},"896":{"start":{"line":1675,"column":3},"end":{"line":1675,"column":77}},"897":{"start":{"line":1675,"column":62},"end":{"line":1675,"column":75}},"898":{"start":{"line":1676,"column":3},"end":{"line":1676,"column":15}},"899":{"start":{"line":1679,"column":2},"end":{"line":1679,"column":55}},"900":{"start":{"line":1682,"column":1},"end":{"line":1682,"column":13}},"901":{"start":{"line":1686,"column":1},"end":{"line":1686,"column":28}},"902":{"start":{"line":1691,"column":19},"end":{"line":2042,"column":7}},"903":{"start":{"line":1693,"column":2},"end":{"line":1693,"column":33}},"904":{"start":{"line":1696,"column":1},"end":{"line":1696,"column":48}},"905":{"start":{"line":1696,"column":16},"end":{"line":1696,"column":48}},"906":{"start":{"line":1697,"column":1},"end":{"line":1697,"column":71}},"907":{"start":{"line":1698,"column":1},"end":{"line":1698,"column":49}},"908":{"start":{"line":1700,"column":1},"end":{"line":1704,"column":3}},"909":{"start":{"line":1702,"column":2},"end":{"line":1702,"column":69}},"910":{"start":{"line":1702,"column":26},"end":{"line":1702,"column":67}},"911":{"start":{"line":1703,"column":2},"end":{"line":1703,"column":44}},"912":{"start":{"line":1706,"column":1},"end":{"line":1779,"column":3}},"913":{"start":{"line":1707,"column":15},"end":{"line":1707,"column":19}},"914":{"start":{"line":1709,"column":2},"end":{"line":1709,"column":87}},"915":{"start":{"line":1710,"column":2},"end":{"line":1713,"column":100}},"916":{"start":{"line":1715,"column":2},"end":{"line":1715,"column":95}},"917":{"start":{"line":1717,"column":18},"end":{"line":1717,"column":38}},"918":{"start":{"line":1719,"column":2},"end":{"line":1778,"column":3}},"919":{"start":{"line":1721,"column":3},"end":{"line":1721,"column":33}},"920":{"start":{"line":1722,"column":3},"end":{"line":1722,"column":39}},"921":{"start":{"line":1723,"column":3},"end":{"line":1723,"column":64}},"922":{"start":{"line":1723,"column":27},"end":{"line":1723,"column":62}},"923":{"start":{"line":1725,"column":3},"end":{"line":1727,"column":4}},"924":{"start":{"line":1726,"column":4},"end":{"line":1726,"column":41}},"925":{"start":{"line":1729,"column":3},"end":{"line":1733,"column":4}},"926":{"start":{"line":1730,"column":4},"end":{"line":1732,"column":5}},"927":{"start":{"line":1731,"column":5},"end":{"line":1731,"column":41}},"928":{"start":{"line":1736,"column":7},"end":{"line":1778,"column":3}},"929":{"start":{"line":1737,"column":3},"end":{"line":1737,"column":39}},"930":{"start":{"line":1741,"column":3},"end":{"line":1746,"column":4}},"931":{"start":{"line":1742,"column":22},"end":{"line":1742,"column":24}},"932":{"start":{"line":1743,"column":4},"end":{"line":1743,"column":54}},"933":{"start":{"line":1749,"column":3},"end":{"line":1763,"column":4}},"934":{"start":{"line":1752,"column":24},"end":{"line":1752,"column":28}},"935":{"start":{"line":1753,"column":12},"end":{"line":1753,"column":39}},"936":{"start":{"line":1754,"column":4},"end":{"line":1760,"column":5}},"937":{"start":{"line":1755,"column":16},"end":{"line":1755,"column":41}},"938":{"start":{"line":1756,"column":5},"end":{"line":1759,"column":6}},"939":{"start":{"line":1757,"column":6},"end":{"line":1757,"column":28}},"940":{"start":{"line":1758,"column":6},"end":{"line":1758,"column":12}},"941":{"start":{"line":1762,"column":4},"end":{"line":1762,"column":50}},"942":{"start":{"line":1767,"column":3},"end":{"line":1772,"column":4}},"943":{"start":{"line":1768,"column":4},"end":{"line":1768,"column":67}},"944":{"start":{"line":1769,"column":4},"end":{"line":1769,"column":39}},"945":{"start":{"line":1771,"column":4},"end":{"line":1771,"column":21}},"946":{"start":{"line":1774,"column":23},"end":{"line":1774,"column":25}},"947":{"start":{"line":1775,"column":3},"end":{"line":1775,"column":56}},"948":{"start":{"line":1781,"column":1},"end":{"line":1937,"column":3}},"949":{"start":{"line":1782,"column":18},"end":{"line":1782,"column":38}},"950":{"start":{"line":1784,"column":2},"end":{"line":1800,"column":3}},"951":{"start":{"line":1785,"column":3},"end":{"line":1797,"column":4}},"952":{"start":{"line":1786,"column":4},"end":{"line":1789,"column":5}},"953":{"start":{"line":1788,"column":5},"end":{"line":1788,"column":50}},"954":{"start":{"line":1791,"column":4},"end":{"line":1791,"column":53}},"955":{"start":{"line":1792,"column":4},"end":{"line":1792,"column":35}},"956":{"start":{"line":1795,"column":4},"end":{"line":1795,"column":34}},"957":{"start":{"line":1796,"column":4},"end":{"line":1796,"column":52}},"958":{"start":{"line":1799,"column":3},"end":{"line":1799,"column":10}},"959":{"start":{"line":1802,"column":2},"end":{"line":1802,"column":27}},"960":{"start":{"line":1804,"column":17},"end":{"line":1804,"column":83}},"961":{"start":{"line":1808,"column":25},"end":{"line":1808,"column":62}},"962":{"start":{"line":1810,"column":31},"end":{"line":1810,"column":75}},"963":{"start":{"line":1811,"column":37},"end":{"line":1813,"column":7}},"964":{"start":{"line":1816,"column":2},"end":{"line":1872,"column":3}},"965":{"start":{"line":1817,"column":23},"end":{"line":1817,"column":90}},"966":{"start":{"line":1819,"column":3},"end":{"line":1869,"column":4}},"967":
[...]
0,"1280":0,"1281":0,"1282":1,"1283":1,"1284":0,"1285":1,"1286":1,"1287":1,"1288":1,"1289":1,"1290":0,"1291":1,"1292":0,"1293":0,"1294":0,"1295":0,"1296":0,"1297":0,"1298":0,"1299":0,"1300":0,"1301":0,"1302":0,"1303":0,"1304":0,"1305":0,"1306":1,"1307":1,"1308":0,"1309":1,"1310":1,"1311":1,"1312":1,"1313":1,"1314":0,"1315":0,"1316":0,"1317":0,"1318":0,"1319":0,"1320":0,"1321":0,"1322":0,"1323":1,"1324":0,"1325":0,"1326":0,"1327":0,"1328":0,"1329":0,"1330":0,"1331":0,"1332":0,"1333":0,"1334":0,"1335":0,"1336":0,"1337":0,"1338":0,"1339":0,"1340":1,"1341":0,"1342":1,"1343":1,"1344":1,"1345":1,"1346":1,"1347":0,"1348":0,"1349":0,"1350":0,"1351":0,"1352":0,"1353":1,"1354":0,"1355":1,"1356":0,"1357":0,"1358":0,"1359":0,"1360":0,"1361":0,"1362":0,"1363":0,"1364":0,"1365":0,"1366":0,"1367":0,"1368":0,"1369":0,"1370":0,"1371":0,"1372":0,"1373":1,"1374":1,"1375":1,"1376":0,"1377":1,"1378":1,"1379":1,"1380":1,"1381":1,"1382":0,"1383":0,"1384":0,"1385":0,"1386":0,"1387":0,"1388":0,"1389":0,"1390":0,"1391":0,"1392":1,"1393":1,"1394":0,"1395":1,"1396":1,"1397":1,"1398":1,"1399":1,"1400":0,"1401":1,"1402":1,"1403":0,"1404":1,"1405":1,"1406":1,"1407":1,"1408":1,"1409":0,"1410":0,"1411":0,"1412":0,"1413":0,"1414":0,"1415":0,"1416":0,"1417":0,"1418":0,"1419":0,"1420":0,"1421":0,"1422":0,"1423":0,"1424":0,"1425":1,"1426":1,"1427":0,"1428":1,"1429":1,"1430":1,"1431":1,"1432":1,"1433":0,"1434":0,"1435":0,"1436":0,"1437":0,"1438":0,"1439":0,"1440":0,"1441":0,"1442":0,"1443":0,"1444":0,"1445":1,"1446":1,"1447":0,"1448":1,"1449":1,"1450":1,"1451":1,"1452":1,"1453":0,"1454":0,"1455":0,"1456":0,"1457":0,"1458":0,"1459":0,"1460":0,"1461":0,"1462":0,"1463":0,"1464":0,"1465":0,"1466":0,"1467":0,"1468":1,"1469":0,"1470":0,"1471":0,"1472":0,"1473":0,"1474":0,"1475":0,"1476":0,"1477":0,"1478":0,"1479":0,"1480":0,"1481":0,"1482":0,"1483":0,"1484":0,"1485":0,"1486":0,"1487":1,"1488":1,"1489":0,"1490":1,"1491":1,"1492":1,"1493":1,"1494":1,"1495":0,"1496":0,"1497":0,"1498":0,"1499":0,"1500":0,"1501":0,"1502":0,"1503":0,"1504":0,"1505":1,"1506":1,"1507":0,"1508":0,"1509":0,"1510":0,"1511":0,"1512":0,"1513":0,"1514":1,"1515":0,"1516":1,"1517":1,"1518":1,"1519":1,"1520":1,"1521":0,"1522":1,"1523":0,"1524":0,"1525":0,"1526":0,"1527":0,"1528":0,"1529":0,"1530":0,"1531":0,"1532":1,"1533":0,"1534":0,"1535":0,"1536":0,"1537":0,"1538":0,"1539":0,"1540":0,"1541":0,"1542":0,"1543":1,"1544":1,"1545":0,"1546":1,"1547":1,"1548":1,"1549":1,"1550":1,"1551":0,"1552":1,"1553":0,"1554":0,"1555":0,"1556":0,"1557":0,"1558":1,"1559":1,"1560":0,"1561":1,"1562":1,"1563":1,"1564":1,"1565":1,"1566":1,"1567":1,"1568":1,"1569":1,"1570":1,"1571":1,"1572":1,"1573":1,"1574":1,"1575":1,"1576":1,"1577":1,"1578":1,"1579":1,"1580":1,"1581":0,"1582":1,"1583":0,"1584":1,"1585":1,"1586":0,"1587":1,"1588":1,"1589":1,"1590":1,"1591":0,"1592":1,"1593":1,"1594":1,"1595":1,"1596":1,"1597":2,"1598":1,"1599":1,"1600":1,"1601":0,"1602":1,"1603":1,"1604":1,"1605":1,"1606":1,"1607":1,"1608":1,"1609":1,"1610":1,"1611":1,"1612":1,"1613":1,"1614":1,"1615":1,"1616":1,"1617":1,"1618":1,"1619":1,"1620":1,"1621":0,"1622":1,"1623":1,"1624":1,"1625":1,"1626":1,"1627":1,"1628":1,"1629":0,"1630":1,"1631":1,"1632":1,"1633":1,"1634":1,"1635":0,"1636":1,"1637":0,"1638":0,"1639":0,"1640":0,"1641":0,"1642":0,"1643":0,"1644":0,"1645":1,"1646":1,"1647":0,"1648":1,"1649":1,"1650":1,"1651":1,"1652":1,"1653":0,"1654":1,"1655":1,"1656":0,"1657":0,"1658":0,"1659":0,"1660":0,"1661":0,"1662":2,"1663":0,"1664":2,"1665":0,"1666":0,"1667":0,"1668":0,"1669":0,"1670":0,"1671":0,"1672":0,"1673":0,"1674":0,"1675":0,"1676":0,"1677":0,"1678":0,"1679":0,"1680":0,"1681":0,"1682":1,"1683":1,"1684":2,"1685":0,"1686":0,"1687":0,"1688":0,"1689":0,"1690":0,"1691":0,"1692":0,"1693":0,"1694":0,"1695":0,"1696":2,"1697":0,"1698":2,"1699":1,"1700":0,"1701":1,"1702":1,"1703":1,"1704":1,"1705":1,"1706":0,"1707":0,"1708":0,"1709":0,"1710":0,"1711":0,"1712":1,"1713":2,"1714":2,"1715":2,"1716":2,"1717":2,"1718":2,"1719":2,"1720":2,"1721":2,"1722":0,"1723":0,"1724":0,"1725":0,"1726":0,"1727":2,"1728":2,"1729":0,"1730":2,"1731":2,"1732":1,"1733":1,"1734":2,"1735":2,"1736":2,"1737":0,"1738":0,"1739":1,"1740":0,"1741":0,"1742":0,"1743":0,"1744":0,"1745":0,"1746":1,"1747":0,"1748":0,"1749":0,"1750":1,"1751":0,"1752":0,"1753":0,"1754":1,"1755":2,"1756":0,"1757":2,"1758":2,"1759":2,"1760":2,"1761":2,"1762":1,"1763":2,"1764":2,"1765":2,"1766":2,"1767":2,"1768":2,"1769":2,"1770":2,"1771":2,"1772":2,"1773":0,"1774":0,"1775":0,"1776":0,"1777":0,"1778":2,"1779":2,"1780":1,"1781":2,"1782":0,"1783":2,"1784":2,"1785":2,"1786":1,"1787":0,"1788":0,"1789":0,"1790":0,"1791":2,"1792":2,"1793":2,"1794":0,"1795":0,"1796":0,"1797":0,"1798":2,"1799":1,"1800":2,"1801":1,"1802":1,"1803":1,"1804":12,"1805":1,"1806":11,"1807":4,"1808":4,"1809":3,"1810":4,"1811":7,"1812":0,"1813":7,"1814":7,"1815":5,"1816":33,"1817":7,"1818":0,"1819":0,"1820":0,"1821":0,"1822":7,"1823":1,"1824":7,"1825":7,"1826":7,"1827":0,"1828":0,"1829":0,"1830":0,"1831":0,"1832":0,"1833":0,"1834":0,"1835":0,"1836":0,"1837":0,"1838":0,"1839":0,"1840":0,"1841":0,"1842":0,"1843":0,"1844":0,"1845":0,"1846":0,"1847":0,"1848":0,"1849":0,"1850":0,"1851":0,"1852":0,"1853":0,"1854":0,"1855":0,"1856":0,"1857":0,"1858":0,"1859":0,"1860":0,"1861":0,"1862":0,"1863":0,"1864":0,"1865":0,"1866":0,"1867":0,"1868":0,"1869":0,"1870":0,"1871":0,"1872":0,"1873":0,"1874":0,"1875":0,"1876":0,"1877":0,"1878":0,"1879":0,"1880":0,"1881":0,"1882":0,"1883":0,"1884":0,"1885":0,"1886":0,"1887":0,"1888":0,"1889":0,"1890":0,"1891":1,"1892":1,"1893":1,"1894":1,"1895":1,"1896":1,"1897":1,"1898":1,"1899":1,"1900":1,"1901":1,"1902":1,"1903":1,"1904":1,"1905":1,"1906":1,"1907":1,"1908":1,"1909":1,"1910":0,"1911":1,"1912":1,"1913":0,"1914":0,"1915":1,"1916":1,"1917":0,"1918":1,"1919":0,"1920":1,"1921":0,"1922":0,"1923":0,"1924":0,"1925":1,"1926":1,"1927":0,"1928":1,"1929":1,"1930":1,"1931":0,"1932":0,"1933":1,"1934":1,"1935":1},"f":{"0":1,"1":7,"2":0,"3":1,"4":0,"5":0,"6":0,"7":0,"8":0,"9":3,"10":0,"11":1,"12":1,"13":0,"14":0,"15":1,"16":0,"17":0,"18":0,"19":0,"20":48,"21":0,"22":0,"23":0,"24":0,"25":0,"26":1,"27":0,"28":2,"29":0,"30":1,"31":1,"32":0,"33":0,"34":0,"35":0,"36":0,"37":0,"38":1,"39":0,"40":0,"41":0,"42":2,"43":2,"44":0,"45":0,"46":0,"47":0,"48":1,"49":0,"50":1,"51":0,"52":0,"53":1,"54":0,"55":0,"56":1,"57":0,"58":1,"59":0,"60":1,"61":0,"62":1,"63":0,"64":0,"65":0,"66":0,"67":0,"68":0,"69":0,"70":0,"71":0,"72":0,"73":0,"74":0,"75":0,"76":0,"77":0,"78":0,"79":0,"80":0,"81":0,"82":0,"83":0,"84":0,"85":0,"86":0,"87":0,"88":0,"89":0,"90":0,"91":0,"92":8,"93":22,"94":1,"95":0,"96":0,"97":0,"98":0,"99":0,"100":1,"101":0,"102":0,"103":0,"104":0,"105":0,"106":1,"107":0,"108":0,"109":0,"110":0,"111":0,"112":0,"113":1,"114":0,"115":0,"116":0,"117":1,"118":0,"119":0,"120":1,"121":0,"122":0,"123":0,"124":0,"125":1,"126":0,"127":0,"128":0,"129":0,"130":1,"131":0,"132":0,"133":0,"134":0,"135":0,"136":0,"137":0,"138":1,"139":0,"140":0,"141":1,"142":0,"143":0,"144":1,"145":0,"146":0,"147":0,"148":0,"149":1,"150":0,"151":0,"152":0,"153":0,"154":0,"155":1,"156":0,"157":0,"158":0,"159":0,"160":1,"161":0,"162":0,"163":0,"164":0,"165":0,"166":1,"167":0,"168":0,"169":0,"170":1,"171":1,"172":0,"173":1,"174":0,"175":1,"176":1,"177":0,"178":0,"179":0,"180":1,"181":0,"182":0,"183":0,"184":0,"185":0,"186":0,"187":0,"188":1,"189":0,"190":0,"191":1,"192":0,"193":0,"194":1,"195":0,"196":0,"197":0,"198":1,"199":1,"200":0,"201":0,"202":0,"203":0,"204":0,"205":0,"206":1,"207":0,"208":0,"209":0,"210":0,"211":1,"212":0,"213":0,"214":1,"215":0,"216":0,"217":0,"218":1,"219":0,"220":0,"221":0,"222":1,"223":0,"224":0,"225":0,"226":1,"227":0,"228":0,"229":0,"230":0,"231":1,"232":0,"233":0,"234":1,"235":0,"236":0,"237":1,"238":0,"239":0,"240":0,"241":1,"242":0,"243":0,"244":0,"245":1,"246":0,"247":0,"248":0,"249":1,"250":0,"251":0,"252":0,"253":0,"254":0,"255":0,"256":0,"257":0,"258":0,"259":1,"260":0,"261":0,"262":0,"263":0,"264":1,"265":0,"266":0,"267":0,"268":1,"269":0,"270":1,"271":1,"272":1,"273":1,"274":1,"275":1,"276":1,"277":1,"278":1,"279":0,"280":2,"281":1,"282":1,"283":1,"284":1,"285":1,"286":0,"287":0,"288":0,"289":1,"290":0,"291":0,"292":0,"293":2,"294":0,"295":2,"296":1,"297":0,"298":0,"299":2,"300":0,"301":0,"302":0,"303":0,"304":0,"305":0,"306":2,"307":2,"308":2,"309":1,"310":1,"311":12,"312":33,"313":0,"314":0,"315":0,"316":0,"317":1,"318":1,"319":1,"320":0,"321":0,"322":0,"323":0,"324":1},"b":{"0":[0,1],"1":[1,1,0],"2":[7,1],"3":[0,0],"4":[0,0],"5":[0,0],"6":[0,0],"7":[0,0],"8":[3,1],"9":[2,1],"10":[1,0],"11":[0,0],"12":[0,0],"13":[0,0],"14":[2,0],"15":[0,2],"16":[0,0],"17":[0,1],"18":[0,1],"19":[0,1],"20":[1,0],"21":[1,1],"22":[0,0],"23":[0,0],"24":[0,0,0],"25":[0,0],"26":[0,0],"27":[0,0],"28":[0,0],"29":[0,0],"30":[0,0],"31":[0,0],"32":[0,0],"33":[0,0],"34":[1,0],"35":[1,1],"36":[2,0],"37":[0,2],"38":[0,0],"39":[0,1],"40":[1,0],"41":[0,1],"42":[0,0],"43":[0,0],"44":[0,0],"45":[0,0],"46":[0,1],"47":[0,0],"48":[0,1],"49":[1,0],"50":[1,0],"51":[0,1],"52":[0,0],"53":[0,0],"54":[0,0],"55":[0,0,0],"56":[0,0],"57":[0,0],"58":[0,0],"59":[0,0,0],"60":[0,1],"61":[0,0],"62":[0,0],"63":[0,0],"64":[0,0,0],"65":[0,0],"66":[0,0],"67":[0,0],"68":[1,0],"69":[1,1],"70":[0,1],"71":[0,0],"72":[0,0],"73":[0,0],"74":[0,0],"75":[0,0],"76":[0,0],"77":[0,0],"78":[0,0],"79":[0,0],"80":[0,0],"81":[0,0],"82":[0,0],"83":[0,0],"84":[0,0],"85":[1,0],"86":[1,1],"87":[0,1],"88":[1,0],"89":[1,0],"90":[0,0],"91":[0,0],"92":[0,0],"93":[0,0],"94":[0,0],"95":[0,0],"96":[0,0],"97":[0,0],"98":[0,0],"99":[1,0],"100":[1,1],"101":[0,0],"102":[0,0],"103":[0,0],"104":[0,0],"105":[0,0],"106":[0,0,0],"107":[0,0],"108":[0,0],"109":[0,0],"110":[0,0,0],"111":[0,0],"112":[0,0],"113":[0,0],"114":[0,0],"115":[0,0],"116":[0,0],"117":[0,0],"118":[0,0],"119":[1,0],"120":[1,1],"121":[0,0],"122":[0,0],"123":[0,0],"124":[0,0],"125":[0,0],"126":[0,0],"127":[0,0],"128":[0,0],"129":[1,0],"130":[1,1],"131":[0,0],"132":[0,0],"133":[0,0],"134":[0,0],"135":[0,0],"136":[0,0,0],"137":[0,0],"138":[0,0],"139":[0,0],"140":[0,0],"141":[0,0],"142":[0,0],"143":[0,0],"144":[1,0],"145":[1,1],"146":[0,0],"147":[0,0],"148":[0,0],"149":[0,0],"150":[0,0],"151":[0,0],"152":[0,0],"153":[0,0,0],"154":[0,0],"155":[0,0],"156":[0,0],"157":[0,0],"158":[0,0],"159":[0,0],"160":[0,0],"161":[0,0],"162":[0,0],"163":[1,0],"164":[1,1],"165":[0,0],"166":[0,0],"167":[1,0],"168":[1,1],"169":[0,0],"170":[0,0],"171":[0,0],"172":[0,0],"173":[0,0],"174":[0,0],"175":[0,0],"176":[0,0],"177":[0,0],"178":[1,0],"179":[1,1],"180":[0,0],"181":[0,0],"182":[0,0],"183":[1,0],"184":[1,1],"185":[0,0],"186":[1,0],"187":[1,1],"188":[0,0],"189":[0,0],"190":[0,0],"191":[0,0],"192":[0,0],"193":[0,0],"194":[0,0],"195":[0,0],"196":[0,0],"197":[0,0],"198":[0,0,0],"199":[0,0],"200":[0,0],"201":[0,0],"202":[0,0],"203":[0,0],"204":[0,0],"205":[0,0],"206":[0,0],"207":[0,0],"208":[1,0],"209":[1,1],"210":[0,0],"211":[0,0],"212":[0,0],"213":[0,0],"214":[1,0],"215":[1,1],"216":[1,0],"217":[1,1],"218":[0,0],"219":[0,0],"220":[0,0],"221":[0,0],"222":[0,0],"223":[1,0],"224":[1,1],"225":[0,0],"226":[0,0],"227":[0,0],"228":[0,0],"229":[0,0],"230":[1,0],"231":[1,1],"232":[0,0],"233":[0,0],"234":[0,0],"235":[1,0],"236":[1,1],"237":[0,0],"238":[0,0],"239":[0,0],"240":[1,0],"241":[1,1],"242":[0,1],"243":[0,0],"244":[1,0],"245":[0,1],"246":[0,1],"247":[1,1],"248":[0,0],"249":[0,1],"250":[0,0],"251":[0,1],"252":[0,1],"253":[1,0],"254":[1,0],"255":[1,1],"256":[1,0],"257":[1,1],"258":[0,1],"259":[1,1,0],"260":[1,0],"261":[0,0],"262":[0,0],"263":[0,0],"264":[0,0],"265":[0,0],"266":[0,0],"267":[0,0],"268":[0,0],"269":[1,0],"270":[1,1],"271":[0,0],"272":[0,0,0,0,0,0],"273":[0,0],"274":[0,0],"275":[0,0],"276":[0,0],"277":[0,0],"278":[0,0],"279":[0,0],"280":[0,0,0,0],"281":[0,0],"282":[0,0],"283":[0,0],"284":[0,0],"285":[0,0],"286":[0,0],"287":[0,0],"288":[0,0],"289":[0,0],"290":[0,0],"291":[0,0],"292":[0,0],"293":[0,0],"294":[0,0],"295":[0,0],"296":[0,0],"297":[0,0],"298":[0,0],"299":[0,0],"300":[0,0],"301":[0,0],"302":[0,0],"303":[0,0],"304":[0,0],"305":[0,0],"306":[0,0],"307":[0,0],"308":[0,0],"309":[0,0],"310":[0,0],"311":[0,0],"312":[0,0,0],"313":[0,0],"314":[0,0],"315":[0,0],"316":[0,0],"317":[0,0],"318":[0,0],"319":[0,0],"320":[0,0],"321":[0,0],"322":[0,0],"323":[0,0],"324":[0,0],"325":[0,0],"326":[0,0],"327":[0,0],"328":[0,0],"329":[0,0],"330":[0,0],"331":[0,0],"332":[0,0],"333":[0,0],"334":[0,0],"335":[0,0],"336":[0,0],"337":[0,0],"338":[0,0],"339":[0,0],"340":[0,0],"341":[0,0],"342":[0,0],"343":[0,0],"344":[0,0],"345":[0,0],"346":[0,0],"347":[0,0],"348":[0,0],"349":[0,0],"350":[0,0],"351":[0,0],"352":[0,0],"353":[0,0],"354":[0,0],"355":[0,0],"356":[0,0],"357":[0,0],"358":[0,0],"359":[0,0],"360":[0,0],"361":[0,0],"362":[0,0],"363":[0,0],"364":[1,0],"365":[1,1],"366":[1,0],"367":[1,1],"368":[1,0],"369":[1,1],"370":[0,1],"371":[0,1],"372":[1,0],"373":[1,1],"374":[0,0],"375":[0,0],"376":[0,0],"377":[0,0],"378":[0,0],"379":[0,0],"380":[0,0],"381":[0,0],"382":[0,0],"383":[0,0],"384":[0,0],"385":[0,0],"386":[0,0],"387":[0,0],"388":[0,0],"389":[0,0],"390":[0,0],"391":[1,0],"392":[1,1],"393":[0,0],"394":[0,0,0],"395":[0,0],"396":[0,0],"397":[0,0,0],"398":[0,0],"399":[0,0],"400":[0,0],"401":[0,0],"402":[0,0],"403":[0,0],"404":[0,0],"405":[0,0],"406":[0,0],"407":[0,0],"408":[1,0],"409":[1,1],"410":[0,0],"411":[0,0],"412":[0,0],"413":[0,0],"414":[1,0],"415":[1,1],"416":[0,0],"417":[0,0],"418":[0,0],"419":[0,0],"420":[0,0],"421":[0,0],"422":[1,0],"423":[1,1],"424":[0,0],"425":[0,0],"426":[0,0],"427":[0,0],"428":[0,0],"429":[1,0],"430":[1,1],"431":[0,0],"432":[0,0],"433":[0,0],"434":[0,0],"435":[0,0,0,0],"436":[0,0],"437":[0,0],"438":[0,0],"439":[0,0],"440":[0,0],"441":[0,0],"442":[0,0],"443":[1,0],"444":[1,1],"445":[0,0],"446":[0,0],"447":[0,0],"448":[0,0],"449":[0,0],"450":[0,0,0,0,0,0],"451":[1,0],"452":[1,1],"453":[0,0],"454":[0,0],"455":[0,0],"456":[0,0],"457":[0,0],"458":[1,0],"459":[1,1],"460":[1,0],"461":[1,1],"462":[0,0],"463":[0,0],"464":[0,0],"465":[0,0],"466":[0,0],"467":[1,0],"468":[1,1],"469":[0,0],"470":[0,0],"471":[0,0],"472":[0,0],"473":[0,0],"474":[1,0],"475":[1,1],"476":[0,0],"477":[0,0,0],"478":[0,0],"479":[0,0],"480":[0,0],"481":[0,0],"482":[1,0],"483":[1,1],"484":[0,0],"485":[0,0],"486":[0,0],"487":[0,0],"488":[0,0],"489":[0,0],"490":[1,0],"491":[1,1],"492":[0,0],"493":[0,0],"494":[0,0],"495":[0,0],"496":[0,0],"497":[0,0,0],"498":[0,0],"499":[0,0],"500":[1,0],"501":[1,1],"502":[0,0],"503":[0,0],"504":[0,0],"505":[0,0],"506":[1,0],"507":[1,1],"508":[0,1],"509":[1,0],"510":[0,1],"511":[0,1],"512":[0,0],"513":[0,1],"514":[1,0],"515":[1,1],"516":[1,1],"517":[0,1],"518":[1,0],"519":[1,0],"520":[1,0],"521":[1,0],"522":[1,0],"523":[1,0],"524":[1,1],"525":[0,0],"526":[0,0],"527":[0,0],"528":[0,0],"529":[1,0],"530":[1,1],"531":[0,0],"532":[0,2],"533":[2,2,2],"534":[0,2],"535":[0,0],"536":[0,0],"537":[0,0],"538":[0,0],"539":[0,0],"540":[0,0],"541":[0,0],"542":[0,0],"543":[0,2],"544":[0,0],"545":[0,0],"546":[0,0],"547":[0,0],"548":[0,0],"549":[0,0],"550":[0,2],"551":[0,0],"552":[1,0],"553":[1,1],"554":[0,0],"555":[0,2],"556":[0,0],"557":[0,0],"558":[0,2],"559":[2,2],"560":[1,1],"561":[1,0],"562":[2,0],"563":[0,2],"564":[2,0,0],"565":[0,0],"566":[0,0],"567":[0,0],"568":[0,0],"569":[0,0],"570":[0,0],"571":[0,0],"572":[0,2],"573":[2,1,1,1],"574":[1,1],"575":[0,2],"576":[2,1,0],"577":[0,0],"578":[0,0],"579":[1,1],"580":[2,1],"581":[2,0],"582":[2,0],"583":[0,2],"584":[0,0],"585":[0,0],"586":[0,2],"587":[0,2],"588":[1,1],"589":[1,1],"590":[0,0],"591":[0,0],"592":[0,0],"593":[0,2],"594":[2,0,0],"595":[0,0],"596":[1,1],"597":[2,2,1,0],"598":[1,11],"599":[4,7],"600":[0,7],"601":[5,2],"602":[0,7],"603":[0,0],"604":[0,0],"605":[0,0],"606":[1,6],"607":[7,1],"608":[7,1],"609":[1,6],"610":[0,0],"611":[0,0],"612":[0,0],"613":[0,0],"614":[0,0],"615":[0,0],"616":[0,0],"617":[0,0],"618":[0,0],"619":[0,0],"620":[0,0],"621":[0,1],"622":[1,0],"623":[0,1],"624":[1,0],"625":[0,0],"626":[0,1]},"_coverageSchema":"332fd63041d2c1bcb487cc26dd0d5f7d97098a6c","hash":"929c554d4355b3317730f6716d4c70db878d7883","contentHash":"72f6acae501696b387c1ef7b8be98288_10.3.2"},"/www/BUTTERNUT/butternut/bin/handleError.js":{"path":"/www/BUTTERNUT/butternut/bin/handleError.js","statementMap":{"0":{"start":{"line":1,"column":12},"end":{"line":1,"column":30}},"1":{"start":{"line":3,"column":15},"end":{"line":23,"column":1}},"2":{"start":{"line":5,"column":2},"end":{"line":5,"column":74}},"3":{"start":{"line":9,"column":2},"end":{"line":9,"column":111}},"4":{"start":{"line":13,"column":2},"end":{"line":13,"column":113}},"5":{"start":{"line":17,"column":2},"end":{"line":17,"column":89}},"6":{"start":{"line":21,"column":2},"end":{"line":21,"column":89}},"7":{"start":{"line":25,"column":0},"end":{"line":42,"column":2}},"8":{"start":{"line":28,"column":1},"end":{"line":37,"column":2}},"9":{"start":{"line":29,"column":2},"end":{"line":29,"column":17}},"10":{"start":{"line":31,"column":2},"end":{"line":31,"column":73}},"11":{"start":{"line":31,"column":21},"end":{"line":31,"column":73}},"12":{"start":{"line":32,"column":2},"end":{"line":32,"column":51}},"13":{"start":{"line":34,"column":2},"end":{"line":36,"column":3}},"14":{"start":{"line":35,"column":3},"end":{"line":35,"column":44}},"15":{"start":{"line":39,"column":1},"end":{"line":39,"column":115}},"16":{"start":{"line":41,"column":1},"end":{"line":41,"column":19}}},"fnMap":{"0":{"name":"(anonymous_0)","decl":{"start":{"line":4,"column":23},"end":{"line":4,"column":24}},"loc":{"start":{"line":4,"column":35},"end":{"line":6,"column":2}},"line":4},"1":{"name":"(anonymous_1)","decl":{"start":{"line":8,"column":21},"end":{"line":8,"column":22}},"loc":{"start":{"line":8,"column":33},"end":{"line":10,"column":2}},"line":8},"2":{"name":"(anonymous_2)","decl":{"start":{"line":12,"column":22},"end":{"line":12,"column":23}},"loc":{"start":{"line":12,"column":34},"end":{"line":14,"column":2}},"line":12},"3":{"name":"(anonymous_3)","decl":{"start":{"line":16,"column":16},"end":{"line":16,"column":17}},"loc":{"start":{"line":16,"column":33},"end":{"line":18,"column":2}},"line":16},"4":{"name":"(anonymous_4)","decl":{"start":{"line":20,"column":27},"end":{"line":20,"column":28}},"loc":{"start":{"line":20,"column":44},"end":{"line":22,"column":2}},"line":20},"5":{"name":"handleError","decl":{"start":{"line":25,"column":26},"end":{"line":25,"column":37}},"loc":{"start":{"line":25,"column":46},"end":{"line":42,"column":1}},"line":25}},"branchMap":{"0":{"loc":{"start":{"line":28,"column":1},"end":{"line":37,"column":2}},"type":"if","locations":[{"start":{"line":28,"column":1},"end":{"line":37,"column":2}},{"start":{"line":28,"column":1},"end":{"line":37,"column":2}}],"line":28},"1":{"loc":{"start":{"line":28,"column":26},"end":{"line":28,"column":41}},"type":"binary-expr","locations":[{"start":{"line":28,"column":26},"end":{"line":28,"column":29}},{"start":{"line":28,"column":33},"end":{"line":28,"column":41}}],"line":28},"2":{"loc":{"start":{"line":31,"column":2},"end":{"line":31,"column":73}},"type":"if","locations":[{"start":{"line":31,"column":2},"end":{"line":31,"column":73}},{"start":{"line":31,"column":2},"end":{"line":31,"column":73}}],"line":31},"3":{"loc":{"start":{"line":32,"column":28},"end":{"line":32,"column":46}},"type":"binary-expr","locations":[{"start":{"line":32,"column":28},"end":{"line":32,"column":39}},{"start":{"line":32,"column":43},"end":{"line":32,"column":46}}],"line":32},"4":{"loc":{"start":{"line":34,"column":2},"end":{"line":36,"column":3}},"type":"if","locations":[{"start":{"line":34,"column":2},"end":{"line":36,"column":3}},{"start":{"line":34,"column":2},"end":{"line":36,"column":3}}],"line":34}},"s":{"0":1,"1":1,"2":0,"3":0,"4":0,"5":0,"6":0,"7":1,"8":0,"9":0,"10":0,"11":0,"12":0,"13":0,"14":0,"15":0,"16":0},"f":{"0":0,"1":0,"2":0,"3":0,"4":0,"5":0},"b":{"0":[0,0],"1":[0,0],"2":[0,0],"3":[0,0],"4":[0,0]},"_coverageSchema":"332fd63041d2c1bcb487cc26dd0d5f7d97098a6c","hash":"7c077c8bda2733ecd638cba02311288e503b71e2","contentHash":"8074cfd757d0c129e9de483c3ec88f66_10.3.2"}}