{"/www/BUTTERNUT/butternut/src/index.js":{"path":"/www/BUTTERNUT/butternut/src/index.js","statementMap":{"0":{"start":{"line":1,"column":13},"end":{"line":1,"column":48}},"1":{"start":{"line":1,"column":39},"end":{"line":1,"column":45}},"2":{"start":{"line":1,"column":48},"end":{"line":1,"column":132}},"3":{"start":{"line":1,"column":109},"end":{"line":1,"column":126}},"4":{"start":{"line":1,"column":142},"end":{"line":1,"column":204}},"5":{"start":{"line":1,"column":191},"end":{"line":1,"column":198}},"6":{"start":{"line":1,"column":216},"end":{"line":1,"column":297}},"7":{"start":{"line":1,"column":282},"end":{"line":1,"column":291}},"8":{"start":{"line":1,"column":307},"end":{"line":1,"column":382}},"9":{"start":{"line":1,"column":369},"end":{"line":1,"column":376}},"10":{"start":{"line":1,"column":397},"end":{"line":1,"column":482}},"11":{"start":{"line":1,"column":464},"end":{"line":1,"column":476}},"12":{"start":{"line":9,"column":15},"end":{"line":9,"column":41}},"13":{"start":{"line":11,"column":1},"end":{"line":22,"column":2}},"14":{"start":{"line":12,"column":2},"end":{"line":12,"column":37}},"15":{"start":{"line":12,"column":15},"end":{"line":12,"column":37}},"16":{"start":{"line":13,"column":2},"end":{"line":17,"column":5}},"17":{"start":{"line":18,"column":2},"end":{"line":18,"column":40}},"18":{"start":{"line":18,"column":15},"end":{"line":18,"column":40}},"19":{"start":{"line":20,"column":2},"end":{"line":20,"column":46}},"20":{"start":{"line":21,"column":2},"end":{"line":21,"column":12}},"21":{"start":{"line":24,"column":1},"end":{"line":24,"column":60}}},"fnMap":{"0":{"name":"(anonymous_0)","decl":{"start":{"line":1,"column":35},"end":{"line":1,"column":36}},"loc":{"start":{"line":1,"column":39},"end":{"line":1,"column":45}},"line":1},"1":{"name":"(anonymous_1)","decl":{"start":{"line":1,"column":97},"end":{"line":1,"column":98}},"loc":{"start":{"line":1,"column":108},"end":{"line":1,"column":127}},"line":1},"2":{"name":"(anonymous_2)","decl":{"start":{"line":1,"column":179},"end":{"line":1,"column":180}},"loc":{"start":{"line":1,"column":190},"end":{"line":1,"column":199}},"line":1},"3":{"name":"(anonymous_3)","decl":{"start":{"line":1,"column":270},"end":{"line":1,"column":271}},"loc":{"start":{"line":1,"column":281},"end":{"line":1,"column":292}},"line":1},"4":{"name":"(anonymous_4)","decl":{"start":{"line":1,"column":357},"end":{"line":1,"column":358}},"loc":{"start":{"line":1,"column":368},"end":{"line":1,"column":377}},"line":1},"5":{"name":"(anonymous_5)","decl":{"start":{"line":1,"column":452},"end":{"line":1,"column":453}},"loc":{"start":{"line":1,"column":463},"end":{"line":1,"column":477}},"line":1},"6":{"name":"squash","decl":{"start":{"line":6,"column":9},"end":{"line":6,"column":15}},"loc":{"start":{"line":6,"column":41},"end":{"line":25,"column":1}},"line":6}},"branchMap":{"0":{"loc":{"start":{"line":6,"column":26},"end":{"line":6,"column":38}},"type":"default-arg","locations":[{"start":{"line":6,"column":36},"end":{"line":6,"column":38}}],"line":6},"1":{"loc":{"start":{"line":9,"column":15},"end":{"line":9,"column":41}},"type":"cond-expr","locations":[{"start":{"line":9,"column":23},"end":{"line":9,"column":34}},{"start":{"line":9,"column":37},"end":{"line":9,"column":41}}],"line":9},"2":{"loc":{"start":{"line":12,"column":2},"end":{"line":12,"column":37}},"type":"if","locations":[{"start":{"line":12,"column":2},"end":{"line":12,"column":37}},{"start":{"line":12,"column":2},"end":{"line":12,"column":37}}],"line":12},"3":{"loc":{"start":{"line":18,"column":2},"end":{"line":18,"column":40}},"type":"if","locations":[{"start":{"line":18,"column":2},"end":{"line":18,"column":40}},{"start":{"line":18,"column":2},"end":{"line":18,"column":40}}],"line":18}},"s":{"0":1,"1":6,"2":1,"3":1,"4":1,"5":1,"6":1,"7":1,"8":1,"9":1,"10":1,"11":1,"12":234,"13":234,"14":234,"15":234,"16":234,"17":234,"18":234,"19":0,"20":0,"21":234},"f":{"0":6,"1":1,"2":1,"3":1,"4":1,"5":1,"6":234},"b":{"0":[214],"1":[234,0],"2":[234,0],"3":[234,0]},"_coverageSchema":"332fd63041d2c1bcb487cc26dd0d5f7d97098a6c","hash":"b2ff214c405976dff0d726d0a1e9874c39594fc0","contentHash":"09c22df9432943e4d32826caa94f7fbc_10.3.2"},"/www/BUTTERNUT/butternut/src/program/Program.js":{"path":"/www/BUTTERNUT/butternut/src/program/Program.js","statementMap":{"0":{"start":{"line":1,"column":13},"end":{"line":1,"column":50}},"1":{"start":{"line":1,"column":40},"end":{"line":1,"column":47}},"2":{"start":{"line":1,"column":66},"end":{"line":1,"column":143}},"3":{"start":{"line":1,"column":124},"end":{"line":1,"column":137}},"4":{"start":{"line":1,"column":152},"end":{"line":1,"column":219}},"5":{"start":{"line":1,"column":207},"end":{"line":1,"column":213}},"6":{"start":{"line":1,"column":238},"end":{"line":1,"column":325}},"7":{"start":{"line":1,"column":303},"end":{"line":1,"column":319}},"8":{"start":{"line":1,"column":335},"end":{"line":1,"column":404}},"9":{"start":{"line":1,"column":391},"end":{"line":1,"column":398}},"10":{"start":{"line":1,"column":414},"end":{"line":1,"column":483}},"11":{"start":{"line":1,"column":470},"end":{"line":1,"column":477}},"12":{"start":{"line":8,"column":1},"end":{"line":8,"column":20}},"13":{"start":{"line":9,"column":1},"end":{"line":9,"column":20}},"14":{"start":{"line":11,"column":1},"end":{"line":11,"column":22}},"15":{"start":{"line":12,"column":1},"end":{"line":12,"column":49}},"16":{"start":{"line":12,"column":14},"end":{"line":12,"column":49}},"17":{"start":{"line":13,"column":1},"end":{"line":13,"column":46}},"18":{"start":{"line":14,"column":1},"end":{"line":14,"column":52}},"19":{"start":{"line":14,"column":14},"end":{"line":14,"column":52}},"20":{"start":{"line":16,"column":1},"end":{"line":16,"column":16}},"21":{"start":{"line":17,"column":1},"end":{"line":17,"column":16}},"22":{"start":{"line":19,"column":1},"end":{"line":19,"column":42}},"23":{"start":{"line":19,"column":14},"end":{"line":19,"column":42}},"24":{"start":{"line":20,"column":1},"end":{"line":20,"column":31}},"25":{"start":{"line":21,"column":1},"end":{"line":21,"column":48}},"26":{"start":{"line":22,"column":1},"end":{"line":22,"column":45}},"27":{"start":{"line":22,"column":14},"end":{"line":22,"column":45}},"28":{"start":{"line":24,"column":1},"end":{"line":24,"column":28}},"29":{"start":{"line":25,"column":1},"end":{"line":25,"column":40}},"30":{"start":{"line":25,"column":14},"end":{"line":25,"column":40}},"31":{"start":{"line":26,"column":15},"end":{"line":29,"column":3}},"32":{"start":{"line":31,"column":1},"end":{"line":33,"column":4}},"33":{"start":{"line":32,"column":2},"end":{"line":32,"column":28}},"34":{"start":{"line":35,"column":1},"end":{"line":35,"column":31}},"35":{"start":{"line":36,"column":1},"end":{"line":36,"column":43}},"36":{"start":{"line":36,"column":14},"end":{"line":36,"column":43}},"37":{"start":{"line":38,"column":1},"end":{"line":38,"column":37}},"38":{"start":{"line":38,"column":14},"end":{"line":38,"column":37}},"39":{"start":{"line":39,"column":1},"end":{"line":39,"column":38}},"40":{"start":{"line":40,"column":1},"end":{"line":40,"column":40}},"41":{"start":{"line":40,"column":14},"end":{"line":40,"column":40}},"42":{"start":{"line":43,"column":0},"end":{"line":71,"column":2}},"43":{"start":{"line":45,"column":16},"end":{"line":45,"column":26}},"44":{"start":{"line":47,"column":2},"end":{"line":47,"column":45}},"45":{"start":{"line":47,"column":15},"end":{"line":47,"column":45}},"46":{"start":{"line":48,"column":15},"end":{"line":48,"column":42}},"47":{"start":{"line":49,"column":2},"end":{"line":49,"column":48}},"48":{"start":{"line":49,"column":15},"end":{"line":49,"column":48}},"49":{"start":{"line":51,"column":2},"end":{"line":53,"column":3}},"50":{"start":{"line":52,"column":3},"end":{"line":52,"column":39}},"51":{"start":{"line":55,"column":2},"end":{"line":55,"column":44}},"52":{"start":{"line":55,"column":15},"end":{"line":55,"column":44}},"53":{"start":{"line":56,"column":14},"end":{"line":60,"column":11}},"54":{"start":{"line":61,"column":2},"end":{"line":61,"column":47}},"55":{"start":{"line":61,"column":15},"end":{"line":61,"column":47}},"56":{"start":{"line":63,"column":2},"end":{"line":67,"column":3}},"57":{"start":{"line":64,"column":3},"end":{"line":66,"column":6}},"58":{"start":{"line":65,"column":4},"end":{"line":65,"column":51}},"59":{"start":{"line":69,"column":2},"end":{"line":69,"column":30}}},"fnMap":{"0":{"name":"(anonymous_0)","decl":{"start":{"line":1,"column":36},"end":{"line":1,"column":37}},"loc":{"start":{"line":1,"column":40},"end":{"line":1,"column":47}},"line":1},"1":{"name":"(anonymous_1)","decl":{"start":{"line":1,"column":112},"end":{"line":1,"column":113}},"loc":{"start":{"line":1,"column":123},"end":{"line":1,"column":138}},"line":1},"2":{"name":"(anonymous_2)","decl":{"start":{"line":1,"column":195},"end":{"line":1,"column":196}},"loc":{"start":{"line":1,"column":206},"end":{"line":1,"column":214}},"line":1},"3":{"name":"(anonymous_3)","decl":{"start":{"line":1,"column":291},"end":{"line":1,"column":292}},"loc":{"start":{"line":1,"column":302},"end":{"line":1,"column":320}},"line":1},"4":{"name":"(anonymous_4)","decl":{"start":{"line":1,"column":379},"end":{"line":1,"column":380}},"loc":{"start":{"line":1,"column":390},"end":{"line":1,"column":399}},"line":1},"5":{"name":"(anonymous_5)","decl":{"start":{"line":1,"column":458},"end":{"line":1,"column":459}},"loc":{"start":{"line":1,"column":469},"end":{"line":1,"column":478}},"line":1},"6":{"name":"Program","decl":{"start":{"line":7,"column":9},"end":{"line":7,"column":16}},"loc":{"start":{"line":7,"column":40},"end":{"line":41,"column":1}},"line":7},"7":{"name":"(anonymous_7)","decl":{"start":{"line":31,"column":25},"end":{"line":31,"column":26}},"loc":{"start":{"line":31,"column":33},"end":{"line":33,"column":2}},"line":31},"8":{"name":"(anonymous_8)","decl":{"start":{"line":64,"column":50},"end":{"line":64,"column":51}},"loc":{"start":{"line":64,"column":58},"end":{"line":66,"column":4}},"line":64}},"branchMap":{"0":{"loc":{"start":{"line":12,"column":1},"end":{"line":12,"column":49}},"type":"if","locations":[{"start":{"line":12,"column":1},"end":{"line":12,"column":49}},{"start":{"line":12,"column":1},"end":{"line":12,"column":49}}],"line":12},"1":{"loc":{"start":{"line":14,"column":1},"end":{"line":14,"column":52}},"type":"if","locations":[{"start":{"line":14,"column":1},"end":{"line":14,"column":52}},{"start":{"line":14,"column":1},"end":{"line":14,"column":52}}],"line":14},"2":{"loc":{"start":{"line":19,"column":1},"end":{"line":19,"column":42}},"type":"if","locations":[{"start":{"line":19,"column":1},"end":{"line":19,"column":42}},{"start":{"line":19,"column":1},"end":{"line":19,"column":42}}],"line":19},"3":{"loc":{"start":{"line":22,"column":1},"end":{"line":22,"column":45}},"type":"if","locations":[{"start":{"line":22,"column":1},"end":{"line":22,"column":45}},{"start":{"line":22,"column":1},"end":{"line":22,"column":45}}],"line":22},"4":{"loc":{"start":{"line":25,"column":1},"end":{"line":25,"column":40}},"type":"if","locations":[{"start":{"line":25,"column":1},"end":{"line":25,"column":40}},{"start":{"line":25,"column":1},"end":{"line":25,"column":40}}],"line":25},"5":{"loc":{"start":{"line":36,"column":1},"end":{"line":36,"column":43}},"type":"if","locations":[{"start":{"line":36,"column":1},"end":{"line":36,"column":43}},{"start":{"line":36,"column":1},"end":{"line":36,"column":43}}],"line":36},"6":{"loc":{"start":{"line":38,"column":1},"end":{"line":38,"column":37}},"type":"if","locations":[{"start":{"line":38,"column":1},"end":{"line":38,"column":37}},{"start":{"line":38,"column":1},"end":{"line":38,"column":37}}],"line":38},"7":{"loc":{"start":{"line":40,"column":1},"end":{"line":40,"column":40}},"type":"if","locations":[{"start":{"line":40,"column":1},"end":{"line":40,"column":40}},{"start":{"line":40,"column":1},"end":{"line":40,"column":40}}],"line":40},"8":{"loc":{"start":{"line":47,"column":2},"end":{"line":47,"column":45}},"type":"if","locations":[{"start":{"line":47,"column":2},"end":{"line":47,"column":45}},{"start":{"line":47,"column":2},"end":{"line":47,"column":45}}],"line":47},"9":{"loc":{"start":{"line":49,"column":2},"end":{"line":49,"column":48}},"type":"if","locations":[{"start":{"line":49,"column":2},"end":{"line":49,"column":48}},{"start":{"line":49,"column":2},"end":{"line":49,"column":48}}],"line":49},"10":{"loc":{"start":{"line":51,"column":2},"end":{"line":53,"column":3}},"type":"if","locations":[{"start":{"line":51,"column":2},"end":{"line":53,"column":3}},{"start":{"line":51,"column":2},"end":{"line":53,"column":3}}],"line":51},"11":{"loc":{"start":{"line":55,"column":2},"end":{"line":55,"column":44}},"type":"if","locations":[{"start":{"line":55,"column":2},"end":{"line":55,"column":44}},{"start":{"line":55,"column":2},"end":{"line":55,"column":44}}],"line":55},"12":{"loc":{"start":{"line":56,"column":14},"end":{"line":60,"column":11}},"type":"cond-expr","locations":[{"start":{"line":56,"column":44},"end":{"line":60,"column":4}},{"start":{"line":60,"column":7},"end":{"line":60,"column":11}}],"line":56},"13":{"loc":{"start":{"line":61,"column":2},"end":{"line":61,"column":47}},"type":"if","locations":[{"start":{"line":61,"column":2},"end":{"line":61,"column":47}},{"start":{"line":61,"column":2},"end":{"line":61,"column":47}}],"line":61},"14":{"loc":{"start":{"line":63,"column":2},"end":{"line":67,"column":3}},"type":"if","locations":[{"start":{"line":63,"column":2},"end":{"line":67,"column":3}},{"start":{"line":63,"column":2},"end":{"line":67,"column":3}}],"line":63},"15":{"loc":{"start":{"line":63,"column":7},"end":{"line":63,"column":38}},"type":"binary-expr","locations":[{"start":{"line":63,"column":7},"end":{"line":63,"column":12}},{"start":{"line":63,"column":16},"end":{"line":63,"column":38}}],"line":63}},"s":{"0":1,"1":8,"2":1,"3":1,"4":1,"5":1,"6":1,"7":1,"8":1,"9":1,"10":1,"11":1,"12":234,"13":234,"14":234,"15":234,"16":234,"17":234,"18":234,"19":234,"20":234,"21":234,"22":234,"23":234,"24":234,"25":234,"26":234,"27":234,"28":234,"29":234,"30":234,"31":234,"32":234,"33":283,"34":234,"35":234,"36":234,"37":234,"38":234,"39":234,"40":234,"41":234,"42":1,"43":234,"44":234,"45":234,"46":234,"47":234,"48":234,"49":234,"50":20,"51":234,"52":234,"53":234,"54":234,"55":234,"56":234,"57":0,"58":0,"59":234},"f":{"0":8,"1":1,"2":1,"3":1,"4":1,"5":1,"6":234,"7":283,"8":0},"b":{"0":[234,0],"1":[234,0],"2":[234,0],"3":[234,0],"4":[234,0],"5":[234,0],"6":[234,0],"7":[234,0],"8":[234,0],"9":[234,0],"10":[20,214],"11":[234,0],"12":[234,0],"13":[234,0],"14":[0,234],"15":[234,234]},"_coverageSchema":"332fd63041d2c1bcb487cc26dd0d5f7d97098a6c","hash":"a987a3568e850dc11a936c1d37ddb83ce659ac04","contentHash":"d1f7a12ba7e1541048bfc3e393ce3f2f_10.3.2"},"/www/BUTTERNUT/butternut/src/program/wrap.js":{"path":"/www/BUTTERNUT/butternut/src/program/wrap.js","statementMap":{"0":{"start":{"line":1,"column":13},"end":{"line":1,"column":47}},"1":{"start":{"line":1,"column":40},"end":{"line":1,"column":44}},"2":{"start":{"line":1,"column":57},"end":{"line":1,"column":132}},"3":{"start":{"line":1,"column":119},"end":{"line":1,"column":126}},"4":{"start":{"line":1,"column":151},"end":{"line":1,"column":238}},"5":{"start":{"line":1,"column":216},"end":{"line":1,"column":232}},"6":{"start":{"line":1,"column":247},"end":{"line":1,"column":314}},"7":{"start":{"line":1,"column":302},"end":{"line":1,"column":308}},"8":{"start":{"line":1,"column":323},"end":{"line":1,"column":390}},"9":{"start":{"line":1,"column":378},"end":{"line":1,"column":384}},"10":{"start":{"line":6,"column":29},"end":{"line":13,"column":1}},"11":{"start":{"line":16,"column":1},"end":{"line":22,"column":3}},"12":{"start":{"line":26,"column":1},"end":{"line":26,"column":20}},"13":{"start":{"line":26,"column":13},"end":{"line":26,"column":20}},"14":{"start":{"line":28,"column":1},"end":{"line":32,"column":2}},"15":{"start":{"line":29,"column":10},"end":{"line":29,"column":20}},"16":{"start":{"line":30,"column":2},"end":{"line":30,"column":39}},"17":{"start":{"line":30,"column":16},"end":{"line":30,"column":39}},"18":{"start":{"line":31,"column":2},"end":{"line":31,"column":9}},"19":{"start":{"line":36,"column":1},"end":{"line":36,"column":29}},"20":{"start":{"line":36,"column":22},"end":{"line":36,"column":29}},"21":{"start":{"line":37,"column":1},"end":{"line":37,"column":22}},"22":{"start":{"line":39,"column":1},"end":{"line":41,"column":2}},"23":{"start":{"line":40,"column":2},"end":{"line":40,"column":88}},"24":{"start":{"line":40,"column":55},"end":{"line":40,"column":85}},"25":{"start":{"line":45,"column":1},"end":{"line":50,"column":2}},"26":{"start":{"line":46,"column":2},"end":{"line":46,"column":95}},"27":{"start":{"line":46,"column":50},"end":{"line":46,"column":95}},"28":{"start":{"line":47,"column":2},"end":{"line":47,"column":109}},"29":{"start":{"line":47,"column":66},"end":{"line":47,"column":109}},"30":{"start":{"line":48,"column":8},"end":{"line":50,"column":2}},"31":{"start":{"line":49,"column":2},"end":{"line":49,"column":35}},"32":{"start":{"line":52,"column":1},"end":{"line":52,"column":21}},"33":{"start":{"line":53,"column":1},"end":{"line":53,"column":40}},"34":{"start":{"line":54,"column":1},"end":{"line":54,"column":30}},"35":{"start":{"line":55,"column":1},"end":{"line":55,"column":29}},"36":{"start":{"line":56,"column":1},"end":{"line":56,"column":29}},"37":{"start":{"line":58,"column":1},"end":{"line":60,"column":2}},"38":{"start":{"line":59,"column":2},"end":{"line":59,"column":26}},"39":{"start":{"line":62,"column":1},"end":{"line":62,"column":59}},"40":{"start":{"line":63,"column":1},"end":{"line":63,"column":57}},"41":{"start":{"line":65,"column":14},"end":{"line":65,"column":92}},"42":{"start":{"line":66,"column":1},"end":{"line":66,"column":32}}},"fnMap":{"0":{"name":"(anonymous_0)","decl":{"start":{"line":1,"column":36},"end":{"line":1,"column":37}},"loc":{"start":{"line":1,"column":40},"end":{"line":1,"column":44}},"line":1},"1":{"name":"(anonymous_1)","decl":{"start":{"line":1,"column":107},"end":{"line":1,"column":108}},"loc":{"start":{"line":1,"column":118},"end":{"line":1,"column":127}},"line":1},"2":{"name":"(anonymous_2)","decl":{"start":{"line":1,"column":204},"end":{"line":1,"column":205}},"loc":{"start":{"line":1,"column":215},"end":{"line":1,"column":233}},"line":1},"3":{"name":"(anonymous_3)","decl":{"start":{"line":1,"column":290},"end":{"line":1,"column":291}},"loc":{"start":{"line":1,"column":301},"end":{"line":1,"column":309}},"line":1},"4":{"name":"(anonymous_4)","decl":{"start":{"line":1,"column":366},"end":{"line":1,"column":367}},"loc":{"start":{"line":1,"column":377},"end":{"line":1,"column":385}},"line":1},"5":{"name":"synthetic","decl":{"start":{"line":15,"column":9},"end":{"line":15,"column":18}},"loc":{"start":{"line":15,"column":34},"end":{"line":23,"column":1}},"line":15},"6":{"name":"wrap","decl":{"start":{"line":25,"column":9},"end":{"line":25,"column":13}},"loc":{"start":{"line":25,"column":30},"end":{"line":67,"column":1}},"line":25},"7":{"name":"(anonymous_7)","decl":{"start":{"line":40,"column":48},"end":{"line":40,"column":49}},"loc":{"start":{"line":40,"column":55},"end":{"line":40,"column":85}},"line":40}},"branchMap":{"0":{"loc":{"start":{"line":26,"column":1},"end":{"line":26,"column":20}},"type":"if","locations":[{"start":{"line":26,"column":1},"end":{"line":26,"column":20}},{"start":{"line":26,"column":1},"end":{"line":26,"column":20}}],"line":26},"1":{"loc":{"start":{"line":28,"column":1},"end":{"line":32,"column":2}},"type":"if","locations":[{"start":{"line":28,"column":1},"end":{"line":32,"column":2}},{"start":{"line":28,"column":1},"end":{"line":32,"column":2}}],"line":28},"2":{"loc":{"start":{"line":36,"column":1},"end":{"line":36,"column":29}},"type":"if","locations":[{"start":{"line":36,"column":1},"end":{"line":36,"column":29}},{"start":{"line":36,"column":1},"end":{"line":36,"column":29}}],"line":36},"3":{"loc":{"start":{"line":39,"column":1},"end":{"line":41,"column":2}},"type":"if","locations":[{"start":{"line":39,"column":1},"end":{"line":41,"column":2}},{"start":{"line":39,"column":1},"end":{"line":41,"column":2}}],"line":39},"4":{"loc":{"start":{"line":45,"column":1},"end":{"line":50,"column":2}},"type":"if","locations":[{"start":{"line":45,"column":1},"end":{"line":50,"column":2}},{"start":{"line":45,"column":1},"end":{"line":50,"column":2}}],"line":45},"5":{"loc":{"start":{"line":46,"column":2},"end":{"line":46,"column":95}},"type":"if","locations":[{"start":{"line":46,"column":2},"end":{"line":46,"column":95}},{"start":{"line":46,"column":2},"end":{"line":46,"column":95}}],"line":46},"6":{"loc":{"start":{"line":47,"column":2},"end":{"line":47,"column":109}},"type":"if","locations":[{"start":{"line":47,"column":2},"end":{"line":47,"column":109}},{"start":{"line":47,"column":2},"end":{"line":47,"column":109}}],"line":47},"7":{"loc":{"start":{"line":47,"column":7},"end":{"line":47,"column":63}},"type":"binary-expr","locations":[{"start":{"line":47,"column":7},"end":{"line":47,"column":20}},{"start":{"line":47,"column":24},"end":{"line":47,"column":63}}],"line":47},"8":{"loc":{"start":{"line":48,"column":8},"end":{"line":50,"column":2}},"type":"if","locations":[{"start":{"line":48,"column":8},"end":{"line":50,"column":2}},{"start":{"line":48,"column":8},"end":{"line":50,"column":2}}],"line":48},"9":{"loc":{"start":{"line":48,"column":13},"end":{"line":48,"column":83}},"type":"binary-expr","locations":[{"start":{"line":48,"column":13},"end":{"line":48,"column":45}},{"start":{"line":48,"column":49},"end":{"line":48,"column":83}}],"line":48},"10":{"loc":{"start":{"line":53,"column":15},"end":{"line":53,"column":39}},"type":"binary-expr","locations":[{"start":{"line":53,"column":15},"end":{"line":53,"column":29}},{"start":{"line":53,"column":33},"end":{"line":53,"column":39}}],"line":53},"11":{"loc":{"start":{"line":65,"column":14},"end":{"line":65,"column":92}},"type":"binary-expr","locations":[{"start":{"line":65,"column":16},"end":{"line":65,"column":82}},{"start":{"line":65,"column":88},"end":{"line":65,"column":92}}],"line":65},"12":{"loc":{"start":{"line":65,"column":16},"end":{"line":65,"column":82}},"type":"cond-expr","locations":[{"start":{"line":65,"column":48},"end":{"line":65,"column":62}},{"start":{"line":65,"column":65},"end":{"line":65,"column":82}}],"line":65}},"s":{"0":1,"1":6,"2":1,"3":1,"4":1,"5":1,"6":1,"7":1,"8":1,"9":1,"10":1,"11":2973,"12":690142,"13":17845,"14":672297,"15":88586,"16":88586,"17":166174,"18":88586,"19":583711,"20":1,"21":583710,"22":583710,"23":51,"24":319,"25":583710,"26":9434,"27":1946,"28":9434,"29":819,"30":574276,"31":208,"32":583710,"33":583710,"34":583710,"35":583710,"36":583710,"37":583710,"38":523734,"39":583710,"40":583710,"41":583710,"42":583710},"f":{"0":6,"1":1,"2":1,"3":1,"4":1,"5":2973,"6":690142,"7":319},"b":{"0":[17845,672297],"1":[88586,583711],"2":[1,583710],"3":[51,583659],"4":[9434,574276],"5":[1946,7488],"6":[819,8615],"7":[9434,2075],"8":[208,574068],"9":[574276,2056],"10":[583710,234],"11":[583710,28379],"12":[25283,558427]},"_coverageSchema":"332fd63041d2c1bcb487cc26dd0d5f7d97098a6c","hash":"9d615a81b92bae677d807568a5d5f11581048694","contentHash":"51a3fc25b9a9656617751c9a84df20c7_10.3.2"},"/www/BUTTERNUT/butternut/src/program/types/index.js":{"path":"/www/BUTTERNUT/butternut/src/program/types/index.js","statementMap":{"0":{"start":{"line":1,"column":23},"end":{"line":1,"column":99}},"1":{"start":{"line":1,"column":86},"end":{"line":1,"column":93}},"2":{"start":{"line":1,"column":127},"end":{"line":1,"column":232}},"3":{"start":{"line":1,"column":201},"end":{"line":1,"column":226}},"4":{"start":{"line":1,"column":257},"end":{"line":1,"column":356}},"5":{"start":{"line":1,"column":328},"end":{"line":1,"column":350}},"6":{"start":{"line":1,"column":377},"end":{"line":1,"column":468}},"7":{"start":{"line":1,"column":444},"end":{"line":1,"column":462}},"8":{"start":{"line":1,"column":487},"end":{"line":1,"column":574}},"9":{"start":{"line":1,"column":552},"end":{"line":1,"column":568}},"10":{"start":{"line":1,"column":590},"end":{"line":1,"column":671}},"11":{"start":{"line":1,"column":652},"end":{"line":1,"column":665}},"12":{"start":{"line":1,"column":685},"end":{"line":1,"column":762}},"13":{"start":{"line":1,"column":745},"end":{"line":1,"column":756}},"14":{"start":{"line":1,"column":783},"end":{"line":1,"column":874}},"15":{"start":{"line":1,"column":850},"end":{"line":1,"column":868}},"16":{"start":{"line":1,"column":894},"end":{"line":1,"column":983}},"17":{"start":{"line":1,"column":960},"end":{"line":1,"column":977}},"18":{"start":{"line":1,"column":1009},"end":{"line":1,"column":1110}},"19":{"start":{"line":1,"column":1081},"end":{"line":1,"column":1104}},"20":{"start":{"line":1,"column":1131},"end":{"line":1,"column":1223}},"21":{"start":{"line":1,"column":1198},"end":{"line":1,"column":1216}},"22":{"start":{"line":1,"column":1247},"end":{"line":1,"column":1345}},"23":{"start":{"line":1,"column":1317},"end":{"line":1,"column":1338}},"24":{"start":{"line":1,"column":1362},"end":{"line":1,"column":1446}},"25":{"start":{"line":1,"column":1425},"end":{"line":1,"column":1439}},"26":{"start":{"line":1,"column":1467},"end":{"line":1,"column":1566}},"27":{"start":{"line":1,"column":1541},"end":{"line":1,"column":1559}},"28":{"start":{"line":1,"column":1590},"end":{"line":1,"column":1688}},"29":{"start":{"line":1,"column":1660},"end":{"line":1,"column":1681}},"30":{"start":{"line":1,"column":1711},"end":{"line":1,"column":1807}},"31":{"start":{"line":1,"column":1780},"end":{"line":1,"column":1800}},"32":{"start":{"line":1,"column":1822},"end":{"line":1,"column":1902}},"33":{"start":{"line":1,"column":1883},"end":{"line":1,"column":1895}},"34":{"start":{"line":1,"column":1918},"end":{"line":1,"column":2000}},"35":{"start":{"line":1,"column":1980},"end":{"line":1,"column":1993}},"36":{"start":{"line":1,"column":2027},"end":{"line":1,"column":2131}},"37":{"start":{"line":1,"column":2100},"end":{"line":1,"column":2124}},"38":{"start":{"line":1,"column":2151},"end":{"line":1,"column":2241}},"39":{"start":{"line":1,"column":2217},"end":{"line":1,"column":2234}},"40":{"start":{"line":1,"column":2253},"end":{"line":1,"column":2327}},"41":{"start":{"line":1,"column":2311},"end":{"line":1,"column":2320}},"42":{"start":{"line":1,"column":2349},"end":{"line":1,"column":2443}},"43":{"start":{"line":1,"column":2417},"end":{"line":1,"column":2436}},"44":{"start":{"line":1,"column":2464},"end":{"line":1,"column":2556}},"45":{"start":{"line":1,"column":2531},"end":{"line":1,"column":2549}},"46":{"start":{"line":1,"column":2577},"end":{"line":1,"column":2669}},"47":{"start":{"line":1,"column":2644},"end":{"line":1,"column":2662}},"48":{"start":{"line":1,"column":2687},"end":{"line":1,"column":2773}},"49":{"start":{"line":1,"column":2751},"end":{"line":1,"column":2766}},"50":{"start":{"line":1,"column":2794},"end":{"line":1,"column":2886}},"51":{"start":{"line":1,"column":2861},"end":{"line":1,"column":2879}},"52":{"start":{"line":1,"column":2904},"end":{"line":1,"column":2990}},"53":{"start":{"line":1,"column":2968},"end":{"line":1,"column":2983}},"54":{"start":{"line":1,"column":3018},"end":{"line":1,"column":3124}},"55":{"start":{"line":1,"column":3092},"end":{"line":1,"column":3117}},"56":{"start":{"line":1,"column":3144},"end":{"line":1,"column":3234}},"57":{"start":{"line":1,"column":3210},"end":{"line":1,"column":3227}},"58":{"start":{"line":1,"column":3252},"end":{"line":1,"column":3338}},"59":{"start":{"line":1,"column":3316},"end":{"line":1,"column":3331}},"60":{"start":{"line":1,"column":3353},"end":{"line":1,"column":3433}},"61":{"start":{"line":1,"column":3414},"end":{"line":1,"column":3426}},"62":{"start":{"line":1,"column":3453},"end":{"line":1,"column":3543}},"63":{"start":{"line":1,"column":3519},"end":{"line":1,"column":3536}},"64":{"start":{"line":1,"column":3563},"end":{"line":1,"column":3653}},"65":{"start":{"line":1,"column":3629},"end":{"line":1,"column":3646}},"66":{"start":{"line":1,"column":3670},"end":{"line":1,"column":3754}},"67":{"start":{"line":1,"column":3733},"end":{"line":1,"column":3747}},"68":{"start":{"line":1,"column":3774},"end":{"line":1,"column":3864}},"69":{"start":{"line":1,"column":3840},"end":{"line":1,"column":3857}},"70":{"start":{"line":1,"column":3885},"end":{"line":1,"column":3977}},"71":{"start":{"line":1,"column":3952},"end":{"line":1,"column":3970}},"72":{"start":{"line":1,"column":4001},"end":{"line":1,"column":4099}},"73":{"start":{"line":1,"column":4071},"end":{"line":1,"column":4092}},"74":{"start":{"line":1,"column":4122},"end":{"line":1,"column":4218}},"75":{"start":{"line":1,"column":4191},"end":{"line":1,"column":4211}},"76":{"start":{"line":1,"column":4237},"end":{"line":1,"column":4325}},"77":{"start":{"line":1,"column":4302},"end":{"line":1,"column":4318}},"78":{"start":{"line":1,"column":4345},"end":{"line":1,"column":4435}},"79":{"start":{"line":1,"column":4411},"end":{"line":1,"column":4428}},"80":{"start":{"line":42,"column":0},"end":{"line":85,"column":4}}},"fnMap":{"0":{"name":"(anonymous_0)","decl":{"start":{"line":1,"column":74},"end":{"line":1,"column":75}},"loc":{"start":{"line":1,"column":85},"end":{"line":1,"column":94}},"line":1},"1":{"name":"(anonymous_1)","decl":{"start":{"line":1,"column":189},"end":{"line":1,"column":190}},"loc":{"start":{"line":1,"column":200},"end":{"line":1,"column":227}},"line":1},"2":{"name":"(anonymous_2)","decl":{"start":{"line":1,"column":316},"end":{"line":1,"column":317}},"loc":{"start":{"line":1,"column":327},"end":{"line":1,"column":351}},"line":1},"3":{"name":"(anonymous_3)","decl":{"start":{"line":1,"column":432},"end":{"line":1,"column":433}},"loc":{"start":{"line":1,"column":443},"end":{"line":1,"column":463}},"line":1},"4":{"name":"(anonymous_4)","decl":{"start":{"line":1,"column":540},"end":{"line":1,"column":541}},"loc":{"start":{"line":1,"column":551},"end":{"line":1,"column":569}},"line":1},"5":{"name":"(anonymous_5)","decl":{"start":{"line":1,"column":640},"end":{"line":1,"column":641}},"loc":{"start":{"line":1,"column":651},"end":{"line":1,"column":666}},"line":1},"6":{"name":"(anonymous_6)","decl":{"start":{"line":1,"column":733},"end":{"line":1,"column":734}},"loc":{"start":{"line":1,"column":744},"end":{"line":1,"column":757}},"line":1},"7":{"name":"(anonymous_7)","decl":{"start":{"line":1,"column":838},"end":{"line":1,"column":839}},"loc":{"start":{"line":1,"column":849},"end":{"line":1,"column":869}},"line":1},"8":{"name":"(anonymous_8)","decl":{"start":{"line":1,"column":948},"end":{"line":1,"column":949}},"loc":{"start":{"line":1,"column":959},"end":{"line":1,"column":978}},"line":1},"9":{"name":"(anonymous_9)","decl":{"start":{"line":1,"column":1069},"end":{"line":1,"column":1070}},"loc":{"start":{"line":1,"column":1080},"end":{"line":1,"column":1105}},"line":1},"10":{"name":"(anonymous_10)","decl":{"start":{"line":1,"column":1186},"end":{"line":1,"column":1187}},"loc":{"start":{"line":1,"column":1197},"end":{"line":1,"column":1217}},"line":1},"11":{"name":"(anonymous_11)","decl":{"start":{"line":1,"column":1305},"end":{"line":1,"column":1306}},"loc":{"start":{"line":1,"column":1316},"end":{"line":1,"column":1339}},"line":1},"12":{"name":"(anonymous_12)","decl":{"start":{"line":1,"column":1413},"end":{"line":1,"column":1414}},"loc":{"start":{"line":1,"column":1424},"end":{"line":1,"column":1440}},"line":1},"13":{"name":"(anonymous_13)","decl":{"start":{"line":1,"column":1529},"end":{"line":1,"column":1530}},"loc":{"start":{"line":1,"column":1540},"end":{"line":1,"column":1560}},"line":1},"14":{"name":"(anonymous_14)","decl":{"start":{"line":1,"column":1648},"end":{"line":1,"column":1649}},"loc":{"start":{"line":1,"column":1659},"end":{"line":1,"column":1682}},"line":1},"15":{"name":"(anonymous_15)","decl":{"start":{"line":1,"column":1768},"end":{"line":1,"column":1769}},"loc":{"start":{"line":1,"column":1779},"end":{"line":1,"column":1801}},"line":1},"16":{"name":"(anonymous_16)","decl":{"start":{"line":1,"column":1871},"end":{"line":1,"column":1872}},"loc":{"start":{"line":1,"column":1882},"end":{"line":1,"column":1896}},"line":1},"17":{"name":"(anonymous_17)","decl":{"start":{"line":1,"column":1968},"end":{"line":1,"column":1969}},"loc":{"start":{"line":1,"column":1979},"end":{"line":1,"column":1994}},"line":1},"18":{"name":"(anonymous_18)","decl":{"start":{"line":1,"column":2088},"end":{"line":1,"column":2089}},"loc":{"start":{"line":1,"column":2099},"end":{"line":1,"column":2125}},"line":1},"19":{"name":"(anonymous_19)","decl":{"start":{"line":1,"column":2205},"end":{"line":1,"column":2206}},"loc":{"start":{"line":1,"column":2216},"end":{"line":1,"column":2235}},"line":1},"20":{"name":"(anonymous_20)","decl":{"start":{"line":1,"column":2299},"end":{"line":1,"column":2300}},"loc":{"start":{"line":1,"column":2310},"end":{"line":1,"column":2321}},"line":1},"21":{"name":"(anonymous_21)","decl":{"start":{"line":1,"column":2405},"end":{"line":1,"column":2406}},"loc":{"start":{"line":1,"column":2416},"end":{"line":1,"column":2437}},"line":1},"22":{"name":"(anonymous_22)","decl":{"start":{"line":1,"column":2519},"end":{"line":1,"column":2520}},"loc":{"start":{"line":1,"column":2530},"end":{"line":1,"column":2550}},"line":1},"23":{"name":"(anonymous_23)","decl":{"start":{"line":1,"column":2632},"end":{"line":1,"column":2633}},"loc":{"start":{"line":1,"column":2643},"end":{"line":1,"column":2663}},"line":1},"24":{"name":"(anonymous_24)","decl":{"start":{"line":1,"column":2739},"end":{"line":1,"column":2740}},"loc":{"start":{"line":1,"column":2750},"end":{"line":1,"column":2767}},"line":1},"25":{"name":"(anonymous_25)","decl":{"start":{"line":1,"column":2849},"end":{"line":1,"column":2850}},"loc":{"start":{"line":1,"column":2860},"end":{"line":1,"column":2880}},"line":1},"26":{"name":"(anonymous_26)","decl":{"start":{"line":1,"column":2956},"end":{"line":1,"column":2957}},"loc":{"start":{"line":1,"column":2967},"end":{"line":1,"column":2984}},"line":1},"27":{"name":"(anonymous_27)","decl":{"start":{"line":1,"column":3080},"end":{"line":1,"column":3081}},"loc":{"start":{"line":1,"column":3091},"end":{"line":1,"column":3118}},"line":1},"28":{"name":"(anonymous_28)","decl":{"start":{"line":1,"column":3198},"end":{"line":1,"column":3199}},"loc":{"start":{"line":1,"column":3209},"end":{"line":1,"column":3228}},"line":1},"29":{"name":"(anonymous_29)","decl":{"start":{"line":1,"column":3304},"end":{"line":1,"column":3305}},"loc":{"start":{"line":1,"column":3315},"end":{"line":1,"column":3332}},"line":1},"30":{"name":"(anonymous_30)","decl":{"start":{"line":1,"column":3402},"end":{"line":1,"column":3403}},"loc":{"start":{"line":1,"column":3413},"end":{"line":1,"column":3427}},"line":1},"31":{"name":"(anonymous_31)","decl":{"start":{"line":1,"column":3507},"end":{"line":1,"column":3508}},"loc":{"start":{"line":1,"column":3518},"end":{"line":1,"column":3537}},"line":1},"32":{"name":"(anonymous_32)","decl":{"start":{"line":1,"column":3617},"end":{"line":1,"column":3618}},"loc":{"start":{"line":1,"column":3628},"end":{"line":1,"column":3647}},"line":1},"33":{"name":"(anonymous_33)","decl":{"start":{"line":1,"column":3721},"end":{"line":1,"column":3722}},"loc":{"start":{"line":1,"column":3732},"end":{"line":1,"column":3748}},"line":1},"34":{"name":"(anonymous_34)","decl":{"start":{"line":1,"column":3828},"end":{"line":1,"column":3829}},"loc":{"start":{"line":1,"column":3839},"end":{"line":1,"column":3858}},"line":1},"35":{"name":"(anonymous_35)","decl":{"start":{"line":1,"column":3940},"end":{"line":1,"column":3941}},"loc":{"start":{"line":1,"column":3951},"end":{"line":1,"column":3971}},"line":1},"36":{"name":"(anonymous_36)","decl":{"start":{"line":1,"column":4059},"end":{"line":1,"column":4060}},"loc":{"start":{"line":1,"column":4070},"end":{"line":1,"column":4093}},"line":1},"37":{"name":"(anonymous_37)","decl":{"start":{"line":1,"column":4179},"end":{"line":1,"column":4180}},"loc":{"start":{"line":1,"column":4190},"end":{"line":1,"column":4212}},"line":1},"38":{"name":"(anonymous_38)","decl":{"start":{"line":1,"column":4290},"end":{"line":1,"column":4291}},"loc":{"start":{"line":1,"column":4301},"end":{"line":1,"column":4319}},"line":1},"39":{"name":"(anonymous_39)","decl":{"start":{"line":1,"column":4399},"end":{"line":1,"column":4400}},"loc":{"start":{"line":1,"column":4410},"end":{"line":1,"column":4429}},"line":1}},"branchMap":{},"s":{"0":1,"1":1,"2":1,"3":1,"4":1,"5":1,"6":1,"7":1,"8":1,"9":1,"10":1,"11":1,"12":1,"13":1,"14":1,"15":1,"16":1,"17":1,"18":1,"19":1,"20":1,"21":1,"22":1,"23":1,"24":1,"25":1,"26":1,"27":1,"28":1,"29":1,"30":1,"31":1,"32":1,"33":1,"34":1,"35":1,"36":1,"37":1,"38":1,"39":1,"40":1,"41":1,"42":1,"43":1,"44":1,"45":1,"46":1,"47":1,"48":1,"49":1,"50":1,"51":1,"52":1,"53":1,"54":1,"55":1,"56":1,"57":1,"58":1,"59":1,"60":1,"61":1,"62":1,"63":1,"64":1,"65":1,"66":1,"67":1,"68":1,"69":1,"70":1,"71":1,"72":1,"73":1,"74":1,"75":1,"76":1,"77":1,"78":1,"79":1,"80":1},"f":{"0":1,"1":1,"2":1,"3":1,"4":1,"5":1,"6":1,"7":1,"8":1,"9":1,"10":1,"11":1,"12":1,"13":1,"14":1,"15":1,"16":1,"17":1,"18":1,"19":1,"20":1,"21":1,"22":1,"23":1,"24":1,"25":1,"26":1,"27":1,"28":1,"29":1,"30":1,"31":1,"32":1,"33":1,"34":1,"35":1,"36":1,"37":1,"38":1,"39":1},"b":{},"_coverageSchema":"332fd63041d2c1bcb487cc26dd0d5f7d97098a6c","hash":"cf2bbed2f75ee12bf4df1fd54c1aa0c06f2f6d63","contentHash":"b65d9f0a8e46311501b2d84cb74dd4bd_10.3.2"},"/www/BUTTERNUT/butternut/src/program/types/shared/Array.js":{"path":"/www/BUTTERNUT/butternut/src/program/types/shared/Array.js","statementMap":{"0":{"start":{"line":1,"column":13},"end":{"line":1,"column":58}},"1":{"start":{"line":1,"column":40},"end":{"line":1,"column":55}},"2":{"start":{"line":1,"column":67},"end":{"line":1,"column":138}},"3":{"start":{"line":1,"column":126},"end":{"line":1,"column":132}},"4":{"start":{"line":1,"column":163},"end":{"line":1,"column":307}},"5":{"start":{"line":1,"column":236},"end":{"line":1,"column":245}},"6":{"start":{"line":1,"column":266},"end":{"line":1,"column":274}},"7":{"start":{"line":1,"column":294},"end":{"line":1,"column":301}},"8":{"start":{"line":6,"column":15},"end":{"line":6,"column":48}},"9":{"start":{"line":8,"column":2},"end":{"line":17,"column":3}},"10":{"start":{"line":9,"column":19},"end":{"line":9,"column":35}},"11":{"start":{"line":11,"column":3},"end":{"line":16,"column":4}},"12":{"start":{"line":12,"column":18},"end":{"line":12,"column":36}},"13":{"start":{"line":13,"column":4},"end":{"line":13,"column":82}},"14":{"start":{"line":13,"column":68},"end":{"line":13,"column":82}},"15":{"start":{"line":15,"column":4},"end":{"line":15,"column":22}},"16":{"start":{"line":19,"column":2},"end":{"line":19,"column":16}},"17":{"start":{"line":23,"column":10},"end":{"line":23,"column":20}},"18":{"start":{"line":25,"column":2},"end":{"line":44,"column":3}},"19":{"start":{"line":26,"column":16},"end":{"line":26,"column":19}},"20":{"start":{"line":27,"column":3},"end":{"line":37,"column":6}},"21":{"start":{"line":28,"column":4},"end":{"line":31,"column":5}},"22":{"start":{"line":29,"column":5},"end":{"line":29,"column":59}},"23":{"start":{"line":30,"column":5},"end":{"line":30,"column":12}},"24":{"start":{"line":33,"column":4},"end":{"line":33,"column":76}},"25":{"start":{"line":33,"column":33},"end":{"line":33,"column":76}},"26":{"start":{"line":34,"column":4},"end":{"line":34,"column":20}},"27":{"start":{"line":36,"column":4},"end":{"line":36,"column":56}},"28":{"start":{"line":39,"column":3},"end":{"line":39,"column":73}},"29":{"start":{"line":39,"column":35},"end":{"line":39,"column":73}},"30":{"start":{"line":43,"column":3},"end":{"line":43,"column":63}},"31":{"start":{"line":43,"column":27},"end":{"line":43,"column":63}},"32":{"start":{"line":46,"column":2},"end":{"line":46,"column":23}}},"fnMap":{"0":{"name":"(anonymous_0)","decl":{"start":{"line":1,"column":36},"end":{"line":1,"column":37}},"loc":{"start":{"line":1,"column":40},"end":{"line":1,"column":55}},"line":1},"1":{"name":"(anonymous_1)","decl":{"start":{"line":1,"column":114},"end":{"line":1,"column":115}},"loc":{"start":{"line":1,"column":125},"end":{"line":1,"column":133}},"line":1},"2":{"name":"(anonymous_2)","decl":{"start":{"line":1,"column":224},"end":{"line":1,"column":225}},"loc":{"start":{"line":1,"column":235},"end":{"line":1,"column":246}},"line":1},"3":{"name":"(anonymous_3)","decl":{"start":{"line":1,"column":254},"end":{"line":1,"column":255}},"loc":{"start":{"line":1,"column":265},"end":{"line":1,"column":275}},"line":1},"4":{"name":"(anonymous_4)","decl":{"start":{"line":1,"column":282},"end":{"line":1,"column":283}},"loc":{"start":{"line":1,"column":293},"end":{"line":1,"column":302}},"line":1},"5":{"name":"(anonymous_5)","decl":{"start":{"line":5,"column":1},"end":{"line":5,"column":2}},"loc":{"start":{"line":5,"column":13},"end":{"line":20,"column":2}},"line":5},"6":{"name":"(anonymous_6)","decl":{"start":{"line":22,"column":1},"end":{"line":22,"column":2}},"loc":{"start":{"line":22,"column":17},"end":{"line":47,"column":2}},"line":22},"7":{"name":"(anonymous_7)","decl":{"start":{"line":27,"column":26},"end":{"line":27,"column":27}},"loc":{"start":{"line":27,"column":44},"end":{"line":37,"column":4}},"line":27}},"branchMap":{"0":{"loc":{"start":{"line":11,"column":3},"end":{"line":16,"column":4}},"type":"if","locations":[{"start":{"line":11,"column":3},"end":{"line":16,"column":4}},{"start":{"line":11,"column":3},"end":{"line":16,"column":4}}],"line":11},"1":{"loc":{"start":{"line":13,"column":4},"end":{"line":13,"column":82}},"type":"if","locations":[{"start":{"line":13,"column":4},"end":{"line":13,"column":82}},{"start":{"line":13,"column":4},"end":{"line":13,"column":82}}],"line":13},"2":{"loc":{"start":{"line":13,"column":9},"end":{"line":13,"column":65}},"type":"binary-expr","locations":[{"start":{"line":13,"column":9},"end":{"line":13,"column":26}},{"start":{"line":13,"column":30},"end":{"line":13,"column":46}},{"start":{"line":13,"column":50},"end":{"line":13,"column":65}}],"line":13},"3":{"loc":{"start":{"line":25,"column":2},"end":{"line":44,"column":3}},"type":"if","locations":[{"start":{"line":25,"column":2},"end":{"line":44,"column":3}},{"start":{"line":25,"column":2},"end":{"line":44,"column":3}}],"line":25},"4":{"loc":{"start":{"line":28,"column":4},"end":{"line":31,"column":5}},"type":"if","locations":[{"start":{"line":28,"column":4},"end":{"line":31,"column":5}},{"start":{"line":28,"column":4},"end":{"line":31,"column":5}}],"line":28},"5":{"loc":{"start":{"line":29,"column":15},"end":{"line":29,"column":58}},"type":"cond-expr","locations":[{"start":{"line":29,"column":48},"end":{"line":29,"column":52}},{"start":{"line":29,"column":55},"end":{"line":29,"column":58}}],"line":29},"6":{"loc":{"start":{"line":33,"column":4},"end":{"line":33,"column":76}},"type":"if","locations":[{"start":{"line":33,"column":4},"end":{"line":33,"column":76}},{"start":{"line":33,"column":4},"end":{"line":33,"column":76}}],"line":33},"7":{"loc":{"start":{"line":36,"column":13},"end":{"line":36,"column":55}},"type":"cond-expr","locations":[{"start":{"line":36,"column":46},"end":{"line":36,"column":49}},{"start":{"line":36,"column":52},"end":{"line":36,"column":55}}],"line":36},"8":{"loc":{"start":{"line":39,"column":3},"end":{"line":39,"column":73}},"type":"if","locations":[{"start":{"line":39,"column":3},"end":{"line":39,"column":73}},{"start":{"line":39,"column":3},"end":{"line":39,"column":73}}],"line":39},"9":{"loc":{"start":{"line":43,"column":3},"end":{"line":43,"column":63}},"type":"if","locations":[{"start":{"line":43,"column":3},"end":{"line":43,"column":63}},{"start":{"line":43,"column":3},"end":{"line":43,"column":63}}],"line":43}},"s":{"0":1,"1":4,"2":1,"3":1,"4":1,"5":1,"6":1,"7":1,"8":271,"9":271,"10":532,"11":532,"12":532,"13":532,"14":164,"15":368,"16":107,"17":3329,"18":3329,"19":2298,"20":2298,"21":6730,"22":5,"23":5,"24":6725,"25":3906,"26":6725,"27":6725,"28":2298,"29":2298,"30":1031,"31":1,"32":3329},"f":{"0":4,"1":1,"2":1,"3":1,"4":1,"5":271,"6":3329,"7":6730},"b":{"0":[532,0],"1":[164,368],"2":[532,370,368],"3":[2298,1031],"4":[5,6725],"5":[1,4],"6":[3906,2819],"7":[2297,4428],"8":[2298,0],"9":[1,1030]},"_coverageSchema":"332fd63041d2c1bcb487cc26dd0d5f7d97098a6c","hash":"7aabe36a0829d2f9fd70fa2efa8a07247a19bb41","contentHash":"8baacf41fe922ba4878f9e6d847fb2b4_10.3.2"},"/www/BUTTERNUT/butternut/src/program/Node.js":{"path":"/www/BUTTERNUT/butternut/src/program/Node.js","statementMap":{"0":{"start":{"line":1,"column":13},"end":{"line":1,"column":47}},"1":{"start":{"line":1,"column":40},"end":{"line":1,"column":44}},"2":{"start":{"line":1,"column":59},"end":{"line":1,"column":141}},"3":{"start":{"line":1,"column":126},"end":{"line":1,"column":135}},"4":{"start":{"line":5,"column":13},"end":{"line":5,"column":17}},"5":{"start":{"line":6,"column":2},"end":{"line":9,"column":3}},"6":{"start":{"line":7,"column":3},"end":{"line":7,"column":22}},"7":{"start":{"line":8,"column":3},"end":{"line":8,"column":28}},"8":{"start":{"line":8,"column":16},"end":{"line":8,"column":28}},"9":{"start":{"line":11,"column":2},"end":{"line":11,"column":14}},"10":{"start":{"line":15,"column":2},"end":{"line":28,"column":3}},"11":{"start":{"line":16,"column":17},"end":{"line":16,"column":28}},"12":{"start":{"line":18,"column":3},"end":{"line":27,"column":4}},"13":{"start":{"line":19,"column":4},"end":{"line":26,"column":5}},"14":{"start":{"line":20,"column":13},"end":{"line":20,"column":25}},"15":{"start":{"line":21,"column":5},"end":{"line":23,"column":6}},"16":{"start":{"line":22,"column":6},"end":{"line":22,"column":52}},"17":{"start":{"line":22,"column":22},"end":{"line":22,"column":52}},"18":{"start":{"line":25,"column":5},"end":{"line":25,"column":32}},"19":{"start":{"line":32,"column":2},"end":{"line":35,"column":3}},"20":{"start":{"line":33,"column":3},"end":{"line":33,"column":36}},"21":{"start":{"line":33,"column":24},"end":{"line":33,"column":36}},"22":{"start":{"line":34,"column":3},"end":{"line":34,"column":22}},"23":{"start":{"line":37,"column":2},"end":{"line":37,"column":15}},"24":{"start":{"line":41,"column":2},"end":{"line":41,"column":14}},"25":{"start":{"line":45,"column":2},"end":{"line":45,"column":11}},"26":{"start":{"line":49,"column":2},"end":{"line":49,"column":14}},"27":{"start":{"line":53,"column":2},"end":{"line":53,"column":17}},"28":{"start":{"line":57,"column":2},"end":{"line":70,"column":3}},"29":{"start":{"line":58,"column":17},"end":{"line":58,"column":28}},"30":{"start":{"line":60,"column":3},"end":{"line":69,"column":4}},"31":{"start":{"line":61,"column":4},"end":{"line":68,"column":5}},"32":{"start":{"line":62,"column":13},"end":{"line":62,"column":25}},"33":{"start":{"line":63,"column":5},"end":{"line":65,"column":6}},"34":{"start":{"line":64,"column":6},"end":{"line":64,"column":51}},"35":{"start":{"line":64,"column":22},"end":{"line":64,"column":51}},"36":{"start":{"line":67,"column":5},"end":{"line":67,"column":31}},"37":{"start":{"line":74,"column":2},"end":{"line":87,"column":3}},"38":{"start":{"line":75,"column":17},"end":{"line":75,"column":28}},"39":{"start":{"line":77,"column":3},"end":{"line":86,"column":4}},"40":{"start":{"line":78,"column":4},"end":{"line":85,"column":5}},"41":{"start":{"line":79,"column":13},"end":{"line":79,"column":25}},"42":{"start":{"line":80,"column":5},"end":{"line":82,"column":6}},"43":{"start":{"line":81,"column":6},"end":{"line":81,"column":66}},"44":{"start":{"line":81,"column":22},"end":{"line":81,"column":66}},"45":{"start":{"line":84,"column":5},"end":{"line":84,"column":46}},"46":{"start":{"line":91,"column":2},"end":{"line":104,"column":3}},"47":{"start":{"line":92,"column":17},"end":{"line":92,"column":28}},"48":{"start":{"line":94,"column":3},"end":{"line":103,"column":4}},"49":{"start":{"line":95,"column":4},"end":{"line":102,"column":5}},"50":{"start":{"line":96,"column":13},"end":{"line":96,"column":25}},"51":{"start":{"line":97,"column":5},"end":{"line":99,"column":6}},"52":{"start":{"line":98,"column":6},"end":{"line":98,"column":46}},"53":{"start":{"line":98,"column":22},"end":{"line":98,"column":46}},"54":{"start":{"line":101,"column":5},"end":{"line":101,"column":26}},"55":{"start":{"line":108,"column":2},"end":{"line":108,"column":58}},"56":{"start":{"line":108,"column":45},"end":{"line":108,"column":58}},"57":{"start":{"line":109,"column":2},"end":{"line":109,"column":85}},"58":{"start":{"line":109,"column":41},"end":{"line":109,"column":85}},"59":{"start":{"line":110,"column":2},"end":{"line":110,"column":95}},"60":{"start":{"line":110,"column":37},"end":{"line":110,"column":95}},"61":{"start":{"line":111,"column":2},"end":{"line":111,"column":14}},"62":{"start":{"line":115,"column":2},"end":{"line":115,"column":73}},"63":{"start":{"line":119,"column":2},"end":{"line":119,"column":64}}},"fnMap":{"0":{"name":"(anonymous_0)","decl":{"start":{"line":1,"column":36},"end":{"line":1,"column":37}},"loc":{"start":{"line":1,"column":40},"end":{"line":1,"column":44}},"line":1},"1":{"name":"(anonymous_1)","decl":{"start":{"line":1,"column":114},"end":{"line":1,"column":115}},"loc":{"start":{"line":1,"column":125},"end":{"line":1,"column":136}},"line":1},"2":{"name":"(anonymous_2)","decl":{"start":{"line":4,"column":1},"end":{"line":4,"column":2}},"loc":{"start":{"line":4,"column":20},"end":{"line":12,"column":2}},"line":4},"3":{"name":"(anonymous_3)","decl":{"start":{"line":14,"column":1},"end":{"line":14,"column":2}},"loc":{"start":{"line":14,"column":23},"end":{"line":29,"column":2}},"line":14},"4":{"name":"(anonymous_4)","decl":{"start":{"line":31,"column":1},"end":{"line":31,"column":2}},"loc":{"start":{"line":31,"column":19},"end":{"line":38,"column":2}},"line":31},"5":{"name":"(anonymous_5)","decl":{"start":{"line":40,"column":1},"end":{"line":40,"column":2}},"loc":{"start":{"line":40,"column":20},"end":{"line":42,"column":2}},"line":40},"6":{"name":"(anonymous_6)","decl":{"start":{"line":44,"column":1},"end":{"line":44,"column":2}},"loc":{"start":{"line":44,"column":18},"end":{"line":46,"column":2}},"line":44},"7":{"name":"(anonymous_7)","decl":{"start":{"line":48,"column":1},"end":{"line":48,"column":2}},"loc":{"start":{"line":48,"column":21},"end":{"line":50,"column":2}},"line":48},"8":{"name":"(anonymous_8)","decl":{"start":{"line":52,"column":1},"end":{"line":52,"column":2}},"loc":{"start":{"line":52,"column":13},"end":{"line":54,"column":2}},"line":52},"9":{"name":"(anonymous_9)","decl":{"start":{"line":56,"column":1},"end":{"line":56,"column":2}},"loc":{"start":{"line":56,"column":22},"end":{"line":71,"column":2}},"line":56},"10":{"name":"(anonymous_10)","decl":{"start":{"line":73,"column":1},"end":{"line":73,"column":2}},"loc":{"start":{"line":73,"column":37},"end":{"line":88,"column":2}},"line":73},"11":{"name":"(anonymous_11)","decl":{"start":{"line":90,"column":1},"end":{"line":90,"column":2}},"loc":{"start":{"line":90,"column":17},"end":{"line":105,"column":2}},"line":90},"12":{"name":"(anonymous_12)","decl":{"start":{"line":107,"column":1},"end":{"line":107,"column":2}},"loc":{"start":{"line":107,"column":47},"end":{"line":112,"column":2}},"line":107},"13":{"name":"(anonymous_13)","decl":{"start":{"line":114,"column":1},"end":{"line":114,"column":2}},"loc":{"start":{"line":114,"column":11},"end":{"line":116,"column":2}},"line":114},"14":{"name":"(anonymous_14)","decl":{"start":{"line":118,"column":1},"end":{"line":118,"column":2}},"loc":{"start":{"line":118,"column":13},"end":{"line":120,"column":2}},"line":118}},"branchMap":{"0":{"loc":{"start":{"line":8,"column":3},"end":{"line":8,"column":28}},"type":"if","locations":[{"start":{"line":8,"column":3},"end":{"line":8,"column":28}},{"start":{"line":8,"column":3},"end":{"line":8,"column":28}}],"line":8},"1":{"loc":{"start":{"line":18,"column":3},"end":{"line":27,"column":4}},"type":"if","locations":[{"start":{"line":18,"column":3},"end":{"line":27,"column":4}},{"start":{"line":18,"column":3},"end":{"line":27,"column":4}}],"line":18},"2":{"loc":{"start":{"line":19,"column":4},"end":{"line":26,"column":5}},"type":"if","locations":[{"start":{"line":19,"column":4},"end":{"line":26,"column":5}},{"start":{"line":19,"column":4},"end":{"line":26,"column":5}}],"line":19},"3":{"loc":{"start":{"line":22,"column":6},"end":{"line":22,"column":52}},"type":"if","locations":[{"start":{"line":22,"column":6},"end":{"line":22,"column":52}},{"start":{"line":22,"column":6},"end":{"line":22,"column":52}}],"line":22},"4":{"loc":{"start":{"line":33,"column":3},"end":{"line":33,"column":36}},"type":"if","locations":[{"start":{"line":33,"column":3},"end":{"line":33,"column":36}},{"start":{"line":33,"column":3},"end":{"line":33,"column":36}}],"line":33},"5":{"loc":{"start":{"line":60,"column":3},"end":{"line":69,"column":4}},"type":"if","locations":[{"start":{"line":60,"column":3},"end":{"line":69,"column":4}},{"start":{"line":60,"column":3},"end":{"line":69,"column":4}}],"line":60},"6":{"loc":{"start":{"line":61,"column":4},"end":{"line":68,"column":5}},"type":"if","locations":[{"start":{"line":61,"column":4},"end":{"line":68,"column":5}},{"start":{"line":61,"column":4},"end":{"line":68,"column":5}}],"line":61},"7":{"loc":{"start":{"line":64,"column":6},"end":{"line":64,"column":51}},"type":"if","locations":[{"start":{"line":64,"column":6},"end":{"line":64,"column":51}},{"start":{"line":64,"column":6},"end":{"line":64,"column":51}}],"line":64},"8":{"loc":{"start":{"line":77,"column":3},"end":{"line":86,"column":4}},"type":"if","locations":[{"start":{"line":77,"column":3},"end":{"line":86,"column":4}},{"start":{"line":77,"column":3},"end":{"line":86,"column":4}}],"line":77},"9":{"loc":{"start":{"line":78,"column":4},"end":{"line":85,"column":5}},"type":"if","locations":[{"start":{"line":78,"column":4},"end":{"line":85,"column":5}},{"start":{"line":78,"column":4},"end":{"line":85,"column":5}}],"line":78},"10":{"loc":{"start":{"line":81,"column":6},"end":{"line":81,"column":66}},"type":"if","locations":[{"start":{"line":81,"column":6},"end":{"line":81,"column":66}},{"start":{"line":81,"column":6},"end":{"line":81,"column":66}}],"line":81},"11":{"loc":{"start":{"line":94,"column":3},"end":{"line":103,"column":4}},"type":"if","locations":[{"start":{"line":94,"column":3},"end":{"line":103,"column":4}},{"start":{"line":94,"column":3},"end":{"line":103,"column":4}}],"line":94},"12":{"loc":{"start":{"line":95,"column":4},"end":{"line":102,"column":5}},"type":"if","locations":[{"start":{"line":95,"column":4},"end":{"line":102,"column":5}},{"start":{"line":95,"column":4},"end":{"line":102,"column":5}}],"line":95},"13":{"loc":{"start":{"line":98,"column":6},"end":{"line":98,"column":46}},"type":"if","locations":[{"start":{"line":98,"column":6},"end":{"line":98,"column":46}},{"start":{"line":98,"column":6},"end":{"line":98,"column":46}}],"line":98},"14":{"loc":{"start":{"line":108,"column":2},"end":{"line":108,"column":58}},"type":"if","locations":[{"start":{"line":108,"column":2},"end":{"line":108,"column":58}},{"start":{"line":108,"column":2},"end":{"line":108,"column":58}}],"line":108},"15":{"loc":{"start":{"line":109,"column":2},"end":{"line":109,"column":85}},"type":"if","locations":[{"start":{"line":109,"column":2},"end":{"line":109,"column":85}},{"start":{"line":109,"column":2},"end":{"line":109,"column":85}}],"line":109},"16":{"loc":{"start":{"line":110,"column":2},"end":{"line":110,"column":95}},"type":"if","locations":[{"start":{"line":110,"column":2},"end":{"line":110,"column":95}},{"start":{"line":110,"column":2},"end":{"line":110,"column":95}}],"line":110}},"s":{"0":1,"1":40,"2":1,"3":1,"4":0,"5":0,"6":0,"7":0,"8":0,"9":0,"10":478954,"11":417338,"12":417338,"13":408418,"14":41473,"15":41473,"16":68267,"17":68262,"18":366945,"19":239,"20":5005,"21":36,"22":4969,"23":203,"24":31277,"25":3695,"26":267,"27":230669,"28":295413,"29":419292,"30":419292,"31":411031,"32":58960,"33":58960,"34":92664,"35":92659,"36":352071,"37":197,"38":162,"39":162,"40":156,"41":37,"42":37,"43":35,"44":35,"45":119,"46":182311,"47":307496,"48":307496,"49":297588,"50":48392,"51":48392,"52":79828,"53":79823,"54":249196,"55":18395,"56":8480,"57":9915,"58":4990,"59":4925,"60":0,"61":4925,"62":0,"63":0},"f":{"0":40,"1":1,"2":0,"3":478954,"4":239,"5":31277,"6":3695,"7":267,"8":230669,"9":295413,"10":197,"11":182311,"12":18395,"13":0,"14":0},"b":{"0":[0,0],"1":[408418,8920],"2":[41473,366945],"3":[68262,5],"4":[36,4969],"5":[411031,8261],"6":[58960,352071],"7":[92659,5],"8":[156,6],"9":[37,119],"10":[35,0],"11":[297588,9908],"12":[48392,249196],"13":[79823,5],"14":[8480,9915],"15":[4990,4925],"16":[0,4925]},"_coverageSchema":"332fd63041d2c1bcb487cc26dd0d5f7d97098a6c","hash":"6d183372f2193e584bda544b52281770abc57953","contentHash":"00d26acade65224eec3b5adb4bb23b09_10.3.2"},"/www/BUTTERNUT/butternut/src/utils/sentinels.js":{"path":"/www/BUTTERNUT/butternut/src/utils/sentinels.js","statementMap":{"0":{"start":{"line":1,"column":13},"end":{"line":1,"column":84}},"1":{"start":{"line":1,"column":40},"end":{"line":1,"column":47}},"2":{"start":{"line":1,"column":59},"end":{"line":1,"column":65}},"3":{"start":{"line":1,"column":76},"end":{"line":1,"column":81}},"4":{"start":{"line":1,"column":100},"end":{"line":1,"column":102}},"5":{"start":{"line":2,"column":15},"end":{"line":2,"column":17}},"6":{"start":{"line":3,"column":14},"end":{"line":3,"column":16}}},"fnMap":{"0":{"name":"(anonymous_0)","decl":{"start":{"line":1,"column":36},"end":{"line":1,"column":37}},"loc":{"start":{"line":1,"column":40},"end":{"line":1,"column":47}},"line":1},"1":{"name":"(anonymous_1)","decl":{"start":{"line":1,"column":55},"end":{"line":1,"column":56}},"loc":{"start":{"line":1,"column":59},"end":{"line":1,"column":65}},"line":1},"2":{"name":"(anonymous_2)","decl":{"start":{"line":1,"column":72},"end":{"line":1,"column":73}},"loc":{"start":{"line":1,"column":76},"end":{"line":1,"column":81}},"line":1}},"branchMap":{},"s":{"0":1,"1":12,"2":7,"3":8,"4":1,"5":1,"6":1},"f":{"0":12,"1":7,"2":8},"b":{},"_coverageSchema":"332fd63041d2c1bcb487cc26dd0d5f7d97098a6c","hash":"d6a6716e8907c8fa9975d873449e9a9844b9fbfa","contentHash":"6335dbfdd9a80733294c1cb83321df76_10.3.2"},"/www/BUTTERNUT/butternut/src/program/types/ArrowFunctionExpression.js":{"path":"/www/BUTTERNUT/butternut/src/program/types/ArrowFunctionExpression.js","statementMap":{"0":{"start":{"line":1,"column":13},"end":{"line":1,"column":66}},"1":{"start":{"line":1,"column":40},"end":{"line":1,"column":63}},"2":{"start":{"line":1,"column":83},"end":{"line":1,"column":173}},"3":{"start":{"line":1,"column":153},"end":{"line":1,"column":167}},"4":{"start":{"line":5,"column":2},"end":{"line":5,"column":33}},"5":{"start":{"line":13,"column":2},"end":{"line":13,"column":28}},"6":{"start":{"line":15,"column":10},"end":{"line":15,"column":20}},"7":{"start":{"line":16,"column":2},"end":{"line":16,"column":27}},"8":{"start":{"line":16,"column":20},"end":{"line":16,"column":27}},"9":{"start":{"line":18,"column":2},"end":{"line":59,"column":3}},"10":{"start":{"line":19,"column":3},"end":{"line":21,"column":4}},"11":{"start":{"line":20,"column":4},"end":{"line":20,"column":49}},"12":{"start":{"line":24,"column":7},"end":{"line":59,"column":3}},"13":{"start":{"line":25,"column":3},"end":{"line":25,"column":33}},"14":{"start":{"line":27,"column":3},"end":{"line":46,"column":4}},"15":{"start":{"line":29,"column":4},"end":{"line":33,"column":5}},"16":{"start":{"line":30,"column":5},"end":{"line":30,"column":52}},"17":{"start":{"line":32,"column":5},"end":{"line":32,"column":44}},"18":{"start":{"line":35,"column":4},"end":{"line":37,"column":5}},"19":{"start":{"line":36,"column":5},"end":{"line":36,"column":65}},"20":{"start":{"line":39,"column":4},"end":{"line":41,"column":5}},"21":{"start":{"line":40,"column":5},"end":{"line":40,"column":48}},"22":{"start":{"line":43,"column":4},"end":{"line":45,"column":5}},"23":{"start":{"line":44,"column":5},"end":{"line":44,"column":66}},"24":{"start":{"line":50,"column":3},"end":{"line":54,"column":6}},"25":{"start":{"line":51,"column":4},"end":{"line":51,"column":25}},"26":{"start":{"line":52,"column":4},"end":{"line":52,"column":79}},"27":{"start":{"line":52,"column":31},"end":{"line":52,"column":79}},"28":{"start":{"line":53,"column":4},"end":{"line":53,"column":18}},"29":{"start":{"line":56,"column":3},"end":{"line":58,"column":4}},"30":{"start":{"line":57,"column":4},"end":{"line":57,"column":48}},"31":{"start":{"line":61,"column":2},"end":{"line":61,"column":27}}},"fnMap":{"0":{"name":"(anonymous_0)","decl":{"start":{"line":1,"column":36},"end":{"line":1,"column":37}},"loc":{"start":{"line":1,"column":40},"end":{"line":1,"column":63}},"line":1},"1":{"name":"(anonymous_1)","decl":{"start":{"line":1,"column":141},"end":{"line":1,"column":142}},"loc":{"start":{"line":1,"column":152},"end":{"line":1,"column":168}},"line":1},"2":{"name":"(anonymous_2)","decl":{"start":{"line":4,"column":1},"end":{"line":4,"column":2}},"loc":{"start":{"line":4,"column":15},"end":{"line":6,"column":2}},"line":4},"3":{"name":"(anonymous_3)","decl":{"start":{"line":8,"column":1},"end":{"line":8,"column":2}},"loc":{"start":{"line":8,"column":24},"end":{"line":10,"column":2}},"line":8},"4":{"name":"(anonymous_4)","decl":{"start":{"line":12,"column":1},"end":{"line":12,"column":2}},"loc":{"start":{"line":12,"column":17},"end":{"line":62,"column":2}},"line":12},"5":{"name":"(anonymous_5)","decl":{"start":{"line":50,"column":24},"end":{"line":50,"column":25}},"loc":{"start":{"line":50,"column":40},"end":{"line":54,"column":4}},"line":50}},"branchMap":{"0":{"loc":{"start":{"line":16,"column":2},"end":{"line":16,"column":27}},"type":"if","locations":[{"start":{"line":16,"column":2},"end":{"line":16,"column":27}},{"start":{"line":16,"column":2},"end":{"line":16,"column":27}}],"line":16},"1":{"loc":{"start":{"line":18,"column":2},"end":{"line":59,"column":3}},"type":"if","locations":[{"start":{"line":18,"column":2},"end":{"line":59,"column":3}},{"start":{"line":18,"column":2},"end":{"line":59,"column":3}}],"line":18},"2":{"loc":{"start":{"line":19,"column":3},"end":{"line":21,"column":4}},"type":"if","locations":[{"start":{"line":19,"column":3},"end":{"line":21,"column":4}},{"start":{"line":19,"column":3},"end":{"line":21,"column":4}}],"line":19},"3":{"loc":{"start":{"line":24,"column":7},"end":{"line":59,"column":3}},"type":"if","locations":[{"start":{"line":24,"column":7},"end":{"line":59,"column":3}},{"start":{"line":24,"column":7},"end":{"line":59,"column":3}}],"line":24},"4":{"loc":{"start":{"line":27,"column":3},"end":{"line":46,"column":4}},"type":"if","locations":[{"start":{"line":27,"column":3},"end":{"line":46,"column":4}},{"start":{"line":27,"column":3},"end":{"line":46,"column":4}}],"line":27},"5":{"loc":{"start":{"line":29,"column":4},"end":{"line":33,"column":5}},"type":"if","locations":[{"start":{"line":29,"column":4},"end":{"line":33,"column":5}},{"start":{"line":29,"column":4},"end":{"line":33,"column":5}}],"line":29},"6":{"loc":{"start":{"line":35,"column":4},"end":{"line":37,"column":5}},"type":"if","locations":[{"start":{"line":35,"column":4},"end":{"line":37,"column":5}},{"start":{"line":35,"column":4},"end":{"line":37,"column":5}}],"line":35},"7":{"loc":{"start":{"line":39,"column":4},"end":{"line":41,"column":5}},"type":"if","locations":[{"start":{"line":39,"column":4},"end":{"line":41,"column":5}},{"start":{"line":39,"column":4},"end":{"line":41,"column":5}}],"line":39},"8":{"loc":{"start":{"line":43,"column":4},"end":{"line":45,"column":5}},"type":"if","locations":[{"start":{"line":43,"column":4},"end":{"line":45,"column":5}},{"start":{"line":43,"column":4},"end":{"line":45,"column":5}}],"line":43},"9":{"loc":{"start":{"line":52,"column":4},"end":{"line":52,"column":79}},"type":"if","locations":[{"start":{"line":52,"column":4},"end":{"line":52,"column":79}},{"start":{"line":52,"column":4},"end":{"line":52,"column":79}}],"line":52},"10":{"loc":{"start":{"line":52,"column":63},"end":{"line":52,"column":76}},"type":"cond-expr","locations":[{"start":{"line":52,"column":67},"end":{"line":52,"column":70}},{"start":{"line":52,"column":73},"end":{"line":52,"column":76}}],"line":52},"11":{"loc":{"start":{"line":56,"column":3},"end":{"line":58,"column":4}},"type":"if","locations":[{"start":{"line":56,"column":3},"end":{"line":58,"column":4}},{"start":{"line":56,"column":3},"end":{"line":58,"column":4}}],"line":56}},"s":{"0":1,"1":3,"2":1,"3":1,"4":10,"5":10,"6":10,"7":10,"8":3,"9":10,"10":4,"11":4,"12":6,"13":4,"14":4,"15":3,"16":1,"17":2,"18":3,"19":3,"20":1,"21":1,"22":1,"23":1,"24":2,"25":6,"26":6,"27":6,"28":6,"29":2,"30":2,"31":10},"f":{"0":3,"1":1,"2":10,"3":0,"4":10,"5":6},"b":{"0":[3,7],"1":[4,6],"2":[4,0],"3":[4,2],"4":[3,1],"5":[1,2],"6":[3,0],"7":[1,0],"8":[1,0],"9":[6,0],"10":[4,2],"11":[2,0]},"_coverageSchema":"332fd63041d2c1bcb487cc26dd0d5f7d97098a6c","hash":"9ea691b2659ad7dfd9973b87c96139d9ff226dde","contentHash":"9d2ed22c2640c6f5b26063a84fc9635b_10.3.2"},"/www/BUTTERNUT/butternut/src/program/types/shared/FunctionNode.js":{"path":"/www/BUTTERNUT/butternut/src/program/types/shared/FunctionNode.js","statementMap":{"0":{"start":{"line":1,"column":13},"end":{"line":1,"column":55}},"1":{"start":{"line":1,"column":40},"end":{"line":1,"column":52}},"2":{"start":{"line":1,"column":64},"end":{"line":1,"column":135}},"3":{"start":{"line":1,"column":123},"end":{"line":1,"column":129}},"4":{"start":{"line":1,"column":145},"end":{"line":1,"column":218}},"5":{"start":{"line":1,"column":205},"end":{"line":1,"column":212}},"6":{"start":{"line":1,"column":235},"end":{"line":1,"column":322}},"7":{"start":{"line":1,"column":302},"end":{"line":1,"column":316}},"8":{"start":{"line":7,"column":2},"end":{"line":10,"column":5}},"9":{"start":{"line":12,"column":2},"end":{"line":22,"column":3}},"10":{"start":{"line":13,"column":3},"end":{"line":13,"column":30}},"11":{"start":{"line":16,"column":3},"end":{"line":21,"column":4}},"12":{"start":{"line":17,"column":4},"end":{"line":17,"column":53}},"13":{"start":{"line":18,"column":4},"end":{"line":18,"column":39}},"14":{"start":{"line":20,"column":4},"end":{"line":20,"column":49}},"15":{"start":{"line":24,"column":2},"end":{"line":29,"column":5}},"16":{"start":{"line":25,"column":3},"end":{"line":28,"column":6}},"17":{"start":{"line":26,"column":4},"end":{"line":26,"column":28}},"18":{"start":{"line":27,"column":4},"end":{"line":27,"column":47}},"19":{"start":{"line":31,"column":2},"end":{"line":33,"column":5}},"20":{"start":{"line":32,"column":3},"end":{"line":32,"column":34}},"21":{"start":{"line":41,"column":2},"end":{"line":41,"column":28}},"22":{"start":{"line":43,"column":10},"end":{"line":43,"column":20}},"23":{"start":{"line":46,"column":2},"end":{"line":68,"column":3}},"24":{"start":{"line":48,"column":3},"end":{"line":48,"column":20}},"25":{"start":{"line":52,"column":3},"end":{"line":52,"column":44}},"26":{"start":{"line":54,"column":3},"end":{"line":58,"column":4}},"27":{"start":{"line":55,"column":4},"end":{"line":55,"column":11}},"28":{"start":{"line":56,"column":4},"end":{"line":56,"column":46}},"29":{"start":{"line":56,"column":39},"end":{"line":56,"column":46}},"30":{"start":{"line":57,"column":4},"end":{"line":57,"column":63}},"31":{"start":{"line":57,"column":30},"end":{"line":57,"column":63}},"32":{"start":{"line":60,"column":3},"end":{"line":60,"column":10}},"33":{"start":{"line":62,"column":3},"end":{"line":67,"column":4}},"34":{"start":{"line":63,"column":4},"end":{"line":63,"column":11}},"35":{"start":{"line":65,"column":4},"end":{"line":65,"column":61}},"36":{"start":{"line":65,"column":29},"end":{"line":65,"column":61}},"37":{"start":{"line":66,"column":4},"end":{"line":66,"column":20}},"38":{"start":{"line":70,"column":2},"end":{"line":83,"column":3}},"39":{"start":{"line":71,"column":3},"end":{"line":76,"column":4}},"40":{"start":{"line":72,"column":18},"end":{"line":72,"column":32}},"41":{"start":{"line":74,"column":4},"end":{"line":74,"column":86}},"42":{"start":{"line":74,"column":31},"end":{"line":74,"column":86}},"43":{"start":{"line":75,"column":4},"end":{"line":75,"column":18}},"44":{"start":{"line":78,"column":3},"end":{"line":78,"column":69}},"45":{"start":{"line":78,"column":27},"end":{"line":78,"column":69}},"46":{"start":{"line":81,"column":7},"end":{"line":83,"column":3}},"47":{"start":{"line":82,"column":3},"end":{"line":82,"column":58}},"48":{"start":{"line":85,"column":2},"end":{"line":85,"column":23}}},"fnMap":{"0":{"name":"(anonymous_0)","decl":{"start":{"line":1,"column":36},"end":{"line":1,"column":37}},"loc":{"start":{"line":1,"column":40},"end":{"line":1,"column":52}},"line":1},"1":{"name":"(anonymous_1)","decl":{"start":{"line":1,"column":111},"end":{"line":1,"column":112}},"loc":{"start":{"line":1,"column":122},"end":{"line":1,"column":130}},"line":1},"2":{"name":"(anonymous_2)","decl":{"start":{"line":1,"column":193},"end":{"line":1,"column":194}},"loc":{"start":{"line":1,"column":204},"end":{"line":1,"column":213}},"line":1},"3":{"name":"(anonymous_3)","decl":{"start":{"line":1,"column":290},"end":{"line":1,"column":291}},"loc":{"start":{"line":1,"column":301},"end":{"line":1,"column":317}},"line":1},"4":{"name":"(anonymous_4)","decl":{"start":{"line":6,"column":1},"end":{"line":6,"column":2}},"loc":{"start":{"line":6,"column":24},"end":{"line":34,"column":2}},"line":6},"5":{"name":"(anonymous_5)","decl":{"start":{"line":24,"column":23},"end":{"line":24,"column":24}},"loc":{"start":{"line":24,"column":32},"end":{"line":29,"column":3}},"line":24},"6":{"name":"(anonymous_6)","decl":{"start":{"line":25,"column":34},"end":{"line":25,"column":35}},"loc":{"start":{"line":25,"column":42},"end":{"line":28,"column":4}},"line":25},"7":{"name":"(anonymous_7)","decl":{"start":{"line":31,"column":26},"end":{"line":31,"column":27}},"loc":{"start":{"line":31,"column":34},"end":{"line":33,"column":3}},"line":31},"8":{"name":"(anonymous_8)","decl":{"start":{"line":36,"column":1},"end":{"line":36,"column":2}},"loc":{"start":{"line":36,"column":24},"end":{"line":38,"column":2}},"line":36},"9":{"name":"(anonymous_9)","decl":{"start":{"line":40,"column":1},"end":{"line":40,"column":2}},"loc":{"start":{"line":40,"column":17},"end":{"line":86,"column":2}},"line":40}},"branchMap":{"0":{"loc":{"start":{"line":12,"column":2},"end":{"line":22,"column":3}},"type":"if","locations":[{"start":{"line":12,"column":2},"end":{"line":22,"column":3}},{"start":{"line":12,"column":2},"end":{"line":22,"column":3}}],"line":12},"1":{"loc":{"start":{"line":16,"column":3},"end":{"line":21,"column":4}},"type":"if","locations":[{"start":{"line":16,"column":3},"end":{"line":21,"column":4}},{"start":{"line":16,"column":3},"end":{"line":21,"column":4}}],"line":16},"2":{"loc":{"start":{"line":46,"column":2},"end":{"line":68,"column":3}},"type":"if","locations":[{"start":{"line":46,"column":2},"end":{"line":68,"column":3}},{"start":{"line":46,"column":2},"end":{"line":68,"column":3}}],"line":46},"3":{"loc":{"start":{"line":46,"column":7},"end":{"line":46,"column":68}},"type":"binary-expr","locations":[{"start":{"line":46,"column":7},"end":{"line":46,"column":46}},{"start":{"line":46,"column":50},"end":{"line":46,"column":68}}],"line":46},"4":{"loc":{"start":{"line":52,"column":16},"end":{"line":52,"column":43}},"type":"cond-expr","locations":[{"start":{"line":52,"column":33},"end":{"line":52,"column":37}},{"start":{"line":52,"column":40},"end":{"line":52,"column":43}}],"line":52},"5":{"loc":{"start":{"line":54,"column":3},"end":{"line":58,"column":4}},"type":"if","locations":[{"start":{"line":54,"column":3},"end":{"line":58,"column":4}},{"start":{"line":54,"column":3},"end":{"line":58,"column":4}}],"line":54},"6":{"loc":{"start":{"line":57,"column":4},"end":{"line":57,"column":63}},"type":"if","locations":[{"start":{"line":57,"column":4},"end":{"line":57,"column":63}},{"start":{"line":57,"column":4},"end":{"line":57,"column":63}}],"line":57},"7":{"loc":{"start":{"line":62,"column":3},"end":{"line":67,"column":4}},"type":"if","locations":[{"start":{"line":62,"column":3},"end":{"line":67,"column":4}},{"start":{"line":62,"column":3},"end":{"line":67,"column":4}}],"line":62},"8":{"loc":{"start":{"line":62,"column":8},"end":{"line":62,"column":33}},"type":"binary-expr","locations":[{"start":{"line":62,"column":8},"end":{"line":62,"column":15}},{"start":{"line":62,"column":19},"end":{"line":62,"column":33}}],"line":62},"9":{"loc":{"start":{"line":65,"column":4},"end":{"line":65,"column":61}},"type":"if","locations":[{"start":{"line":65,"column":4},"end":{"line":65,"column":61}},{"start":{"line":65,"column":4},"end":{"line":65,"column":61}}],"line":65},"10":{"loc":{"start":{"line":70,"column":2},"end":{"line":83,"column":3}},"type":"if","locations":[{"start":{"line":70,"column":2},"end":{"line":83,"column":3}},{"start":{"line":70,"column":2},"end":{"line":83,"column":3}}],"line":70},"11":{"loc":{"start":{"line":74,"column":4},"end":{"line":74,"column":86}},"type":"if","locations":[{"start":{"line":74,"column":4},"end":{"line":74,"column":86}},{"start":{"line":74,"column":4},"end":{"line":74,"column":86}}],"line":74},"12":{"loc":{"start":{"line":74,"column":63},"end":{"line":74,"column":83}},"type":"cond-expr","locations":[{"start":{"line":74,"column":67},"end":{"line":74,"column":70}},{"start":{"line":74,"column":73},"end":{"line":74,"column":83}}],"line":74},"13":{"loc":{"start":{"line":78,"column":3},"end":{"line":78,"column":69}},"type":"if","locations":[{"start":{"line":78,"column":3},"end":{"line":78,"column":69}},{"start":{"line":78,"column":3},"end":{"line":78,"column":69}}],"line":78},"14":{"loc":{"start":{"line":81,"column":7},"end":{"line":83,"column":3}},"type":"if","locations":[{"start":{"line":81,"column":7},"end":{"line":83,"column":3}},{"start":{"line":81,"column":7},"end":{"line":83,"column":3}}],"line":81}},"s":{"0":1,"1":7,"2":1,"3":1,"4":1,"5":1,"6":1,"7":1,"8":11311,"9":11311,"10":4606,"11":4606,"12":742,"13":742,"14":3864,"15":11311,"16":16384,"17":16384,"18":16384,"19":11311,"20":43394,"21":11291,"22":11291,"23":11291,"24":10,"25":11281,"26":11281,"27":2,"28":2,"29":0,"30":2,"31":0,"32":11281,"33":11281,"34":4596,"35":4596,"36":0,"37":4596,"38":11291,"39":8746,"40":16369,"41":16369,"42":11112,"43":16369,"44":8746,"45":8746,"46":2545,"47":2523,"48":11291},"f":{"0":7,"1":1,"2":1,"3":1,"4":11311,"5":16384,"6":16384,"7":43394,"8":0,"9":11291},"b":{"0":[4606,6705],"1":[742,3864],"2":[10,11281],"3":[11291,11283],"4":[1,11280],"5":[2,11279],"6":[0,2],"7":[4596,6685],"8":[11281,4598],"9":[0,4596],"10":[8746,2545],"11":[11112,5257],"12":[7223,3889],"13":[8746,0],"14":[2523,22]},"_coverageSchema":"332fd63041d2c1bcb487cc26dd0d5f7d97098a6c","hash":"83bc85853784194d182eee21c494057e5e0d2bbd","contentHash":"c871aefe48aa3a6ce2c9706a2fcc80d2_10.3.2"},"/www/BUTTERNUT/butternut/src/program/Scope.js":{"path":"/www/BUTTERNUT/butternut/src/program/Scope.js","statementMap":{"0":{"start":{"line":1,"column":13},"end":{"line":1,"column":48}},"1":{"start":{"line":1,"column":40},"end":{"line":1,"column":45}},"2":{"start":{"line":1,"column":61},"end":{"line":1,"column":143}},"3":{"start":{"line":1,"column":127},"end":{"line":1,"column":137}},"4":{"start":{"line":1,"column":160},"end":{"line":1,"column":250}},"5":{"start":{"line":1,"column":230},"end":{"line":1,"column":244}},"6":{"start":{"line":4,"column":17},"end":{"line":4,"column":34}},"7":{"start":{"line":6,"column":19},"end":{"line":6,"column":75}},"8":{"start":{"line":9,"column":1},"end":{"line":9,"column":25}},"9":{"start":{"line":11,"column":1},"end":{"line":11,"column":26}},"10":{"start":{"line":13,"column":1},"end":{"line":13,"column":30}},"11":{"start":{"line":14,"column":1},"end":{"line":14,"column":37}},"12":{"start":{"line":16,"column":13},"end":{"line":16,"column":17}},"13":{"start":{"line":17,"column":1},"end":{"line":17,"column":51}},"14":{"start":{"line":17,"column":30},"end":{"line":17,"column":51}},"15":{"start":{"line":18,"column":1},"end":{"line":18,"column":28}},"16":{"start":{"line":20,"column":1},"end":{"line":20,"column":23}},"17":{"start":{"line":21,"column":1},"end":{"line":21,"column":43}},"18":{"start":{"line":22,"column":1},"end":{"line":22,"column":41}},"19":{"start":{"line":23,"column":1},"end":{"line":23,"column":81}},"20":{"start":{"line":24,"column":1},"end":{"line":24,"column":38}},"21":{"start":{"line":26,"column":1},"end":{"line":26,"column":24}},"22":{"start":{"line":29,"column":0},"end":{"line":182,"column":2}},"23":{"start":{"line":31,"column":2},"end":{"line":31,"column":31}},"24":{"start":{"line":32,"column":2},"end":{"line":32,"column":51}},"25":{"start":{"line":32,"column":21},"end":{"line":32,"column":51}},"26":{"start":{"line":36,"column":2},"end":{"line":39,"column":3}},"27":{"start":{"line":37,"column":3},"end":{"line":37,"column":50}},"28":{"start":{"line":38,"column":3},"end":{"line":38,"column":10}},"29":{"start":{"line":41,"column":19},"end":{"line":41,"column":29}},"30":{"start":{"line":43,"column":30},"end":{"line":43,"column":55}},"31":{"start":{"line":44,"column":2},"end":{"line":68,"column":3}},"32":{"start":{"line":45,"column":3},"end":{"line":48,"column":4}},"33":{"start":{"line":47,"column":4},"end":{"line":47,"column":72}},"34":{"start":{"line":53,"column":3},"end":{"line":67,"column":4}},"35":{"start":{"line":54,"column":4},"end":{"line":54,"column":52}},"36":{"start":{"line":58,"column":4},"end":{"line":58,"column":34}},"37":{"start":{"line":60,"column":4},"end":{"line":64,"column":5}},"38":{"start":{"line":61,"column":5},"end":{"line":61,"column":27}},"39":{"start":{"line":63,"column":5},"end":{"line":63,"column":55}},"40":{"start":{"line":66,"column":4},"end":{"line":66,"column":11}},"41":{"start":{"line":70,"column":22},"end":{"line":77,"column":3}},"42":{"start":{"line":79,"column":2},"end":{"line":79,"column":42}},"43":{"start":{"line":81,"column":2},"end":{"line":84,"column":3}},"44":{"start":{"line":82,"column":3},"end":{"line":82,"column":118}},"45":{"start":{"line":82,"column":62},"end":{"line":82,"column":118}},"46":{"start":{"line":83,"column":3},"end":{"line":83,"column":74}},"47":{"start":{"line":86,"column":2},"end":{"line":88,"column":3}},"48":{"start":{"line":87,"column":3},"end":{"line":87,"column":44}},"49":{"start":{"line":90,"column":2},"end":{"line":92,"column":3}},"50":{"start":{"line":91,"column":3},"end":{"line":91,"column":25}},"51":{"start":{"line":96,"column":22},"end":{"line":96,"column":58}},"52":{"start":{"line":97,"column":2},"end":{"line":117,"column":3}},"53":{"start":{"line":98,"column":3},"end":{"line":98,"column":44}},"54":{"start":{"line":100,"column":3},"end":{"line":113,"column":4}},"55":{"start":{"line":101,"column":4},"end":{"line":101,"column":33}},"56":{"start":{"line":104,"column":4},"end":{"line":104,"column":32}},"57":{"start":{"line":105,"column":4},"end":{"line":107,"column":7}},"58":{"start":{"line":106,"column":5},"end":{"line":106,"column":21}},"59":{"start":{"line":115,"column":3},"end":{"line":115,"column":45}},"60":{"start":{"line":116,"column":3},"end":{"line":116,"column":61}},"61":{"start":{"line":116,"column":22},"end":{"line":116,"column":61}},"62":{"start":{"line":121,"column":2},"end":{"line":122,"column":64}},"63":{"start":{"line":126,"column":2},"end":{"line":126,"column":88}},"64":{"start":{"line":132,"column":2},"end":{"line":146,"column":49}},"65":{"start":{"line":133,"column":3},"end":{"line":133,"column":63}},"66":{"start":{"line":133,"column":36},"end":{"line":133,"column":49}},"67":{"start":{"line":135,"column":11},"end":{"line":135,"column":32}},"68":{"start":{"line":136,"column":3},"end":{"line":145,"column":4}},"69":{"start":{"line":137,"column":4},"end":{"line":137,"column":27}},"70":{"start":{"line":138,"column":4},"end":{"line":144,"column":5}},"71":{"start":{"line":139,"column":5},"end":{"line":139,"column":27}},"72":{"start":{"line":141,"column":5},"end":{"line":141,"column":45}},"73":{"start":{"line":141,"column":20},"end":{"line":141,"colum
[...]
3,3353],"6":[0,923],"7":[347,576],"8":[158,418],"9":[3353,2687],"10":[1982,54881],"11":[1982,1804],"12":[2964,10864],"13":[12,66216],"14":[9,3],"15":[9,9],"16":[9930,56286],"17":[66216,46764],"18":[17424,48792],"19":[4925,12499],"20":[25461,6375],"21":[6914,18547],"22":[25461,9930,6919],"23":[2,6912],"24":[1,43],"25":[44,1],"26":[349,423],"27":[772,772],"28":[315,661],"29":[976,714],"30":[10818,14634],"31":[25452,14152,14102,14100],"32":[18472,7782],"33":[8081,17371],"34":[25452,25218,22253],"35":[8702,13551],"36":[13551,1819],"37":[6150,19302],"38":[25452,25218],"39":[25276,176],"40":[31612,34549],"41":[28387,3225],"42":[2,34547],"43":[34512,35],"44":[2,66159],"45":[7746,58413],"46":[6146,19130],"47":[22059,3217],"48":[4,172],"49":[176,172],"50":[44,128],"51":[5244,60917],"52":[66161,40885,12209],"53":[5244,0],"54":[1,66160],"55":[66161,60917,1,0]},"_coverageSchema":"332fd63041d2c1bcb487cc26dd0d5f7d97098a6c","hash":"c7569107c1827f049218b05789547b12e8e2115e","contentHash":"ffa410d0af3eaeba42d96b7937b0d01b_10.3.2"},"/www/BUTTERNUT/butternut/src/analysis/breaksExecution.js":{"path":"/www/BUTTERNUT/butternut/src/analysis/breaksExecution.js","statementMap":{"0":{"start":{"line":1,"column":13},"end":{"line":1,"column":58}},"1":{"start":{"line":1,"column":40},"end":{"line":1,"column":55}},"2":{"start":{"line":1,"column":70},"end":{"line":1,"column":152}},"3":{"start":{"line":1,"column":137},"end":{"line":1,"column":146}},"4":{"start":{"line":1,"column":177},"end":{"line":1,"column":276}},"5":{"start":{"line":1,"column":248},"end":{"line":1,"column":270}},"6":{"start":{"line":5,"column":1},"end":{"line":7,"column":2}},"7":{"start":{"line":6,"column":2},"end":{"line":6,"column":14}},"8":{"start":{"line":9,"column":1},"end":{"line":30,"column":2}},"9":{"start":{"line":10,"column":20},"end":{"line":10,"column":40}},"10":{"start":{"line":12,"column":2},"end":{"line":12,"column":43}},"11":{"start":{"line":12,"column":31},"end":{"line":12,"column":43}},"12":{"start":{"line":14,"column":2},"end":{"line":16,"column":3}},"13":{"start":{"line":15,"column":3},"end":{"line":15,"column":55}},"14":{"start":{"line":19,"column":2},"end":{"line":19,"column":37}},"15":{"start":{"line":19,"column":25},"end":{"line":19,"column":37}},"16":{"start":{"line":21,"column":2},"end":{"line":23,"column":3}},"17":{"start":{"line":22,"column":3},"end":{"line":22,"column":54}},"18":{"start":{"line":25,"column":2},"end":{"line":27,"column":3}},"19":{"start":{"line":26,"column":3},"end":{"line":26,"column":44}},"20":{"start":{"line":29,"column":2},"end":{"line":29,"column":14}}},"fnMap":{"0":{"name":"(anonymous_0)","decl":{"start":{"line":1,"column":36},"end":{"line":1,"column":37}},"loc":{"start":{"line":1,"column":40},"end":{"line":1,"column":55}},"line":1},"1":{"name":"(anonymous_1)","decl":{"start":{"line":1,"column":125},"end":{"line":1,"column":126}},"loc":{"start":{"line":1,"column":136},"end":{"line":1,"column":147}},"line":1},"2":{"name":"(anonymous_2)","decl":{"start":{"line":1,"column":236},"end":{"line":1,"column":237}},"loc":{"start":{"line":1,"column":247},"end":{"line":1,"column":271}},"line":1},"3":{"name":"breaksExecution","decl":{"start":{"line":4,"column":9},"end":{"line":4,"column":24}},"loc":{"start":{"line":4,"column":34},"end":{"line":31,"column":1}},"line":4}},"branchMap":{"0":{"loc":{"start":{"line":5,"column":1},"end":{"line":7,"column":2}},"type":"if","locations":[{"start":{"line":5,"column":1},"end":{"line":7,"column":2}},{"start":{"line":5,"column":1},"end":{"line":7,"column":2}}],"line":5},"1":{"loc":{"start":{"line":5,"column":6},"end":{"line":5,"column":108}},"type":"binary-expr","locations":[{"start":{"line":5,"column":6},"end":{"line":5,"column":37}},{"start":{"line":5,"column":41},"end":{"line":5,"column":71}},{"start":{"line":5,"column":75},"end":{"line":5,"column":108}}],"line":5},"2":{"loc":{"start":{"line":9,"column":1},"end":{"line":30,"column":2}},"type":"if","locations":[{"start":{"line":9,"column":1},"end":{"line":30,"column":2}},{"start":{"line":9,"column":1},"end":{"line":30,"column":2}}],"line":9},"3":{"loc":{"start":{"line":12,"column":2},"end":{"line":12,"column":43}},"type":"if","locations":[{"start":{"line":12,"column":2},"end":{"line":12,"column":43}},{"start":{"line":12,"column":2},"end":{"line":12,"column":43}}],"line":12},"4":{"loc":{"start":{"line":14,"column":2},"end":{"line":16,"column":3}},"type":"if","locations":[{"start":{"line":14,"column":2},"end":{"line":16,"column":3}},{"start":{"line":14,"column":2},"end":{"line":16,"column":3}}],"line":14},"5":{"loc":{"start":{"line":19,"column":2},"end":{"line":19,"column":37}},"type":"if","locations":[{"start":{"line":19,"column":2},"end":{"line":19,"column":37}},{"start":{"line":19,"column":2},"end":{"line":19,"column":37}}],"line":19},"6":{"loc":{"start":{"line":21,"column":2},"end":{"line":23,"column":3}},"type":"if","locations":[{"start":{"line":21,"column":2},"end":{"line":23,"column":3}},{"start":{"line":21,"column":2},"end":{"line":23,"column":3}}],"line":21},"7":{"loc":{"start":{"line":25,"column":2},"end":{"line":27,"column":3}},"type":"if","locations":[{"start":{"line":25,"column":2},"end":{"line":27,"column":3}},{"start":{"line":25,"column":2},"end":{"line":27,"column":3}}],"line":25}},"s":{"0":1,"1":5,"2":1,"3":1,"4":1,"5":1,"6":66530,"7":9930,"8":56600,"9":9380,"10":9380,"11":9183,"12":197,"13":182,"14":15,"15":14,"16":1,"17":1,"18":0,"19":0,"20":0},"f":{"0":5,"1":1,"2":1,"3":66530},"b":{"0":[9930,56600],"1":[66530,56910,56721],"2":[9380,47220],"3":[9183,197],"4":[182,15],"5":[14,1],"6":[1,0],"7":[0,0]},"_coverageSchema":"332fd63041d2c1bcb487cc26dd0d5f7d97098a6c","hash":"c7e1c6db11f558c169398542a24e68c5864dc0c5","contentHash":"552fb0b0a238de466ef5e61253fd913f_10.3.2"},"/www/BUTTERNUT/butternut/src/analysis/blockBreaksExecution.js":{"path":"/www/BUTTERNUT/butternut/src/analysis/blockBreaksExecution.js","statementMap":{"0":{"start":{"line":1,"column":13},"end":{"line":1,"column":63}},"1":{"start":{"line":1,"column":40},"end":{"line":1,"column":60}},"2":{"start":{"line":1,"column":83},"end":{"line":1,"column":172}},"3":{"start":{"line":1,"column":149},"end":{"line":1,"column":166}},"4":{"start":{"line":4,"column":9},"end":{"line":4,"column":20}},"5":{"start":{"line":5,"column":1},"end":{"line":8,"column":2}},"6":{"start":{"line":6,"column":26},"end":{"line":6,"column":52}},"7":{"start":{"line":7,"column":2},"end":{"line":7,"column":48}},"8":{"start":{"line":7,"column":25},"end":{"line":7,"column":48}},"9":{"start":{"line":10,"column":1},"end":{"line":10,"column":13}}},"fnMap":{"0":{"name":"(anonymous_0)","decl":{"start":{"line":1,"column":36},"end":{"line":1,"column":37}},"loc":{"start":{"line":1,"column":40},"end":{"line":1,"column":60}},"line":1},"1":{"name":"(anonymous_1)","decl":{"start":{"line":1,"column":137},"end":{"line":1,"column":138}},"loc":{"start":{"line":1,"column":148},"end":{"line":1,"column":167}},"line":1},"2":{"name":"blockBreaksExecution","decl":{"start":{"line":3,"column":9},"end":{"line":3,"column":29}},"loc":{"start":{"line":3,"column":39},"end":{"line":11,"column":1}},"line":3}},"branchMap":{"0":{"loc":{"start":{"line":7,"column":2},"end":{"line":7,"column":48}},"type":"if","locations":[{"start":{"line":7,"column":2},"end":{"line":7,"column":48}},{"start":{"line":7,"column":2},"end":{"line":7,"column":48}}],"line":7}},"s":{"0":1,"1":3,"2":1,"3":1,"4":183,"5":183,"6":314,"7":314,"8":5,"9":178},"f":{"0":3,"1":1,"2":183},"b":{"0":[5,309]},"_coverageSchema":"332fd63041d2c1bcb487cc26dd0d5f7d97098a6c","hash":"275717ea42bc4e37c1813fbed0e38fcec320cbf1","contentHash":"c5ca86bb9526b6d764a46c6ca1acae7c_10.3.2"},"/www/BUTTERNUT/butternut/src/program/keys.js":{"path":"/www/BUTTERNUT/butternut/src/program/keys.js","statementMap":{"0":{"start":{"line":1,"column":13},"end":{"line":4,"column":4}}},"fnMap":{},"branchMap":{},"s":{"0":1},"f":{},"b":{},"_coverageSchema":"332fd63041d2c1bcb487cc26dd0d5f7d97098a6c","hash":"79cedbb15fb2d2567e5c6987dd59c7d5d0117d43","contentHash":"626741a2c4b10fe250978ab9e97d4621_10.3.2"},"/www/BUTTERNUT/butternut/src/program/check.js":{"path":"/www/BUTTERNUT/butternut/src/program/check.js","statementMap":{"0":{"start":{"line":1,"column":13},"end":{"line":1,"column":48}},"1":{"start":{"line":1,"column":40},"end":{"line":1,"column":45}},"2":{"start":{"line":1,"column":58},"end":{"line":1,"column":120}},"3":{"start":{"line":1,"column":107},"end":{"line":1,"column":114}},"4":{"start":{"line":1,"column":131},"end":{"line":1,"column":205}},"5":{"start":{"line":1,"column":191},"end":{"line":1,"column":199}},"6":{"start":{"line":1,"column":214},"end":{"line":1,"column":281}},"7":{"start":{"line":1,"column":269},"end":{"line":1,"column":275}},"8":{"start":{"line":1,"column":293},"end":{"line":1,"column":366}},"9":{"start":{"line":1,"column":351},"end":{"line":1,"column":360}},"10":{"start":{"line":7,"column":14},"end":{"line":7,"column":36}},"11":{"start":{"line":9,"column":1},"end":{"line":42,"column":2}},"12":{"start":{"line":10,"column":2},"end":{"line":13,"column":5}},"13":{"start":{"line":15,"column":14},"end":{"line":15,"column":39}},"14":{"start":{"line":16,"column":27},"end":{"line":16,"column":34}},"15":{"start":{"line":17,"column":18},"end":{"line":17,"column":98}},"16":{"start":{"line":19,"column":19},"end":{"line":19,"column":41}},"17":{"start":{"line":20,"column":19},"end":{"line":20,"column":39}},"18":{"start":{"line":22,"column":2},"end":{"line":39,"column":3}},"19":{"start":{"line":23,"column":19},"end":{"line":23,"column":30}},"20":{"start":{"line":24,"column":3},"end":{"line":38,"column":4}},"21":{"start":{"line":25,"column":27},"end":{"line":25,"column":37}},"22":{"start":{"line":26,"column":29},"end":{"line":26,"column":39}},"23":{"start":{"line":28,"column":4},"end":{"line":28,"column":146}},"24":{"start":{"line":30,"column":4},"end":{"line":35,"column":5}},"25":{"start":{"line":31,"column":19},"end":{"line":31,"column":93}},"26":{"start":{"line":32,"column":5},"end":{"line":32,"column":36}},"27":{"start":{"line":32,"column":18},"end":{"line":32,"column":36}},"28":{"start":{"line":37,"column":4},"end":{"line":37,"column":14}},"29":{"start":{"line":41,"column":2},"end":{"line":41,"column":12}},"30":{"start":{"line":46,"column":15},"end":{"line":46,"column":35}},"31":{"start":{"line":48,"column":9},"end":{"line":48,"column":10}},"32":{"start":{"line":49,"column":1},"end":{"line":49,"column":62}},"33":{"start":{"line":49,"column":37},"end":{"line":49,"column":62}},"34":{"start":{"line":50,"column":1},"end":{"line":50,"column":13}},"35":{"start":{"line":52,"column":12},"end":{"line":52,"column":28}},"36":{"start":{"line":54,"column":1},"end":{"line":79,"column":18}},"37":{"start":{"line":55,"column":2},"end":{"line":55,"column":25}},"38":{"start":{"line":57,"column":16},"end":{"line":57,"column":52}},"39":{"start":{"line":58,"column":14},"end":{"line":63,"column":4}},"40":{"start":{"line":65,"column":19},"end":{"line":65,"column":61}},"41":{"start":{"line":67,"column":2},"end":{"line":78,"column":3}},"42":{"start":{"line":68,"column":3},"end":{"line":72,"column":6}},"43":{"start":{"line":74,"column":3},"end":{"line":77,"column":5}},"44":{"start":{"line":83,"column":1},"end":{"line":83,"column":26}},"45":{"start":{"line":83,"column":14},"end":{"line":83,"column":26}},"46":{"start":{"line":85,"column":1},"end":{"line":85,"column":35}},"47":{"start":{"line":85,"column":23},"end":{"line":85,"column":35}},"48":{"start":{"line":86,"column":1},"end":{"line":86,"column":33}},"49":{"start":{"line":86,"column":21},"end":{"line":86,"column":33}},"50":{"start":{"line":88,"column":11},"end":{"line":88,"column":28}},"51":{"start":{"line":89,"column":1},"end":{"line":107,"column":2}},"52":{"start":{"line":90,"column":14},"end":{"line":90,"column":18}},"53":{"start":{"line":92,"column":2},"end":{"line":106,"column":3}},"54":{"start":{"line":93,"column":16},"end":{"line":93,"column":25}},"55":{"start":{"line":95,"column":3},"end":{"line":102,"column":4}},"56":{"start":{"line":96,"column":4},"end":{"line":101,"column":5}},"57":{"start":{"line":97,"column":5},"end":{"line":97,"column":70}},"58":{"start":{"line":97,"column":30},"end":{"line":97,"column":70}},"59":{"start":{"line":99,"column":19},"end":{"line":99,"column":39}},"60":{"start":{"line":100,"column":5},"end":{"line":100,"column":31}},"61":{"start":{"line":100,"column":18},"end":{"line":100,"column":31}},"62":{"start":{"line":104,"column":17},"end":{"line":104,"column":39}},"63":{"start":{"line":105,"column":3},"end":{"line":105,"column":29}},"64":{"start":{"line":105,"column":16},"end":{"line":105,"column":29}},"65":{"start":{"line":109,"column":1},"end":{"line":109,"column":13}},"66":{"start":{"line":113,"column":1},"end":{"line":116,"column":2}},"67":{"start":{"line":114,"column":2},"end":{"line":114,"column":34}},"68":{"start":{"line":114,"column":22},"end":{"line":114,"column":34}},"69":{"start":{"line":115,"column":2},"end":{"line":115,"column":21}},"70":{"start":{"line":118,"column":1},"end":{"line":118,"column":20}}},"fnMap":{"0":{"name":"(anonymous_0)","decl":{"start":{"line":1,"column":36},"end":{"line":1,"column":37}},"loc":{"start":{"line":1,"column":40},"end":{"line":1,"column":45}},"line":1},"1":{"name":"(anonymous_1)","decl":{"start":{"line":1,"column":95},"end":{"line":1,"column":96}},"loc":{"start":{"line":1,"column":106},"end":{"line":1,"column":115}},"line":1},"2":{"name":"(anonymous_2)","decl":{"start":{"line":1,"column":179},"end":{"line":1,"column":180}},"loc":{"start":{"line":1,"column":190},"end":{"line":1,"column":200}},"line":1},"3":{"name":"(anonymous_3)","decl":{"start":{"line":1,"column":257},"end":{"line":1,"column":258}},"loc":{"start":{"line":1,"column":268},"end":{"line":1,"column":276}},"line":1},"4":{"name":"(anonymous_4)","decl":{"start":{"line":1,"column":339},"end":{"line":1,"column":340}},"loc":{"start":{"line":1,"column":350},"end":{"line":1,"column":361}},"line":1},"5":{"name":"check","decl":{"start":{"line":6,"column":9},"end":{"line":6,"column":14}},"loc":{"start":{"line":6,"column":36},"end":{"line":43,"column":1}},"line":6},"6":{"name":"createRepro","decl":{"start":{"line":45,"column":9},"end":{"line":45,"column":20}},"loc":{"start":{"line":45,"column":51},"end":{"line":80,"column":1}},"line":45},"7":{"name":"zoomIn","decl":{"start":{"line":82,"column":9},"end":{"line":82,"column":15}},"loc":{"start":{"line":82,"column":28},"end":{"line":110,"column":1}},"line":82},"8":{"name":"zoomOut","decl":{"start":{"line":112,"column":9},"end":{"line":112,"column":16}},"loc":{"start":{"line":112,"column":26},"end":{"line":119,"column":1}},"line":112}},"branchMap":{"0":{"loc":{"start":{"line":24,"column":3},"end":{"line":38,"column":4}},"type":"if","locations":[{"start":{"line":24,"column":3},"end":{"line":38,"column":4}},{"start":{"line":24,"column":3},"end":{"line":38,"column":4}}],"line":24},"1":{"loc":{"start":{"line":32,"column":5},"end":{"line":32,"column":36}},"type":"if","locations":[{"start":{"line":32,"column":5},"end":{"line":32,"column":36}},{"start":{"line":32,"column":5},"end":{"line":32,"column":36}}],"line":32},"2":{"loc":{"start":{"line":83,"column":1},"end":{"line":83,"column":26}},"type":"if","locations":[{"start":{"line":83,"column":1},"end":{"line":83,"column":26}},{"start":{"line":83,"column":1},"end":{"line":83,"column":26}}],"line":83},"3":{"loc":{"start":{"line":85,"column":1},"end":{"line":85,"column":35}},"type":"if","locations":[{"start":{"line":85,"column":1},"end":{"line":85,"column":35}},{"start":{"line":85,"column":1},"end":{"line":85,"column":35}}],"line":85},"4":{"loc":{"start":{"line":86,"column":1},"end":{"line":86,"column":33}},"type":"if","locations":[{"start":{"line":86,"column":1},"end":{"line":86,"column":33}},{"start":{"line":86,"column":1},"end":{"line":86,"column":33}}],"line":86},"5":{"loc":{"start":{"line":92,"column":2},"end":{"line":106,"column":3}},"type":"if","locations":[{"start":{"line":92,"column":2},"end":{"line":106,"column":3}},{"start":{"line":92,"column":2},"end":{"line":106,"column":3}}],"line":92},"6":{"loc":{"start":{"line":96,"column":4},"end":{"line":101,"column":5}},"type":"if","locations":[{"start":{"line":96,"column":4},"end":{"line":101,"column":5}},{"start":{"line":96,"column":4},"end":{"line":101,"column":5}}],"line":96},"7":{"loc":{"start":{"line":97,"column":5},"end":{"line":97,"column":70}},"type":"if","locations":[{"start":{"line":97,"column":5},"end":{"line":97,"column":70}},{"start":{"line":97,"column":5},"end":{"line":97,"column":70}}],"line":97},"8":{"loc":{"start":{"line":100,"column":5},"end":{"line":100,"column":31}},"type":"if","locations":[{"start":{"line":100,"column":5},"end":{"line":100,"column":31}},{"start":{"line":100,"column":5},"end":{"line":100,"column":31}}],"line":100},"9":{"loc":{"start":{"line":105,"column":3},"end":{"line":105,"column":29}},"type":"if","locations":[{"start":{"line":105,"column":3},"end":{"line":105,"column":29}},{"start":{"line":105,"column":3},"end":{"line":105,"column":29}}],"line":105},"10":{"loc":{"start":{"line":114,"column":2},"end":{"line":114,"column":34}},"type":"if","locations":[{"start":{"line":114,"column":2},"end":{"line":114,"column":34}},{"start":{"line":114,"column":2},"end":{"line":114,"column":34}}],"line":114}},"s":{"0":1,"1":6,"2":1,"3":1,"4":1,"5":1,"6":1,"7":1,"8":1,"9":1,"10":20,"11":20,"12":20,"13":0,"14":0,"15":0,"16":0,"17":0,"18":0,"19":0,"20":0,"21":0,"22":0,"23":0,"24":0,"25":0,"26":0,"27":0,"28":0,"29":0,"30":0,"31":0,"32":0,"33":0,"34":0,"35":0,"36":0,"37":0,"38":0,"39":0,"40":0,"41":0,"42":0,"43":0,"44":0,"45":0,"46":0,"47":0,"48":0,"49":0,"50":0,"51":0,"52":0,"53":0,"54":0,"55":0,"56":0,"57":0,"58":0,"59":0,"60":0,"61":0,"62":0,"63":0,"64":0,"65":0,"66":0,"67":0,"68":0,"69":0,"70":0},"f":{"0":6,"1":1,"2":1,"3":1,"4":1,"5":20,"6":0,"7":0,"8":0},"b":{"0":[0,0],"1":[0,0],"2":[0,0],"3":[0,0],"4":[0,0],"5":[0,0],"6":[0,0],"7":[0,0],"8":[0,0],"9":[0,0],"10":[0,0]},"_coverageSchema":"332fd63041d2c1bcb487cc26dd0d5f7d97098a6c","hash":"1ba229f8ee1067cd10440e15e80cb48982da9d7f","contentHash":"4d963292c714d4563c79dc031102aea6_10.3.2"},"/www/BUTTERNUT/butternut/src/utils/Stats.js":{"path":"/www/BUTTERNUT/butternut/src/utils/Stats.js","statementMap":{"0":{"start":{"line":1,"column":13},"end":{"line":1,"column":48}},"1":{"start":{"line":1,"column":40},"end":{"line":1,"column":45}},"2":{"start":{"line":3,"column":2},"end":{"line":5,"column":5}},"3":{"start":{"line":9,"column":2},"end":{"line":9,"column":46}},"4":{"start":{"line":13,"column":18},"end":{"line":13,"column":60}},"5":{"start":{"line":15,"column":2},"end":{"line":15,"column":42}},"6":{"start":{"line":15,"column":24},"end":{"line":15,"column":42}},"7":{"start":{"line":16,"column":2},"end":{"line":16,"column":56}}},"fnMap":{"0":{"name":"(anonymous_0)","decl":{"start":{"line":1,"column":36},"end":{"line":1,"column":37}},"loc":{"start":{"line":1,"column":40},"end":{"line":1,"column":45}},"line":1},"1":{"name":"(anonymous_1)","decl":{"start":{"line":2,"column":1},"end":{"line":2,"column":2}},"loc":{"start":{"line":2,"column":16},"end":{"line":6,"column":2}},"line":2},"2":{"name":"(anonymous_2)","decl":{"start":{"line":8,"column":1},"end":{"line":8,"column":2}},"loc":{"start":{"line":8,"column":16},"end":{"line":10,"column":2}},"line":8},"3":{"name":"(anonymous_3)","decl":{"start":{"line":12,"column":1},"end":{"line":12,"column":2}},"loc":{"start":{"line":12,"column":19},"end":{"line":17,"column":2}},"line":12}},"branchMap":{"0":{"loc":{"start":{"line":15,"column":2},"end":{"line":15,"column":42}},"type":"if","locations":[{"start":{"line":15,"column":2},"end":{"line":15,"column":42}},{"start":{"line":15,"column":2},"end":{"line":15,"column":42}}],"line":15}},"s":{"0":1,"1":2,"2":234,"3":1638,"4":1638,"5":1638,"6":1638,"7":1638},"f":{"0":2,"1":234,"2":1638,"3":1638},"b":{"0":[1638,0]},"_coverageSchema":"332fd63041d2c1bcb487cc26dd0d5f7d97098a6c","hash":"986368e7213a86b975230d75398fb74735f19fc7","contentHash":"e7ea2e6628f1701e369738ca174a24dc_10.3.2"}}